Using pre-set license
Built from '2022.3/china_unity/release' branch; Version is '2022.3.13f1c1 (d214d547af8b) revision 13767893'; Using compiler version '192829333'; Build Type 'Release'
OS: 'Windows 11  (10.0.22621) 64bit Professional' Language: 'en' Physical Memory: 261755 MB
BatchMode: 1, IsHumanControllingUs: 0, StartBugReporterOnCrash: 0, Is64bit: 1, IsPro: 1

COMMAND LINE ARGUMENTS:
C:\Program Files\Unity\Hub\Editor\2022.3.13f1c1\Editor\Unity.exe
-adb2
-batchMode
-noUpm
-name
AssetImportWorker7
-projectPath
D:/Zhiyongs/#XR/XR_template/XR_template
-logFile
Logs/AssetImportWorker7.log
-srvPort
65432
Successfully changed project path to: D:/Zhiyongs/#XR/XR_template/XR_template
D:/Zhiyongs/#XR/XR_template/XR_template
[UnityMemory] Configuration Parameters - Can be set up in boot.config
    "memorysetup-bucket-allocator-granularity=16"
    "memorysetup-bucket-allocator-bucket-count=8"
    "memorysetup-bucket-allocator-block-size=33554432"
    "memorysetup-bucket-allocator-block-count=8"
    "memorysetup-main-allocator-block-size=16777216"
    "memorysetup-thread-allocator-block-size=16777216"
    "memorysetup-gfx-main-allocator-block-size=16777216"
    "memorysetup-gfx-thread-allocator-block-size=16777216"
    "memorysetup-cache-allocator-block-size=4194304"
    "memorysetup-typetree-allocator-block-size=2097152"
    "memorysetup-profiler-bucket-allocator-granularity=16"
    "memorysetup-profiler-bucket-allocator-bucket-count=8"
    "memorysetup-profiler-bucket-allocator-block-size=33554432"
    "memorysetup-profiler-bucket-allocator-block-count=8"
    "memorysetup-profiler-allocator-block-size=16777216"
    "memorysetup-profiler-editor-allocator-block-size=1048576"
    "memorysetup-temp-allocator-size-main=16777216"
    "memorysetup-job-temp-allocator-block-size=2097152"
    "memorysetup-job-temp-allocator-block-size-background=1048576"
    "memorysetup-job-temp-allocator-reduction-small-platforms=262144"
    "memorysetup-allocator-temp-initial-block-size-main=262144"
    "memorysetup-allocator-temp-initial-block-size-worker=262144"
    "memorysetup-temp-allocator-size-background-worker=32768"
    "memorysetup-temp-allocator-size-job-worker=262144"
    "memorysetup-temp-allocator-size-preload-manager=33554432"
    "memorysetup-temp-allocator-size-nav-mesh-worker=65536"
    "memorysetup-temp-allocator-size-audio-worker=65536"
    "memorysetup-temp-allocator-size-cloud-worker=32768"
    "memorysetup-temp-allocator-size-gi-baking-worker=262144"
    "memorysetup-temp-allocator-size-gfx=262144"
Player connection [25428] Host "[IP] 169.254.3.1 [Port] 0 [Flags] 2 [Guid] 3554301573 [EditorId] 3554301573 [Version] 1048832 [Id] WindowsEditor(7,DESKTOP-AF19EFT) [Debug] 1 [PackageName] WindowsEditor [ProjectName] Editor" joined multi-casting on [225.0.0.222:54997]...

Player connection [25428] Host "[IP] 169.254.3.1 [Port] 0 [Flags] 2 [Guid] 3554301573 [EditorId] 3554301573 [Version] 1048832 [Id] WindowsEditor(7,DESKTOP-AF19EFT) [Debug] 1 [PackageName] WindowsEditor [ProjectName] Editor" joined alternative multi-casting on [225.0.0.222:34997]...

[Physics::Module] Initialized MultithreadedJobDispatcher with 31 workers.
Refreshing native plugins compatible for Editor in 55.25 ms, found 17 plugins.
Preloading 0 native plugins for Editor in 0.00 ms.
Initialize engine version: 2022.3.13f1c1 (d214d547af8b)
[Subsystems] Discovering subsystems at path C:/Program Files/Unity/Hub/Editor/2022.3.13f1c1/Editor/Data/Resources/UnitySubsystems
[Subsystems] Discovering subsystems at path D:/Zhiyongs/#XR/XR_template/XR_template/Assets
GfxDevice: creating device client; threaded=0; jobified=0
Direct3D:
    Version:  Direct3D 11.0 [level 11.1]
    Renderer: NVIDIA GeForce RTX 4090 (ID=0x2684)
    Vendor:   NVIDIA
    VRAM:     24156 MB
    Driver:   31.0.15.3713
Initialize mono
Mono path[0] = 'C:/Program Files/Unity/Hub/Editor/2022.3.13f1c1/Editor/Data/Managed'
Mono path[1] = 'C:/Program Files/Unity/Hub/Editor/2022.3.13f1c1/Editor/Data/MonoBleedingEdge/lib/mono/unityjit-win32'
Mono config path = 'C:/Program Files/Unity/Hub/Editor/2022.3.13f1c1/Editor/Data/MonoBleedingEdge/etc'
Using monoOptions --debugger-agent=transport=dt_socket,embedding=1,server=y,suspend=n,address=127.0.0.1:56360
Begin MonoManager ReloadAssembly
Registering precompiled unity dll's ...
Register platform support module: C:/Program Files/Unity/Hub/Editor/2022.3.13f1c1/Editor/Data/PlaybackEngines/WebGLSupport/UnityEditor.WebGL.Extensions.dll
Register platform support module: C:/Program Files/Unity/Hub/Editor/2022.3.13f1c1/Editor/Data/PlaybackEngines/WindowsStandaloneSupport/UnityEditor.WindowsStandalone.Extensions.dll
Register platform support module: C:/Program Files/Unity/Hub/Editor/2022.3.13f1c1/Editor/Data/PlaybackEngines/MetroSupport/UnityEditor.UWP.Extensions.dll
Registered in 0.018975 seconds.
- Loaded All Assemblies, in  0.613 seconds
Native extension for UWP target not found
Native extension for WindowsStandalone target not found
Native extension for WebGL target not found
Mono: successfully reloaded assembly
- Finished resetting the current domain, in  0.350 seconds
Domain Reload Profiling: 960ms
	BeginReloadAssembly (218ms)
		ExecutionOrderSort (0ms)
		DisableScriptedObjects (0ms)
		BackupInstance (0ms)
		ReleaseScriptingObjects (0ms)
		CreateAndSetChildDomain (2ms)
	RebuildCommonClasses (70ms)
	RebuildNativeTypeToScriptingClass (11ms)
	initialDomainReloadingComplete (81ms)
	LoadAllAssembliesAndSetupDomain (229ms)
		LoadAssemblies (209ms)
		RebuildTransferFunctionScriptingTraits (0ms)
		AnalyzeDomain (226ms)
			TypeCache.Refresh (224ms)
				TypeCache.ScanAssembly (197ms)
			ScanForSourceGeneratedMonoScriptInfo (1ms)
			ResolveRequiredComponents (1ms)
	FinalizeReload (351ms)
		ReleaseScriptCaches (0ms)
		RebuildScriptCaches (0ms)
		SetupLoadedEditorAssemblies (278ms)
			LogAssemblyErrors (0ms)
			InitializePlatformSupportModulesInManaged (12ms)
			SetLoadedEditorAssemblies (6ms)
			RefreshPlugins (0ms)
			BeforeProcessingInitializeOnLoad (5ms)
			ProcessInitializeOnLoadAttributes (192ms)
			ProcessInitializeOnLoadMethodAttributes (64ms)
			AfterProcessingInitializeOnLoad (0ms)
			EditorAssembliesLoaded (0ms)
		ExecutionOrderSort2 (0ms)
		AwakeInstancesAfterBackupRestoration (0ms)
========================================================================
Worker process is ready to serve import requests
Begin MonoManager ReloadAssembly
- Loaded All Assemblies, in  2.094 seconds
Refreshing native plugins compatible for Editor in 23.52 ms, found 17 plugins.
Native extension for UWP target not found
Native extension for WindowsStandalone target not found
Native extension for WebGL target not found
Package Manager log level set to [2]
[Package Manager] Server::EnsureServerProcessIsRunning -- launch failed, reason: Unity was launched with the -noUpm command-line argument
[Package Manager] UpmClient::Send -- Unable to send message (not connected to UPM process).
[Package Manager] Cannot connect to Unity Package Manager local server
[Package Manager] Server::EnsureServerProcessIsRunning -- launch failed, reason: Unity was launched with the -noUpm command-line argument
[Package Manager] UpmClient::Send -- Unable to send message (not connected to UPM process).
[Package Manager] Cannot connect to Unity Package Manager local server
Mono: successfully reloaded assembly
[Package Manager] Server::EnsureServerProcessIsRunning -- launch failed, reason: Unity was launched with the -noUpm command-line argument
[Package Manager] UpmClient::Send -- Unable to send message (not connected to UPM process).
[Package Manager] Cannot connect to Unity Package Manager local server
[Package Manager] Server::EnsureServerProcessIsRunning -- launch failed, reason: Unity was launched with the -noUpm command-line argument
[Package Manager] UpmClient::Send -- Unable to send message (not connected to UPM process).
[Package Manager] Cannot connect to Unity Package Manager local server
- Finished resetting the current domain, in  1.096 seconds
Domain Reload Profiling: 2756ms
	BeginReloadAssembly (159ms)
		ExecutionOrderSort (0ms)
		DisableScriptedObjects (5ms)
		BackupInstance (0ms)
		ReleaseScriptingObjects (0ms)
		CreateAndSetChildDomain (26ms)
	RebuildCommonClasses (32ms)
	RebuildNativeTypeToScriptingClass (18ms)
	initialDomainReloadingComplete (67ms)
	LoadAllAssembliesAndSetupDomain (1383ms)
		LoadAssemblies (1041ms)
		RebuildTransferFunctionScriptingTraits (0ms)
		AnalyzeDomain (428ms)
			TypeCache.Refresh (346ms)
				TypeCache.ScanAssembly (297ms)
			ScanForSourceGeneratedMonoScriptInfo (62ms)
			ResolveRequiredComponents (18ms)
	FinalizeReload (1097ms)
		ReleaseScriptCaches (0ms)
		RebuildScriptCaches (0ms)
		SetupLoadedEditorAssemblies (898ms)
			LogAssemblyErrors (0ms)
			InitializePlatformSupportModulesInManaged (8ms)
			SetLoadedEditorAssemblies (6ms)
			RefreshPlugins (0ms)
			BeforeProcessingInitializeOnLoad (118ms)
			ProcessInitializeOnLoadAttributes (653ms)
			ProcessInitializeOnLoadMethodAttributes (99ms)
			AfterProcessingInitializeOnLoad (15ms)
			EditorAssembliesLoaded (0ms)
		ExecutionOrderSort2 (0ms)
		AwakeInstancesAfterBackupRestoration (8ms)
Launched and connected shader compiler UnityShaderCompiler.exe after 0.10 seconds
Refreshing native plugins compatible for Editor in 28.42 ms, found 17 plugins.
Preloading 0 native plugins for Editor in 0.00 ms.
Unloading 5567 Unused Serialized files (Serialized files now loaded: 0)
Unloading 108 unused Assets / (1.3 MB). Loaded Objects now: 6026.
Memory consumption went from 194.6 MB to 193.3 MB.
Total: 5.589200 ms (FindLiveObjects: 0.424100 ms CreateObjectMapping: 0.242700 ms MarkObjects: 4.202700 ms  DeleteObjects: 0.718700 ms)

AssetImportParameters requested are different than current active one (requested -> active):
  custom:container-demuxer-ogg: 62fdf1f143b41e24485cea50d1cbac27 -> 
  custom:video-codec-MediaFoundation-h265: 746d11721c4dcdbdad8f713fa42b33f4 -> 
  custom:video-decoder-ogg-theora: a1e56fd34408186e4bbccfd4996cb3dc -> 
  custom:framework-win-MediaFoundation: 216162199b28c13a410421893ffa2e32 -> 
  custom:CustomObjectIndexerAttribute: 756ad292c208cfabdd7b50bc23989ffe -> 
  custom:container-demuxer-webm: 4f35f7cbe854078d1ac9338744f61a02 -> 
  custom:container-muxer-webm: aa71ff27fc2769a1b78a27578f13a17b -> 
  custom:video-decoder-webm-vp8: 9c59270c3fd7afecdb556c50c9e8de78 -> 
  custom:SearchIndexIgnoredProperties: e643bd26f0fe6173181afceb89e7c659 -> 
  custom:AudioImporter_EditorPlatform: d09bf68614088b80899f8185d706f6e7 -> 
  custom:video-encoder-webm-vp8: eb34c28f22e8b96e1ab97ce403110664 -> 
  custom:audio-decoder-ogg-vorbis: bf7c407c2cedff20999df2af8eb42d56 -> 
  custom:audio-encoder-webm-vorbis: bf7c407c2cedff20999df2af8eb42d56 -> 
========================================================================
Received Prepare
Begin MonoManager ReloadAssembly
- Loaded All Assemblies, in  0.572 seconds
Refreshing native plugins compatible for Editor in 19.66 ms, found 17 plugins.
Native extension for UWP target not found
Native extension for WindowsStandalone target not found
Native extension for WebGL target not found
[Package Manager] Server::EnsureServerProcessIsRunning -- launch failed, reason: Unity was launched with the -noUpm command-line argument
[Package Manager] UpmClient::Send -- Unable to send message (not connected to UPM process).
[Package Manager] Cannot connect to Unity Package Manager local server
[Package Manager] Server::EnsureServerProcessIsRunning -- launch failed, reason: Unity was launched with the -noUpm command-line argument
[Package Manager] UpmClient::Send -- Unable to send message (not connected to UPM process).
[Package Manager] Cannot connect to Unity Package Manager local server
Mono: successfully reloaded assembly
[Package Manager] Server::EnsureServerProcessIsRunning -- launch failed, reason: Unity was launched with the -noUpm command-line argument
[Package Manager] UpmClient::Send -- Unable to send message (not connected to UPM process).
[Package Manager] Cannot connect to Unity Package Manager local server
- Finished resetting the current domain, in  1.315 seconds
Domain Reload Profiling: 1878ms
	BeginReloadAssembly (191ms)
		ExecutionOrderSort (0ms)
		DisableScriptedObjects (7ms)
		BackupInstance (0ms)
		ReleaseScriptingObjects (0ms)
		CreateAndSetChildDomain (46ms)
	RebuildCommonClasses (32ms)
	RebuildNativeTypeToScriptingClass (13ms)
	initialDomainReloadingComplete (35ms)
	LoadAllAssembliesAndSetupDomain (292ms)
		LoadAssemblies (360ms)
		RebuildTransferFunctionScriptingTraits (0ms)
		AnalyzeDomain (23ms)
			TypeCache.Refresh (8ms)
				TypeCache.ScanAssembly (0ms)
			ScanForSourceGeneratedMonoScriptInfo (0ms)
			ResolveRequiredComponents (13ms)
	FinalizeReload (1315ms)
		ReleaseScriptCaches (0ms)
		RebuildScriptCaches (0ms)
		SetupLoadedEditorAssemblies (692ms)
			LogAssemblyErrors (0ms)
			InitializePlatformSupportModulesInManaged (8ms)
			SetLoadedEditorAssemblies (7ms)
			RefreshPlugins (0ms)
			BeforeProcessingInitializeOnLoad (106ms)
			ProcessInitializeOnLoadAttributes (503ms)
			ProcessInitializeOnLoadMethodAttributes (55ms)
			AfterProcessingInitializeOnLoad (12ms)
			EditorAssembliesLoaded (1ms)
		ExecutionOrderSort2 (0ms)
		AwakeInstancesAfterBackupRestoration (9ms)
Refreshing native plugins compatible for Editor in 20.67 ms, found 17 plugins.
Preloading 0 native plugins for Editor in 0.00 ms.
Unloading 5501 Unused Serialized files (Serialized files now loaded: 0)
Unloading 79 unused Assets / (1.3 MB). Loaded Objects now: 6030.
Memory consumption went from 185.3 MB to 184.0 MB.
Total: 4.943800 ms (FindLiveObjects: 0.425400 ms CreateObjectMapping: 0.239600 ms MarkObjects: 3.631400 ms  DeleteObjects: 0.646300 ms)

Prepare: number of updated asset objects reloaded= 0
AssetImportParameters requested are different than current active one (requested -> active):
  custom:container-demuxer-ogg: 62fdf1f143b41e24485cea50d1cbac27 -> 
  custom:video-codec-MediaFoundation-h265: 746d11721c4dcdbdad8f713fa42b33f4 -> 
  custom:video-decoder-ogg-theora: a1e56fd34408186e4bbccfd4996cb3dc -> 
  custom:framework-win-MediaFoundation: 216162199b28c13a410421893ffa2e32 -> 
  custom:CustomObjectIndexerAttribute: 756ad292c208cfabdd7b50bc23989ffe -> 
  custom:container-demuxer-webm: 4f35f7cbe854078d1ac9338744f61a02 -> 
  custom:container-muxer-webm: aa71ff27fc2769a1b78a27578f13a17b -> 
  custom:video-decoder-webm-vp8: 9c59270c3fd7afecdb556c50c9e8de78 -> 
  custom:SearchIndexIgnoredProperties: e643bd26f0fe6173181afceb89e7c659 -> 
  custom:AudioImporter_EditorPlatform: d09bf68614088b80899f8185d706f6e7 -> 
  custom:video-encoder-webm-vp8: eb34c28f22e8b96e1ab97ce403110664 -> 
  custom:audio-decoder-ogg-vorbis: bf7c407c2cedff20999df2af8eb42d56 -> 
  custom:audio-encoder-webm-vorbis: bf7c407c2cedff20999df2af8eb42d56 -> 
========================================================================
Received Import Request.
  Time since last request: 189294.127031 seconds.
  path: Packages/org.mixedrealitytoolkit.input/Assets/Input Actions/MRTK Default Right Controller.preset
  artifactKey: Guid(e26c71481fdee9341b4c3967ba0338a4) Importer(815301076,1909f56bfc062723c751e8b465ee728b)
Start importing Packages/org.mixedrealitytoolkit.input/Assets/Input Actions/MRTK Default Right Controller.preset using Guid(e26c71481fdee9341b4c3967ba0338a4) Importer(815301076,1909f56bfc062723c751e8b465ee728b)  -> (artifact id: 'b5f0fa5d644a8e569ba9fbf677bc1aac') in 0.034315 seconds
Number of updated asset objects reloaded before import = 0
Number of asset objects unloaded after import = 11
========================================================================
Received Import Request.
  Time since last request: 0.000019 seconds.
  path: Packages/org.mixedrealitytoolkit.input/Assets/Prefabs/MRTK Gaze Controller.prefab
  artifactKey: Guid(6f3af2a8508960843b36fb9d64de2bc2) Importer(815301076,1909f56bfc062723c751e8b465ee728b)
Start importing Packages/org.mixedrealitytoolkit.input/Assets/Prefabs/MRTK Gaze Controller.prefab using Guid(6f3af2a8508960843b36fb9d64de2bc2) Importer(815301076,1909f56bfc062723c751e8b465ee728b)  -> (artifact id: 'b398690f829c704b914706aa16943c74') in 0.037930 seconds
Number of updated asset objects reloaded before import = 0
Number of asset objects unloaded after import = 16
========================================================================
Received Import Request.
  Time since last request: 0.050733 seconds.
  path: Packages/org.mixedrealitytoolkit.accessibility/Editor/MRTK.Accessibility.Editor.asmdef
  artifactKey: Guid(90a10a27216dca74faf88212208af4dd) Importer(815301076,1909f56bfc062723c751e8b465ee728b)
Start importing Packages/org.mixedrealitytoolkit.accessibility/Editor/MRTK.Accessibility.Editor.asmdef using Guid(90a10a27216dca74faf88212208af4dd) Importer(815301076,1909f56bfc062723c751e8b465ee728b)  -> (artifact id: '9122b61e4e816f56cfe497d9b59522ab') in 0.000633 seconds
Number of updated asset objects reloaded before import = 0
Number of asset objects unloaded after import = 0
========================================================================
Received Import Request.
  Time since last request: 0.000016 seconds.
  path: Packages/org.mixedrealitytoolkit.audio/MRTK.Audio.asmdef
  artifactKey: Guid(92d5f0fa22a932e4f9918ff412e6b836) Importer(815301076,1909f56bfc062723c751e8b465ee728b)
Start importing Packages/org.mixedrealitytoolkit.audio/MRTK.Audio.asmdef using Guid(92d5f0fa22a932e4f9918ff412e6b836) Importer(815301076,1909f56bfc062723c751e8b465ee728b)  -> (artifact id: 'b707a58c11a31236336bbe8bb10af7ec') in 0.000570 seconds
Number of updated asset objects reloaded before import = 0
Number of asset objects unloaded after import = 0
========================================================================
Received Import Request.
  Time since last request: 0.000070 seconds.
  path: Packages/org.mixedrealitytoolkit.core/Editor/MRTK.Core.Editor.asmdef
  artifactKey: Guid(1712c250045dc734ba8993abefec8428) Importer(815301076,1909f56bfc062723c751e8b465ee728b)
Start importing Packages/org.mixedrealitytoolkit.core/Editor/MRTK.Core.Editor.asmdef using Guid(1712c250045dc734ba8993abefec8428) Importer(815301076,1909f56bfc062723c751e8b465ee728b)  -> (artifact id: '64f8ad262ea4f9ec895918b677044e7a') in 0.000492 seconds
Number of updated asset objects reloaded before import = 0
Number of asset objects unloaded after import = 0
========================================================================
Received Import Request.
  Time since last request: 0.000090 seconds.
  path: Packages/org.mixedrealitytoolkit.core/Tests/Editor/MRTK.Core.EditorTests.asmdef
  artifactKey: Guid(57d8ffe34373bd049a08875aa3fc99ff) Importer(815301076,1909f56bfc062723c751e8b465ee728b)
Start importing Packages/org.mixedrealitytoolkit.core/Tests/Editor/MRTK.Core.EditorTests.asmdef using Guid(57d8ffe34373bd049a08875aa3fc99ff) Importer(815301076,1909f56bfc062723c751e8b465ee728b)  -> (artifact id: '9efe4724b7e5dee61e28eb78403fe1e6') in 0.000466 seconds
Number of updated asset objects reloaded before import = 0
Number of asset objects unloaded after import = 0
========================================================================
Received Import Request.
  Time since last request: 0.000109 seconds.
  path: Packages/org.mixedrealitytoolkit.diagnostics/Tests/Editor/MRTK.Diagnostics.EditorTests.asmdef
  artifactKey: Guid(ac712ca09ca17c64e828da514fd86932) Importer(815301076,1909f56bfc062723c751e8b465ee728b)
Start importing Packages/org.mixedrealitytoolkit.diagnostics/Tests/Editor/MRTK.Diagnostics.EditorTests.asmdef using Guid(ac712ca09ca17c64e828da514fd86932) Importer(815301076,1909f56bfc062723c751e8b465ee728b)  -> (artifact id: '2110ec889e7be5f2b56a2340fa7e5cbe') in 0.000634 seconds
Number of updated asset objects reloaded before import = 0
Number of asset objects unloaded after import = 0
========================================================================
Received Import Request.
  Time since last request: 0.008544 seconds.
  path: Packages/org.mixedrealitytoolkit.extendedassets/Tests/Editor/MRTK.ExtendedAssets.EditorTests.asmdef
  artifactKey: Guid(e2ead080acc575849ba890a32ba1e9c8) Importer(815301076,1909f56bfc062723c751e8b465ee728b)
Start importing Packages/org.mixedrealitytoolkit.extendedassets/Tests/Editor/MRTK.ExtendedAssets.EditorTests.asmdef using Guid(e2ead080acc575849ba890a32ba1e9c8) Importer(815301076,1909f56bfc062723c751e8b465ee728b)  -> (artifact id: 'bc41b78e4cbb78329640899f21c4e758') in 0.000669 seconds
Number of updated asset objects reloaded before import = 0
Number of asset objects unloaded after import = 0
========================================================================
Received Import Request.
  Time since last request: 0.000081 seconds.
  path: Packages/org.mixedrealitytoolkit.input/Tests/Editor/MRTK.Input.EditorTests.asmdef
  artifactKey: Guid(19747378e6ce0bb4ea1dd2e0fc5ca8e9) Importer(815301076,1909f56bfc062723c751e8b465ee728b)
Start importing Packages/org.mixedrealitytoolkit.input/Tests/Editor/MRTK.Input.EditorTests.asmdef using Guid(19747378e6ce0bb4ea1dd2e0fc5ca8e9) Importer(815301076,1909f56bfc062723c751e8b465ee728b)  -> (artifact id: 'dfd61d50af739e1642f69385dbb65435') in 0.000616 seconds
Number of updated asset objects reloaded before import = 0
Number of asset objects unloaded after import = 0
========================================================================
Received Import Request.
  Time since last request: 0.000079 seconds.
  path: Packages/org.mixedrealitytoolkit.spatialmanipulation/Tests/Editor/MRTK.SpatialManipulation.EditorTests.asmdef
  artifactKey: Guid(eee33ca7480b3394f9835db53c7b41b7) Importer(815301076,1909f56bfc062723c751e8b465ee728b)
Start importing Packages/org.mixedrealitytoolkit.spatialmanipulation/Tests/Editor/MRTK.SpatialManipulation.EditorTests.asmdef using Guid(eee33ca7480b3394f9835db53c7b41b7) Importer(815301076,1909f56bfc062723c751e8b465ee728b)  -> (artifact id: '3d4c228c8327f602559f8c95e9c0b134') in 0.000851 seconds
Number of updated asset objects reloaded before import = 0
Number of asset objects unloaded after import = 0
========================================================================
Received Import Request.
  Time since last request: 0.006334 seconds.
  path: Packages/org.mixedrealitytoolkit.windowsspeech/MRTK.Speech.Windows.asmdef
  artifactKey: Guid(9c03a1b3ee9b18b4ba7c7360a76f548d) Importer(815301076,1909f56bfc062723c751e8b465ee728b)
Start importing Packages/org.mixedrealitytoolkit.windowsspeech/MRTK.Speech.Windows.asmdef using Guid(9c03a1b3ee9b18b4ba7c7360a76f548d) Importer(815301076,1909f56bfc062723c751e8b465ee728b)  -> (artifact id: '228552e89585050af51f2f59e26dab74') in 0.000895 seconds
Number of updated asset objects reloaded before import = 0
Number of asset objects unloaded after import = 0
========================================================================
Received Import Request.
  Time since last request: 0.000099 seconds.
  path: Packages/org.mixedrealitytoolkit.input/Tests/Runtime/MRTK.Input.RuntimeTests.asmdef
  artifactKey: Guid(52f6dd5f8830c3542a2021757ad10090) Importer(815301076,1909f56bfc062723c751e8b465ee728b)
Start importing Packages/org.mixedrealitytoolkit.input/Tests/Runtime/MRTK.Input.RuntimeTests.asmdef using Guid(52f6dd5f8830c3542a2021757ad10090) Importer(815301076,1909f56bfc062723c751e8b465ee728b)  -> (artifact id: '67d08cbc44d75d465c9e1ed903722183') in 0.000672 seconds
Number of updated asset objects reloaded before import = 0
Number of asset objects unloaded after import = 0
========================================================================
Received Import Request.
  Time since last request: 0.000032 seconds.
  path: Packages/org.mixedrealitytoolkit.input/Editor/MRTK.Input.Editor.asmdef
  artifactKey: Guid(23b204cab2c91ad4580252a5012b667c) Importer(815301076,1909f56bfc062723c751e8b465ee728b)
Start importing Packages/org.mixedrealitytoolkit.input/Editor/MRTK.Input.Editor.asmdef using Guid(23b204cab2c91ad4580252a5012b667c) Importer(815301076,1909f56bfc062723c751e8b465ee728b)  -> (artifact id: '09e8a182d99152c9861ff9b84b00003a') in 0.000547 seconds
Number of updated asset objects reloaded before import = 0
Number of asset objects unloaded after import = 0
========================================================================
Received Import Request.
  Time since last request: 0.000278 seconds.
  path: Packages/org.mixedrealitytoolkit.tools/Tests/Editor/MRTK.Tools.EditorTests.asmdef
  artifactKey: Guid(fd44ed5dd500f0945beaac6aea63d901) Importer(815301076,1909f56bfc062723c751e8b465ee728b)
Start importing Packages/org.mixedrealitytoolkit.tools/Tests/Editor/MRTK.Tools.EditorTests.asmdef using Guid(fd44ed5dd500f0945beaac6aea63d901) Importer(815301076,1909f56bfc062723c751e8b465ee728b)  -> (artifact id: 'fc18d321cc7607a2faebdf334d264f27') in 0.000504 seconds
Number of updated asset objects reloaded before import = 0
Number of asset objects unloaded after import = 0
========================================================================
Received Import Request.
  Time since last request: 0.000058 seconds.
  path: Packages/org.mixedrealitytoolkit.uxcomponents.noncanvas/Tests/Editor/MRTK.UXComponents.NonCanvas.EditorTests.asmdef
  artifactKey: Guid(8530307630b019341aff7adf288f17c3) Importer(815301076,1909f56bfc062723c751e8b465ee728b)
Start importing Packages/org.mixedrealitytoolkit.uxcomponents.noncanvas/Tests/Editor/MRTK.UXComponents.NonCanvas.EditorTests.asmdef using Guid(8530307630b019341aff7adf288f17c3) Importer(815301076,1909f56bfc062723c751e8b465ee728b)  -> (artifact id: '584bc1029294341312d94448ca5a018d') in 0.000535 seconds
Number of updated asset objects reloaded before import = 0
Number of asset objects unloaded after import = 0
========================================================================
Received Import Request.
  Time since last request: 0.000070 seconds.
  path: Packages/org.mixedrealitytoolkit.uxcomponents/Tests/Runtime/MRTK.UXComponents.RuntimeTests.asmdef
  artifactKey: Guid(28ec7aabff87de9449abaff68b36883e) Importer(815301076,1909f56bfc062723c751e8b465ee728b)
Start importing Packages/org.mixedrealitytoolkit.uxcomponents/Tests/Runtime/MRTK.UXComponents.RuntimeTests.asmdef using Guid(28ec7aabff87de9449abaff68b36883e) Importer(815301076,1909f56bfc062723c751e8b465ee728b)  -> (artifact id: '8f9811ee6d48203f23f408dfd5e37c81') in 0.000472 seconds
Number of updated asset objects reloaded before import = 0
Number of asset objects unloaded after import = 0
========================================================================
Received Import Request.
  Time since last request: 0.000174 seconds.
  path: Packages/org.mixedrealitytoolkit.uxcore/MRTK.UXCore.asmdef
  artifactKey: Guid(9a9367d437335a947a847011f5575869) Importer(815301076,1909f56bfc062723c751e8b465ee728b)
Start importing Packages/org.mixedrealitytoolkit.uxcore/MRTK.UXCore.asmdef using Guid(9a9367d437335a947a847011f5575869) Importer(815301076,1909f56bfc062723c751e8b465ee728b)  -> (artifact id: 'd42abf65e6a1f633c829a509971dadff') in 0.000493 seconds
Number of updated asset objects reloaded before import = 0
Number of asset objects unloaded after import = 0
========================================================================
Received Import Request.
  Time since last request: 0.000090 seconds.
  path: Packages/org.mixedrealitytoolkit.accessibility/Tests/Runtime/MRTK.Accessibility.RuntimeTests.asmdef
  artifactKey: Guid(2bd4ef6f46cde464fb08d029828f5b88) Importer(815301076,1909f56bfc062723c751e8b465ee728b)
Start importing Packages/org.mixedrealitytoolkit.accessibility/Tests/Runtime/MRTK.Accessibility.RuntimeTests.asmdef using Guid(2bd4ef6f46cde464fb08d029828f5b88) Importer(815301076,1909f56bfc062723c751e8b465ee728b)  -> (artifact id: '1da37f6f1c17d300d2c2479da9c2c9a1') in 0.000487 seconds
Number of updated asset objects reloaded before import = 0
Number of asset objects unloaded after import = 0
========================================================================
Received Import Request.
  Time since last request: 0.000046 seconds.
  path: Packages/org.mixedrealitytoolkit.tools/MRTK.Tools.asmdef
  artifactKey: Guid(549a4c1827caebb409bfea754d58bf75) Importer(815301076,1909f56bfc062723c751e8b465ee728b)
Start importing Packages/org.mixedrealitytoolkit.tools/MRTK.Tools.asmdef using Guid(549a4c1827caebb409bfea754d58bf75) Importer(815301076,1909f56bfc062723c751e8b465ee728b)  -> (artifact id: '32cb6b7fd7c663ec1197f34c0d08524d') in 0.000486 seconds
Number of updated asset objects reloaded before import = 0
Number of asset objects unloaded after import = 0
========================================================================
Received Import Request.
  Time since last request: 0.000051 seconds.
  path: Packages/org.mixedrealitytoolkit.input/MRTK.Input.asmdef
  artifactKey: Guid(d59347cf3d47ac148925927618efb1b5) Importer(815301076,1909f56bfc062723c751e8b465ee728b)
Start importing Packages/org.mixedrealitytoolkit.input/MRTK.Input.asmdef using Guid(d59347cf3d47ac148925927618efb1b5) Importer(815301076,1909f56bfc062723c751e8b465ee728b)  -> (artifact id: '62bdb278c6ef9387b35bbf2940b30dc4') in 0.000449 seconds
Number of updated asset objects reloaded before import = 0
Number of asset objects unloaded after import = 0
========================================================================
Received Import Request.
  Time since last request: 0.000055 seconds.
  path: Packages/org.mixedrealitytoolkit.windowsspeech/Tests/Editor/MRTK.WindowsSpeech.EditorTests.asmdef
  artifactKey: Guid(58a42553a9dc5e64aa062f1a180c0f11) Importer(815301076,1909f56bfc062723c751e8b465ee728b)
Start importing Packages/org.mixedrealitytoolkit.windowsspeech/Tests/Editor/MRTK.WindowsSpeech.EditorTests.asmdef using Guid(58a42553a9dc5e64aa062f1a180c0f11) Importer(815301076,1909f56bfc062723c751e8b465ee728b)  -> (artifact id: 'c4f589938e6067fb08a864ac0dc2fd9d') in 0.000422 seconds
Number of updated asset objects reloaded before import = 0
Number of asset objects unloaded after import = 0
========================================================================
Received Import Request.
  Time since last request: 0.000057 seconds.
  path: Packages/org.mixedrealitytoolkit.input/Simulation/ControlSchemes/MRTK3.asset
  artifactKey: Guid(127098fdf4960d147a381dde2be46053) Importer(815301076,1909f56bfc062723c751e8b465ee728b)
Start importing Packages/org.mixedrealitytoolkit.input/Simulation/ControlSchemes/MRTK3.asset using Guid(127098fdf4960d147a381dde2be46053) Importer(815301076,1909f56bfc062723c751e8b465ee728b)  -> (artifact id: '636b03f81befac0ca55bde4fab28fbc4') in 0.001157 seconds
Number of updated asset objects reloaded before import = 0
Number of asset objects unloaded after import = 1
========================================================================
Received Import Request.
  Time since last request: 0.000011 seconds.
  path: Packages/org.mixedrealitytoolkit.standardassets/Materials/CompressedButtonMaterial/MRTK_Backplate_04mm_Gradient.mat
  artifactKey: Guid(fcfe8cc418b3cce46b735787e6ee75b2) Importer(815301076,1909f56bfc062723c751e8b465ee728b)
Start importing Packages/org.mixedrealitytoolkit.standardassets/Materials/CompressedButtonMaterial/MRTK_Backplate_04mm_Gradient.mat using Guid(fcfe8cc418b3cce46b735787e6ee75b2) Importer(815301076,1909f56bfc062723c751e8b465ee728b)  -> (artifact id: 'decb0d8a70c806403a1a746a6ff9d5f1') in 0.230109 seconds
Number of updated asset objects reloaded before import = 0
Number of asset objects unloaded after import = 2
========================================================================
Received Import Request.
  Time since last request: 0.000028 seconds.
  path: Packages/org.mixedrealitytoolkit.standardassets/Materials/CompressedButtonMaterial/MRTK_Backplate_InnerQuad.mat
  artifactKey: Guid(b6fc4d81476b92c48b877aa508764bb7) Importer(815301076,1909f56bfc062723c751e8b465ee728b)
Start importing Packages/org.mixedrealitytoolkit.standardassets/Materials/CompressedButtonMaterial/MRTK_Backplate_InnerQuad.mat using Guid(b6fc4d81476b92c48b877aa508764bb7) Importer(815301076,1909f56bfc062723c751e8b465ee728b)  -> (artifact id: 'a1480df0ec5e1c6c576d5d280c556d8e') in 0.162570 seconds
Number of updated asset objects reloaded before import = 0
Number of asset objects unloaded after import = 1
========================================================================
Received Import Request.
  Time since last request: 0.000034 seconds.
  path: Packages/org.mixedrealitytoolkit.standardassets/Materials/MRTK_Standard_Green.mat
  artifactKey: Guid(0bd06e950ac4aa341bf4abc3c456b841) Importer(815301076,1909f56bfc062723c751e8b465ee728b)
Start importing Packages/org.mixedrealitytoolkit.standardassets/Materials/MRTK_Standard_Green.mat using Guid(0bd06e950ac4aa341bf4abc3c456b841) Importer(815301076,1909f56bfc062723c751e8b465ee728b)  -> (artifact id: '3e6776745db14a19de119a52bb258565') in 0.076703 seconds
Number of updated asset objects reloaded before import = 0
Number of asset objects unloaded after import = 1
========================================================================
Received Import Request.
  Time since last request: 0.000020 seconds.
  path: Packages/org.mixedrealitytoolkit.standardassets/Audio/HoloLens2/MRTK_Scale_Start.wav
  artifactKey: Guid(035f176b1bcdd7a4d904529a96346fd1) Importer(815301076,1909f56bfc062723c751e8b465ee728b)
Start importing Packages/org.mixedrealitytoolkit.standardassets/Audio/HoloLens2/MRTK_Scale_Start.wav using Guid(035f176b1bcdd7a4d904529a96346fd1) Importer(815301076,1909f56bfc062723c751e8b465ee728b)  -> (artifact id: '9bf8ae201b66634a8bdaabd0d13570cf') in 0.024389 seconds
Number of updated asset objects reloaded before import = 0
Number of asset objects unloaded after import = 2
========================================================================
Received Import Request.
  Time since last request: 0.000026 seconds.
  path: Packages/org.mixedrealitytoolkit.extendedassets/Materials/MRTK_Outline_Reveal.mat
  artifactKey: Guid(ccd42730604a5a34698d46aa0656dda2) Importer(815301076,1909f56bfc062723c751e8b465ee728b)
Start importing Packages/org.mixedrealitytoolkit.extendedassets/Materials/MRTK_Outline_Reveal.mat using Guid(ccd42730604a5a34698d46aa0656dda2) Importer(815301076,1909f56bfc062723c751e8b465ee728b)  -> (artifact id: '38d618b6bf087ba2e9db01fbc0181627') in 0.102332 seconds
Number of updated asset objects reloaded before import = 0
Number of asset objects unloaded after import = 1
========================================================================
Received Import Request.
  Time since last request: 0.000023 seconds.
  path: Packages/org.mixedrealitytoolkit.standardassets/Audio/HoloLens2/MRTK_Select_Main.wav
  artifactKey: Guid(d6dc4c2cdecc0854c86657006920372f) Importer(815301076,1909f56bfc062723c751e8b465ee728b)
Start importing Packages/org.mixedrealitytoolkit.standardassets/Audio/HoloLens2/MRTK_Select_Main.wav using Guid(d6dc4c2cdecc0854c86657006920372f) Importer(815301076,1909f56bfc062723c751e8b465ee728b)  -> (artifact id: '118e84d1882395474022be5b69cf6cd8') in 0.017992 seconds
Number of updated asset objects reloaded before import = 0
Number of asset objects unloaded after import = 2
========================================================================
Received Import Request.
  Time since last request: 0.000033 seconds.
  path: Packages/org.mixedrealitytoolkit.standardassets/Audio/HoloLens2/MRTK_Move_Start.wav
  artifactKey: Guid(1cd58df2ed177f74cb6a1882c7e52079) Importer(815301076,1909f56bfc062723c751e8b465ee728b)
Start importing Packages/org.mixedrealitytoolkit.standardassets/Audio/HoloLens2/MRTK_Move_Start.wav using Guid(1cd58df2ed177f74cb6a1882c7e52079) Importer(815301076,1909f56bfc062723c751e8b465ee728b)  -> (artifact id: 'b5788193ba4b23d5d15891ce3b93c72e') in 0.012556 seconds
Number of updated asset objects reloaded before import = 0
Number of asset objects unloaded after import = 2
========================================================================
Received Import Request.
  Time since last request: 0.000024 seconds.
  path: Packages/org.mixedrealitytoolkit.standardassets/Materials/MRTK_Standard_Purple.mat
  artifactKey: Guid(ecf898134fc873c48b1263a093f12178) Importer(815301076,1909f56bfc062723c751e8b465ee728b)
Start importing Packages/org.mixedrealitytoolkit.standardassets/Materials/MRTK_Standard_Purple.mat using Guid(ecf898134fc873c48b1263a093f12178) Importer(815301076,1909f56bfc062723c751e8b465ee728b)  -> (artifact id: '69a64987036499051a461dc8da5bb1a6') in 0.014762 seconds
Number of updated asset objects reloaded before import = 0
Number of asset objects unloaded after import = 1
========================================================================
Received Import Request.
  Time since last request: 0.000027 seconds.
  path: Packages/org.mixedrealitytoolkit.standardassets/Audio/HoloLens2/MRTK_Shell_Click_Init.wav
  artifactKey: Guid(1285b8566fdd22947a7e83ade04469c4) Importer(815301076,1909f56bfc062723c751e8b465ee728b)
Start importing Packages/org.mixedrealitytoolkit.standardassets/Audio/HoloLens2/MRTK_Shell_Click_Init.wav using Guid(1285b8566fdd22947a7e83ade04469c4) Importer(815301076,1909f56bfc062723c751e8b465ee728b)  -> (artifact id: 'dcdccc6bf4c97f41859e835386bbb78e') in 0.015679 seconds
Number of updated asset objects reloaded before import = 0
Number of asset objects unloaded after import = 2
========================================================================
Received Import Request.
  Time since last request: 0.000022 seconds.
  path: Packages/org.mixedrealitytoolkit.standardassets/Models/MRTK_BoundingBox_ScaleHandle.fbx
  artifactKey: Guid(0989b5f23ddbb124b92edd40ddd6f326) Importer(815301076,1909f56bfc062723c751e8b465ee728b)
Start importing Packages/org.mixedrealitytoolkit.standardassets/Models/MRTK_BoundingBox_ScaleHandle.fbx using Guid(0989b5f23ddbb124b92edd40ddd6f326) Importer(815301076,1909f56bfc062723c751e8b465ee728b)  -> (artifact id: '5c794263f3cbfb17c2b31c24d37e395f') in 0.386844 seconds
Number of updated asset objects reloaded before import = 0
Number of asset objects unloaded after import = 7
========================================================================
Received Import Request.
  Time since last request: 0.000029 seconds.
  path: Packages/org.mixedrealitytoolkit.standardassets/Materials/CompressedButtonMaterial/MRTK_Backplate_InnerQuad_HoloLens2.mat
  artifactKey: Guid(8d221c9d6a17a6a40908f2cf1d67cdc5) Importer(815301076,1909f56bfc062723c751e8b465ee728b)
Start importing Packages/org.mixedrealitytoolkit.standardassets/Materials/CompressedButtonMaterial/MRTK_Backplate_InnerQuad_HoloLens2.mat using Guid(8d221c9d6a17a6a40908f2cf1d67cdc5) Importer(815301076,1909f56bfc062723c751e8b465ee728b)  -> (artifact id: '377f616e250bd7ed9f1456e324520336') in 0.086764 seconds
Number of updated asset objects reloaded before import = 0
Number of asset objects unloaded after import = 1
========================================================================
Received Import Request.
  Time since last request: 0.000030 seconds.
  path: Packages/org.mixedrealitytoolkit.standardassets/Audio/HoloLens2/MRTK_Shell_Click_Out.wav
  artifactKey: Guid(56f0c69e11f787a4e85f235bbcd637a6) Importer(815301076,1909f56bfc062723c751e8b465ee728b)
Start importing Packages/org.mixedrealitytoolkit.standardassets/Audio/HoloLens2/MRTK_Shell_Click_Out.wav using Guid(56f0c69e11f787a4e85f235bbcd637a6) Importer(815301076,1909f56bfc062723c751e8b465ee728b)  -> (artifact id: '9af7e4a08dcac56c2e17e6bfd75715f9') in 0.012407 seconds
Number of updated asset objects reloaded before import = 0
Number of asset objects unloaded after import = 2
========================================================================
Received Import Request.
  Time since last request: 0.000022 seconds.
  path: Packages/org.mixedrealitytoolkit.standardassets/Textures/Logos/MRTK_Logo_Black.png
  artifactKey: Guid(fa0038d8d2df1dd4c99f346c8ec9e746) Importer(815301076,1909f56bfc062723c751e8b465ee728b)
Start importing Packages/org.mixedrealitytoolkit.standardassets/Textures/Logos/MRTK_Logo_Black.png using Guid(fa0038d8d2df1dd4c99f346c8ec9e746) Importer(815301076,1909f56bfc062723c751e8b465ee728b)  -> (artifact id: '74c3c671a039d68572766185339e728c') in 0.039770 seconds
Number of updated asset objects reloaded before import = 0
Number of asset objects unloaded after import = 3
========================================================================
Received Import Request.
  Time since last request: 0.000019 seconds.
  path: Packages/org.mixedrealitytoolkit.standardassets/Audio/HoloLens2/MRTK_Shell_Click_In.wav
  artifactKey: Guid(c786d2d6f58426f45a09f169fe5a1649) Importer(815301076,1909f56bfc062723c751e8b465ee728b)
Start importing Packages/org.mixedrealitytoolkit.standardassets/Audio/HoloLens2/MRTK_Shell_Click_In.wav using Guid(c786d2d6f58426f45a09f169fe5a1649) Importer(815301076,1909f56bfc062723c751e8b465ee728b)  -> (artifact id: 'f0c59902792b77975c3516e820d77f2a') in 0.020664 seconds
Number of updated asset objects reloaded before import = 0
Number of asset objects unloaded after import = 2
========================================================================
Received Import Request.
  Time since last request: 0.000020 seconds.
  path: Packages/org.mixedrealitytoolkit.extendedassets/Materials/MRTK_Outline_Blue.mat
  artifactKey: Guid(a721d00e26938d84e84fdb745fd9a77f) Importer(815301076,1909f56bfc062723c751e8b465ee728b)
Start importing Packages/org.mixedrealitytoolkit.extendedassets/Materials/MRTK_Outline_Blue.mat using Guid(a721d00e26938d84e84fdb745fd9a77f) Importer(815301076,1909f56bfc062723c751e8b465ee728b)  -> (artifact id: 'b689e92a7211991e6aa465faefaa163b') in 0.073205 seconds
Number of updated asset objects reloaded before import = 0
Number of asset objects unloaded after import = 1
Editor requested this worker to shutdown with reason: Scaling down because of idle timeout
TcpMessagingSession - receive error: operation aborted. errorcode: 995, details: The I/O operation has been aborted because of either a thread exit or an application request.
AssetImportWorker is now disconnected from the server
Process exiting
Exiting without the bug reporter. Application will terminate with return code 0