Using pre-set license
Built from '2022.3/china_unity/release' branch; Version is '2022.3.13f1c1 (d214d547af8b) revision 13767893'; Using compiler version '192829333'; Build Type 'Release'
OS: 'Windows 11  (10.0.22621) 64bit Professional' Language: 'en' Physical Memory: 261755 MB
BatchMode: 1, IsHumanControllingUs: 0, StartBugReporterOnCrash: 0, Is64bit: 1, IsPro: 1

COMMAND LINE ARGUMENTS:
C:\Program Files\Unity\Hub\Editor\2022.3.13f1c1\Editor\Unity.exe
-adb2
-batchMode
-noUpm
-name
AssetImportWorker2
-projectPath
D:/Zhiyongs/#XR/XR_template/XR_template
-logFile
Logs/AssetImportWorker2.log
-srvPort
65432
Successfully changed project path to: D:/Zhiyongs/#XR/XR_template/XR_template
D:/Zhiyongs/#XR/XR_template/XR_template
[UnityMemory] Configuration Parameters - Can be set up in boot.config
    "memorysetup-bucket-allocator-granularity=16"
    "memorysetup-bucket-allocator-bucket-count=8"
    "memorysetup-bucket-allocator-block-size=33554432"
    "memorysetup-bucket-allocator-block-count=8"
    "memorysetup-main-allocator-block-size=16777216"
    "memorysetup-thread-allocator-block-size=16777216"
    "memorysetup-gfx-main-allocator-block-size=16777216"
    "memorysetup-gfx-thread-allocator-block-size=16777216"
    "memorysetup-cache-allocator-block-size=4194304"
    "memorysetup-typetree-allocator-block-size=2097152"
    "memorysetup-profiler-bucket-allocator-granularity=16"
    "memorysetup-profiler-bucket-allocator-bucket-count=8"
    "memorysetup-profiler-bucket-allocator-block-size=33554432"
    "memorysetup-profiler-bucket-allocator-block-count=8"
    "memorysetup-profiler-allocator-block-size=16777216"
    "memorysetup-profiler-editor-allocator-block-size=1048576"
    "memorysetup-temp-allocator-size-main=16777216"
    "memorysetup-job-temp-allocator-block-size=2097152"
    "memorysetup-job-temp-allocator-block-size-background=1048576"
    "memorysetup-job-temp-allocator-reduction-small-platforms=262144"
    "memorysetup-allocator-temp-initial-block-size-main=262144"
    "memorysetup-allocator-temp-initial-block-size-worker=262144"
    "memorysetup-temp-allocator-size-background-worker=32768"
    "memorysetup-temp-allocator-size-job-worker=262144"
    "memorysetup-temp-allocator-size-preload-manager=33554432"
    "memorysetup-temp-allocator-size-nav-mesh-worker=65536"
    "memorysetup-temp-allocator-size-audio-worker=65536"
    "memorysetup-temp-allocator-size-cloud-worker=32768"
    "memorysetup-temp-allocator-size-gi-baking-worker=262144"
    "memorysetup-temp-allocator-size-gfx=262144"
Player connection [40496] Host "[IP] 169.254.3.1 [Port] 0 [Flags] 2 [Guid] 1977431570 [EditorId] 1977431570 [Version] 1048832 [Id] WindowsEditor(7,DESKTOP-AF19EFT) [Debug] 1 [PackageName] WindowsEditor [ProjectName] Editor" joined multi-casting on [225.0.0.222:54997]...

Player connection [40496] Host "[IP] 169.254.3.1 [Port] 0 [Flags] 2 [Guid] 1977431570 [EditorId] 1977431570 [Version] 1048832 [Id] WindowsEditor(7,DESKTOP-AF19EFT) [Debug] 1 [PackageName] WindowsEditor [ProjectName] Editor" joined alternative multi-casting on [225.0.0.222:34997]...

[Physics::Module] Initialized MultithreadedJobDispatcher with 31 workers.
Refreshing native plugins compatible for Editor in 56.46 ms, found 17 plugins.
Preloading 0 native plugins for Editor in 0.00 ms.
Initialize engine version: 2022.3.13f1c1 (d214d547af8b)
[Subsystems] Discovering subsystems at path C:/Program Files/Unity/Hub/Editor/2022.3.13f1c1/Editor/Data/Resources/UnitySubsystems
[Subsystems] Discovering subsystems at path D:/Zhiyongs/#XR/XR_template/XR_template/Assets
GfxDevice: creating device client; threaded=0; jobified=0
Direct3D:
    Version:  Direct3D 11.0 [level 11.1]
    Renderer: NVIDIA GeForce RTX 4090 (ID=0x2684)
    Vendor:   NVIDIA
    VRAM:     24156 MB
    Driver:   31.0.15.3713
Initialize mono
Mono path[0] = 'C:/Program Files/Unity/Hub/Editor/2022.3.13f1c1/Editor/Data/Managed'
Mono path[1] = 'C:/Program Files/Unity/Hub/Editor/2022.3.13f1c1/Editor/Data/MonoBleedingEdge/lib/mono/unityjit-win32'
Mono config path = 'C:/Program Files/Unity/Hub/Editor/2022.3.13f1c1/Editor/Data/MonoBleedingEdge/etc'
Using monoOptions --debugger-agent=transport=dt_socket,embedding=1,server=y,suspend=n,address=127.0.0.1:56464
Begin MonoManager ReloadAssembly
Registering precompiled unity dll's ...
Register platform support module: C:/Program Files/Unity/Hub/Editor/2022.3.13f1c1/Editor/Data/PlaybackEngines/WebGLSupport/UnityEditor.WebGL.Extensions.dll
Register platform support module: C:/Program Files/Unity/Hub/Editor/2022.3.13f1c1/Editor/Data/PlaybackEngines/WindowsStandaloneSupport/UnityEditor.WindowsStandalone.Extensions.dll
Register platform support module: C:/Program Files/Unity/Hub/Editor/2022.3.13f1c1/Editor/Data/PlaybackEngines/MetroSupport/UnityEditor.UWP.Extensions.dll
Registered in 0.044270 seconds.
- Loaded All Assemblies, in  1.405 seconds
Native extension for UWP target not found
Native extension for WindowsStandalone target not found
Native extension for WebGL target not found
Mono: successfully reloaded assembly
- Finished resetting the current domain, in  0.384 seconds
Domain Reload Profiling: 1785ms
	BeginReloadAssembly (863ms)
		ExecutionOrderSort (0ms)
		DisableScriptedObjects (0ms)
		BackupInstance (0ms)
		ReleaseScriptingObjects (0ms)
		CreateAndSetChildDomain (2ms)
	RebuildCommonClasses (80ms)
	RebuildNativeTypeToScriptingClass (17ms)
	initialDomainReloadingComplete (170ms)
	LoadAllAssembliesAndSetupDomain (270ms)
		LoadAssemblies (855ms)
		RebuildTransferFunctionScriptingTraits (0ms)
		AnalyzeDomain (267ms)
			TypeCache.Refresh (265ms)
				TypeCache.ScanAssembly (231ms)
			ScanForSourceGeneratedMonoScriptInfo (1ms)
			ResolveRequiredComponents (1ms)
	FinalizeReload (384ms)
		ReleaseScriptCaches (0ms)
		RebuildScriptCaches (0ms)
		SetupLoadedEditorAssemblies (310ms)
			LogAssemblyErrors (0ms)
			InitializePlatformSupportModulesInManaged (22ms)
			SetLoadedEditorAssemblies (13ms)
			RefreshPlugins (0ms)
			BeforeProcessingInitializeOnLoad (3ms)
			ProcessInitializeOnLoadAttributes (197ms)
			ProcessInitializeOnLoadMethodAttributes (75ms)
			AfterProcessingInitializeOnLoad (0ms)
			EditorAssembliesLoaded (0ms)
		ExecutionOrderSort2 (0ms)
		AwakeInstancesAfterBackupRestoration (0ms)
========================================================================
Worker process is ready to serve import requests
Begin MonoManager ReloadAssembly
- Loaded All Assemblies, in  1.431 seconds
Refreshing native plugins compatible for Editor in 18.99 ms, found 17 plugins.
Native extension for UWP target not found
Native extension for WindowsStandalone target not found
Native extension for WebGL target not found
Package Manager log level set to [2]
[Package Manager] Server::EnsureServerProcessIsRunning -- launch failed, reason: Unity was launched with the -noUpm command-line argument
[Package Manager] UpmClient::Send -- Unable to send message (not connected to UPM process).
[Package Manager] Cannot connect to Unity Package Manager local server
[Package Manager] Server::EnsureServerProcessIsRunning -- launch failed, reason: Unity was launched with the -noUpm command-line argument
[Package Manager] UpmClient::Send -- Unable to send message (not connected to UPM process).
[Package Manager] Cannot connect to Unity Package Manager local server
Mono: successfully reloaded assembly
[Package Manager] Server::EnsureServerProcessIsRunning -- launch failed, reason: Unity was launched with the -noUpm command-line argument
[Package Manager] UpmClient::Send -- Unable to send message (not connected to UPM process).
[Package Manager] Cannot connect to Unity Package Manager local server
[Package Manager] Server::EnsureServerProcessIsRunning -- launch failed, reason: Unity was launched with the -noUpm command-line argument
[Package Manager] UpmClient::Send -- Unable to send message (not connected to UPM process).
[Package Manager] Cannot connect to Unity Package Manager local server
- Finished resetting the current domain, in  1.135 seconds
Domain Reload Profiling: 2560ms
	BeginReloadAssembly (215ms)
		ExecutionOrderSort (0ms)
		DisableScriptedObjects (6ms)
		BackupInstance (0ms)
		ReleaseScriptingObjects (0ms)
		CreateAndSetChildDomain (37ms)
	RebuildCommonClasses (49ms)
	RebuildNativeTypeToScriptingClass (23ms)
	initialDomainReloadingComplete (53ms)
	LoadAllAssembliesAndSetupDomain (1084ms)
		LoadAssemblies (663ms)
		RebuildTransferFunctionScriptingTraits (0ms)
		AnalyzeDomain (540ms)
			TypeCache.Refresh (461ms)
				TypeCache.ScanAssembly (414ms)
			ScanForSourceGeneratedMonoScriptInfo (62ms)
			ResolveRequiredComponents (15ms)
	FinalizeReload (1136ms)
		ReleaseScriptCaches (0ms)
		RebuildScriptCaches (0ms)
		SetupLoadedEditorAssemblies (882ms)
			LogAssemblyErrors (0ms)
			InitializePlatformSupportModulesInManaged (11ms)
			SetLoadedEditorAssemblies (6ms)
			RefreshPlugins (0ms)
			BeforeProcessingInitializeOnLoad (98ms)
			ProcessInitializeOnLoadAttributes (661ms)
			ProcessInitializeOnLoadMethodAttributes (96ms)
			AfterProcessingInitializeOnLoad (10ms)
			EditorAssembliesLoaded (0ms)
		ExecutionOrderSort2 (0ms)
		AwakeInstancesAfterBackupRestoration (8ms)
Launched and connected shader compiler UnityShaderCompiler.exe after 0.08 seconds
Refreshing native plugins compatible for Editor in 34.97 ms, found 17 plugins.
Preloading 0 native plugins for Editor in 0.00 ms.
Unloading 5567 Unused Serialized files (Serialized files now loaded: 0)
Unloading 108 unused Assets / (1.3 MB). Loaded Objects now: 6026.
Memory consumption went from 195.1 MB to 193.8 MB.
Total: 5.248700 ms (FindLiveObjects: 0.419100 ms CreateObjectMapping: 0.232300 ms MarkObjects: 3.912400 ms  DeleteObjects: 0.683800 ms)

AssetImportParameters requested are different than current active one (requested -> active):
  custom:container-demuxer-ogg: 62fdf1f143b41e24485cea50d1cbac27 -> 
  custom:video-codec-MediaFoundation-h265: 746d11721c4dcdbdad8f713fa42b33f4 -> 
  custom:video-decoder-ogg-theora: a1e56fd34408186e4bbccfd4996cb3dc -> 
  custom:framework-win-MediaFoundation: 216162199b28c13a410421893ffa2e32 -> 
  custom:container-demuxer-webm: 4f35f7cbe854078d1ac9338744f61a02 -> 
  custom:container-muxer-webm: aa71ff27fc2769a1b78a27578f13a17b -> 
  custom:video-decoder-webm-vp8: 9c59270c3fd7afecdb556c50c9e8de78 -> 
  custom:AudioImporter_EditorPlatform: d09bf68614088b80899f8185d706f6e7 -> 
  custom:video-encoder-webm-vp8: eb34c28f22e8b96e1ab97ce403110664 -> 
  custom:audio-decoder-ogg-vorbis: bf7c407c2cedff20999df2af8eb42d56 -> 
  custom:audio-encoder-webm-vorbis: bf7c407c2cedff20999df2af8eb42d56 -> 
========================================================================
Received Import Request.
  Time since last request: 189167.621813 seconds.
  path: Packages/org.mixedrealitytoolkit.input/Assets/Prefabs/MRTK XR Rig.prefab
  artifactKey: Guid(4d7e2f87fefe0ba468719b15288b46e7) Importer(815301076,1909f56bfc062723c751e8b465ee728b)
Start importing Packages/org.mixedrealitytoolkit.input/Assets/Prefabs/MRTK XR Rig.prefab using Guid(4d7e2f87fefe0ba468719b15288b46e7) Importer(815301076,1909f56bfc062723c751e8b465ee728b)  -> (artifact id: '6caaecb0a912c7e73fb52bb8d40003ea') in 0.238479 seconds
Number of updated asset objects reloaded before import = 0
Number of asset objects unloaded after import = 721
========================================================================
Received Prepare
Refreshing native plugins compatible for Editor in 35.03 ms, found 17 plugins.
Preloading 0 native plugins for Editor in 0.00 ms.
Unloading 10 Unused Serialized files (Serialized files now loaded: 0)
Unloading 11 unused Assets / (1.2 MB). Loaded Objects now: 6035.
Memory consumption went from 103.7 MB to 102.6 MB.
Total: 8.673900 ms (FindLiveObjects: 0.743600 ms CreateObjectMapping: 0.505400 ms MarkObjects: 6.434700 ms  DeleteObjects: 0.988800 ms)

Prepare: number of updated asset objects reloaded= 0
AssetImportParameters requested are different than current active one (requested -> active):
  custom:container-demuxer-ogg: 62fdf1f143b41e24485cea50d1cbac27 -> 
  custom:video-codec-MediaFoundation-h265: 746d11721c4dcdbdad8f713fa42b33f4 -> 
  custom:video-decoder-ogg-theora: a1e56fd34408186e4bbccfd4996cb3dc -> 
  custom:framework-win-MediaFoundation: 216162199b28c13a410421893ffa2e32 -> 
  custom:CustomObjectIndexerAttribute: 756ad292c208cfabdd7b50bc23989ffe -> 
  custom:container-demuxer-webm: 4f35f7cbe854078d1ac9338744f61a02 -> 
  custom:container-muxer-webm: aa71ff27fc2769a1b78a27578f13a17b -> 
  custom:video-decoder-webm-vp8: 9c59270c3fd7afecdb556c50c9e8de78 -> 
  custom:SearchIndexIgnoredProperties: e643bd26f0fe6173181afceb89e7c659 -> 
  custom:AudioImporter_EditorPlatform: d09bf68614088b80899f8185d706f6e7 -> 
  custom:video-encoder-webm-vp8: eb34c28f22e8b96e1ab97ce403110664 -> 
  custom:audio-decoder-ogg-vorbis: bf7c407c2cedff20999df2af8eb42d56 -> 
  custom:audio-encoder-webm-vorbis: bf7c407c2cedff20999df2af8eb42d56 -> 
========================================================================
Received Prepare
Refreshing native plugins compatible for Editor in 29.71 ms, found 17 plugins.
Preloading 0 native plugins for Editor in 0.00 ms.
Unloading 11 Unused Serialized files (Serialized files now loaded: 0)
Unloading 11 unused Assets / (1.2 MB). Loaded Objects now: 6035.
Memory consumption went from 104.0 MB to 102.8 MB.
Total: 8.459100 ms (FindLiveObjects: 0.681900 ms CreateObjectMapping: 0.364700 ms MarkObjects: 6.490300 ms  DeleteObjects: 0.920500 ms)

Prepare: number of updated asset objects reloaded= 0
AssetImportParameters requested are different than current active one (requested -> active):
  custom:container-demuxer-ogg: 62fdf1f143b41e24485cea50d1cbac27 -> 
  custom:video-codec-MediaFoundation-h265: 746d11721c4dcdbdad8f713fa42b33f4 -> 
  custom:video-decoder-ogg-theora: a1e56fd34408186e4bbccfd4996cb3dc -> 
  custom:framework-win-MediaFoundation: 216162199b28c13a410421893ffa2e32 -> 
  custom:CustomObjectIndexerAttribute: 756ad292c208cfabdd7b50bc23989ffe -> 
  custom:container-demuxer-webm: 4f35f7cbe854078d1ac9338744f61a02 -> 
  custom:container-muxer-webm: aa71ff27fc2769a1b78a27578f13a17b -> 
  custom:video-decoder-webm-vp8: 9c59270c3fd7afecdb556c50c9e8de78 -> 
  custom:SearchIndexIgnoredProperties: e643bd26f0fe6173181afceb89e7c659 -> 
  custom:AudioImporter_EditorPlatform: d09bf68614088b80899f8185d706f6e7 -> 
  custom:video-encoder-webm-vp8: eb34c28f22e8b96e1ab97ce403110664 -> 
  custom:audio-decoder-ogg-vorbis: bf7c407c2cedff20999df2af8eb42d56 -> 
  custom:audio-encoder-webm-vorbis: bf7c407c2cedff20999df2af8eb42d56 -> 
========================================================================
Received Import Request.
  Time since last request: 88.060503 seconds.
  path: Packages/org.mixedrealitytoolkit.input/Assets/Prefabs/MRTK XR Rig.prefab
  artifactKey: Guid(4d7e2f87fefe0ba468719b15288b46e7) Importer(815301076,1909f56bfc062723c751e8b465ee728b)
Start importing Packages/org.mixedrealitytoolkit.input/Assets/Prefabs/MRTK XR Rig.prefab using Guid(4d7e2f87fefe0ba468719b15288b46e7) Importer(815301076,1909f56bfc062723c751e8b465ee728b)  -> (artifact id: '66764f6ac2f99bda6d72e34b611482d8') in 0.110157 seconds
Number of updated asset objects reloaded before import = 0
Number of asset objects unloaded after import = 721
========================================================================
Received Import Request.
  Time since last request: 9.577427 seconds.
  path: Assets/Scenes/SampleScene.unity
  artifactKey: Guid(9fc0d4010bbf28b4594072e72b8655ab) Importer(2089858483,0ecaa5967403d082aa24f35e1b516d23)
Start importing Assets/Scenes/SampleScene.unity using Guid(9fc0d4010bbf28b4594072e72b8655ab) Importer(2089858483,0ecaa5967403d082aa24f35e1b516d23)  -> (artifact id: '84b9ec29a36a8b2ba5f23abee1c6c5e5') in 0.139113 seconds
Number of updated asset objects reloaded before import = 0
Number of asset objects unloaded after import = 1
========================================================================
Received Import Request.
  Time since last request: 0.000022 seconds.
  path: Assets/XR/Resources/XRSimulationRuntimeSettings.asset
  artifactKey: Guid(546fe3aa726bb32459adefb8671c6b6e) Importer(2089858483,0ecaa5967403d082aa24f35e1b516d23)
Start importing Assets/XR/Resources/XRSimulationRuntimeSettings.asset using Guid(546fe3aa726bb32459adefb8671c6b6e) Importer(2089858483,0ecaa5967403d082aa24f35e1b516d23)  -> (artifact id: '5c06ab8ffd67d18720ead46fa412bdda') in 0.062508 seconds
Number of updated asset objects reloaded before import = 0
Number of asset objects unloaded after import = 1
========================================================================
Received Import Request.
  Time since last request: 0.000029 seconds.
  path: Assets/XRI/Settings/Resources/InteractionLayerSettings.asset
  artifactKey: Guid(42cdb3b6500735b4d880cd5005d75c6d) Importer(2089858483,0ecaa5967403d082aa24f35e1b516d23)
Start importing Assets/XRI/Settings/Resources/InteractionLayerSettings.asset using Guid(42cdb3b6500735b4d880cd5005d75c6d) Importer(2089858483,0ecaa5967403d082aa24f35e1b516d23)  -> (artifact id: '341af9fb6e7d8ef0255c0d20299bfe27') in 0.019520 seconds
Number of updated asset objects reloaded before import = 0
Number of asset objects unloaded after import = 1
========================================================================
Received Import Request.
  Time since last request: 0.000040 seconds.
  path: Assets/XR/Settings/OpenXR Editor Settings.asset
  artifactKey: Guid(1f8d70b079f874d4e9d2b2fad8d243c3) Importer(2089858483,0ecaa5967403d082aa24f35e1b516d23)
Start importing Assets/XR/Settings/OpenXR Editor Settings.asset using Guid(1f8d70b079f874d4e9d2b2fad8d243c3) Importer(2089858483,0ecaa5967403d082aa24f35e1b516d23)  -> (artifact id: 'c852409f2197d90202fcb601705a9b90') in 0.022533 seconds
Number of updated asset objects reloaded before import = 0
Number of asset objects unloaded after import = 1
========================================================================
Received Import Request.
  Time since last request: 0.000239 seconds.
  path: Assets/XR/Loaders/SimulationLoader.asset
  artifactKey: Guid(dee9edf3125fa7247aac2a724e8b2db4) Importer(2089858483,0ecaa5967403d082aa24f35e1b516d23)
Start importing Assets/XR/Loaders/SimulationLoader.asset using Guid(dee9edf3125fa7247aac2a724e8b2db4) Importer(2089858483,0ecaa5967403d082aa24f35e1b516d23)  -> (artifact id: '0f423e351b1d041d7cd666647f6840f9') in 0.020971 seconds
Number of updated asset objects reloaded before import = 0
Number of asset objects unloaded after import = 1
========================================================================
Received Import Request.
  Time since last request: 0.000028 seconds.
  path: Assets/XR/UserSimulationSettings/SimulationEnvironmentAssetsManager.asset
  artifactKey: Guid(7710824bc5234a045b98144e4e6928a5) Importer(2089858483,0ecaa5967403d082aa24f35e1b516d23)
Start importing Assets/XR/UserSimulationSettings/SimulationEnvironmentAssetsManager.asset using Guid(7710824bc5234a045b98144e4e6928a5) Importer(2089858483,0ecaa5967403d082aa24f35e1b516d23)  -> (artifact id: '58bbdea0c6b9d506d45423887f35d5a3') in 0.016118 seconds
Number of updated asset objects reloaded before import = 0
Number of asset objects unloaded after import = 1
========================================================================
Received Import Request.
  Time since last request: 0.000022 seconds.
  path: Assets/XRI/Settings/Resources/XRDeviceSimulatorSettings.asset
  artifactKey: Guid(21ddd907e7ef35e41a394a395b4d7f5c) Importer(2089858483,0ecaa5967403d082aa24f35e1b516d23)
Start importing Assets/XRI/Settings/Resources/XRDeviceSimulatorSettings.asset using Guid(21ddd907e7ef35e41a394a395b4d7f5c) Importer(2089858483,0ecaa5967403d082aa24f35e1b516d23)  -> (artifact id: 'ea5525b9a4d2652e5f1c25bdb60c6b73') in 0.023741 seconds
Number of updated asset objects reloaded before import = 0
Number of asset objects unloaded after import = 1
========================================================================
Received Prepare
Begin MonoManager ReloadAssembly
- Loaded All Assemblies, in  0.715 seconds
Refreshing native plugins compatible for Editor in 19.55 ms, found 17 plugins.
Native extension for UWP target not found
Native extension for WindowsStandalone target not found
Native extension for WebGL target not found
[Package Manager] Server::EnsureServerProcessIsRunning -- launch failed, reason: Unity was launched with the -noUpm command-line argument
[Package Manager] UpmClient::Send -- Unable to send message (not connected to UPM process).
[Package Manager] Cannot connect to Unity Package Manager local server
[Package Manager] Server::EnsureServerProcessIsRunning -- launch failed, reason: Unity was launched with the -noUpm command-line argument
[Package Manager] UpmClient::Send -- Unable to send message (not connected to UPM process).
[Package Manager] Cannot connect to Unity Package Manager local server
Mono: successfully reloaded assembly
[Package Manager] Server::EnsureServerProcessIsRunning -- launch failed, reason: Unity was launched with the -noUpm command-line argument
[Package Manager] UpmClient::Send -- Unable to send message (not connected to UPM process).
[Package Manager] Cannot connect to Unity Package Manager local server
- Finished resetting the current domain, in  1.246 seconds
Domain Reload Profiling: 1952ms
	BeginReloadAssembly (190ms)
		ExecutionOrderSort (0ms)
		DisableScriptedObjects (4ms)
		BackupInstance (0ms)
		ReleaseScriptingObjects (0ms)
		CreateAndSetChildDomain (52ms)
	RebuildCommonClasses (32ms)
	RebuildNativeTypeToScriptingClass (12ms)
	initialDomainReloadingComplete (36ms)
	LoadAllAssembliesAndSetupDomain (435ms)
		LoadAssemblies (368ms)
		RebuildTransferFunctionScriptingTraits (0ms)
		AnalyzeDomain (163ms)
			TypeCache.Refresh (123ms)
				TypeCache.ScanAssembly (102ms)
			ScanForSourceGeneratedMonoScriptInfo (28ms)
			ResolveRequiredComponents (11ms)
	FinalizeReload (1247ms)
		ReleaseScriptCaches (0ms)
		RebuildScriptCaches (0ms)
		SetupLoadedEditorAssemblies (680ms)
			LogAssemblyErrors (0ms)
			InitializePlatformSupportModulesInManaged (8ms)
			SetLoadedEditorAssemblies (6ms)
			RefreshPlugins (0ms)
			BeforeProcessingInitializeOnLoad (101ms)
			ProcessInitializeOnLoadAttributes (497ms)
			ProcessInitializeOnLoadMethodAttributes (55ms)
			AfterProcessingInitializeOnLoad (12ms)
			EditorAssembliesLoaded (0ms)
		ExecutionOrderSort2 (0ms)
		AwakeInstancesAfterBackupRestoration (10ms)
Refreshing native plugins compatible for Editor in 30.10 ms, found 17 plugins.
Preloading 0 native plugins for Editor in 0.00 ms.
Unloading 5500 Unused Serialized files (Serialized files now loaded: 0)
Unloading 79 unused Assets / (1.2 MB). Loaded Objects now: 6038.
Memory consumption went from 189.4 MB to 188.2 MB.
Total: 5.055000 ms (FindLiveObjects: 0.427000 ms CreateObjectMapping: 0.238500 ms MarkObjects: 3.750300 ms  DeleteObjects: 0.638200 ms)

Prepare: number of updated asset objects reloaded= 0
AssetImportParameters requested are different than current active one (requested -> active):
  custom:container-demuxer-ogg: 62fdf1f143b41e24485cea50d1cbac27 -> 
  custom:video-codec-MediaFoundation-h265: 746d11721c4dcdbdad8f713fa42b33f4 -> 
  custom:video-decoder-ogg-theora: a1e56fd34408186e4bbccfd4996cb3dc -> 
  custom:framework-win-MediaFoundation: 216162199b28c13a410421893ffa2e32 -> 
  custom:CustomObjectIndexerAttribute: 756ad292c208cfabdd7b50bc23989ffe -> 
  custom:container-demuxer-webm: 4f35f7cbe854078d1ac9338744f61a02 -> 
  custom:container-muxer-webm: aa71ff27fc2769a1b78a27578f13a17b -> 
  custom:video-decoder-webm-vp8: 9c59270c3fd7afecdb556c50c9e8de78 -> 
  custom:SearchIndexIgnoredProperties: e643bd26f0fe6173181afceb89e7c659 -> 
  custom:AudioImporter_EditorPlatform: d09bf68614088b80899f8185d706f6e7 -> 
  custom:video-encoder-webm-vp8: eb34c28f22e8b96e1ab97ce403110664 -> 
  custom:audio-decoder-ogg-vorbis: bf7c407c2cedff20999df2af8eb42d56 -> 
  custom:audio-encoder-webm-vorbis: bf7c407c2cedff20999df2af8eb42d56 -> 
========================================================================
Received Import Request.
  Time since last request: 28.183109 seconds.
  path: Packages/org.mixedrealitytoolkit.standardassets/Textures/Logos/IconMRTKLogo.png
  artifactKey: Guid(9a103eedd3fec864889981cf1c223efb) Importer(815301076,1909f56bfc062723c751e8b465ee728b)
Start importing Packages/org.mixedrealitytoolkit.standardassets/Textures/Logos/IconMRTKLogo.png using Guid(9a103eedd3fec864889981cf1c223efb) Importer(815301076,1909f56bfc062723c751e8b465ee728b)  -> (artifact id: '7f8fa50ab5e882de703d20fc626b60aa') in 0.072612 seconds
Number of updated asset objects reloaded before import = 0
Number of asset objects unloaded after import = 3
========================================================================
Received Import Request.
  Time since last request: 0.000026 seconds.
  path: Packages/org.mixedrealitytoolkit.input/Assets/Prefabs/MRTK RightHand Controller.prefab
  artifactKey: Guid(82333e6e543cb7e4dbd5b1d47aff3f58) Importer(815301076,1909f56bfc062723c751e8b465ee728b)
Start importing Packages/org.mixedrealitytoolkit.input/Assets/Prefabs/MRTK RightHand Controller.prefab using Guid(82333e6e543cb7e4dbd5b1d47aff3f58) Importer(815301076,1909f56bfc062723c751e8b465ee728b)  -> (artifact id: '678f3da2faa613a97ac4227589ba5c11') in 0.137261 seconds
Number of updated asset objects reloaded before import = 0
Number of asset objects unloaded after import = 542
========================================================================
Received Import Request.
  Time since last request: 0.000027 seconds.
  path: Packages/org.mixedrealitytoolkit.standardassets/Icons/MRTK_FluentIconSet.ttf
  artifactKey: Guid(4929ff692260df04a9e9e226ad81984a) Importer(815301076,1909f56bfc062723c751e8b465ee728b)
Start importing Packages/org.mixedrealitytoolkit.standardassets/Icons/MRTK_FluentIconSet.ttf using Guid(4929ff692260df04a9e9e226ad81984a) Importer(815301076,1909f56bfc062723c751e8b465ee728b)  -> (artifact id: 'ad6b927b9d9d7fa82f301a6983913590') in 0.041657 seconds
Number of updated asset objects reloaded before import = 0
Number of asset objects unloaded after import = 4
========================================================================
Received Import Request.
  Time since last request: 0.000036 seconds.
  path: Packages/org.mixedrealitytoolkit.standardassets/Materials/CompressedButtonMaterial/MRTK_ButtonBackplateHighlightGlow_32mm.mat
  artifactKey: Guid(047b59022c583b040ae4a202e758bb81) Importer(815301076,1909f56bfc062723c751e8b465ee728b)
Start importing Packages/org.mixedrealitytoolkit.standardassets/Materials/CompressedButtonMaterial/MRTK_ButtonBackplateHighlightGlow_32mm.mat using Guid(047b59022c583b040ae4a202e758bb81) Importer(815301076,1909f56bfc062723c751e8b465ee728b)  -> (artifact id: '1610b016cdd63cc9534e568c99360da3') in 0.069548 seconds
Number of updated asset objects reloaded before import = 0
Number of asset objects unloaded after import = 1
========================================================================
Received Import Request.
  Time since last request: 0.000044 seconds.
  path: Packages/org.mixedrealitytoolkit.standardassets/Audio/HoloLens2/MRTK_ButtonUnpress.wav
  artifactKey: Guid(f2b39c1fa02395640bced3c8e5f9696e) Importer(815301076,1909f56bfc062723c751e8b465ee728b)
Start importing Packages/org.mixedrealitytoolkit.standardassets/Audio/HoloLens2/MRTK_ButtonUnpress.wav using Guid(f2b39c1fa02395640bced3c8e5f9696e) Importer(815301076,1909f56bfc062723c751e8b465ee728b)  -> (artifact id: 'ff3b58c9b08bd6c51e4348f5641e1494') in 0.025173 seconds
Number of updated asset objects reloaded before import = 0
Number of asset objects unloaded after import = 2
========================================================================
Received Import Request.
  Time since last request: 0.000027 seconds.
  path: Packages/org.mixedrealitytoolkit.standardassets/Audio/HoloLens2/MRTK_Notification.wav
  artifactKey: Guid(50b629cc6a6feb0458f4b22b5c96eb91) Importer(815301076,1909f56bfc062723c751e8b465ee728b)
Start importing Packages/org.mixedrealitytoolkit.standardassets/Audio/HoloLens2/MRTK_Notification.wav using Guid(50b629cc6a6feb0458f4b22b5c96eb91) Importer(815301076,1909f56bfc062723c751e8b465ee728b)  -> (artifact id: '509b48a6ec95e2c214036bb006848f5c') in 0.018045 seconds
Number of updated asset objects reloaded before import = 0
Number of asset objects unloaded after import = 2
========================================================================
Received Import Request.
  Time since last request: 0.000020 seconds.
  path: Packages/org.mixedrealitytoolkit.standardassets/Materials/Slider/MRTK_SliderThumbGrabber.mat
  artifactKey: Guid(952eab906a13e2946b3f763e4882c6a8) Importer(815301076,1909f56bfc062723c751e8b465ee728b)
Start importing Packages/org.mixedrealitytoolkit.standardassets/Materials/Slider/MRTK_SliderThumbGrabber.mat using Guid(952eab906a13e2946b3f763e4882c6a8) Importer(815301076,1909f56bfc062723c751e8b465ee728b)  -> (artifact id: 'dfab8aa64be19c1ce62ad98d06c80d16') in 0.120462 seconds
Number of updated asset objects reloaded before import = 0
Number of asset objects unloaded after import = 1
========================================================================
Received Import Request.
  Time since last request: 0.000024 seconds.
  path: Packages/org.mixedrealitytoolkit.standardassets/Materials/HandRays/MRTK_DefaultRay.mat
  artifactKey: Guid(f00a9d40790cdc54aa52c7d81ad923f3) Importer(815301076,1909f56bfc062723c751e8b465ee728b)
Start importing Packages/org.mixedrealitytoolkit.standardassets/Materials/HandRays/MRTK_DefaultRay.mat using Guid(f00a9d40790cdc54aa52c7d81ad923f3) Importer(815301076,1909f56bfc062723c751e8b465ee728b)  -> (artifact id: 'fb065522219b62175dd4f483190d3616') in 0.049036 seconds
Number of updated asset objects reloaded before import = 0
Number of asset objects unloaded after import = 2
========================================================================
Received Import Request.
  Time since last request: 0.000093 seconds.
  path: Packages/org.mixedrealitytoolkit.uxcore/Editor/MRTK.UXCore.Editor.asmdef
  artifactKey: Guid(e76caf03ea6b3df499bbc873e017d102) Importer(815301076,1909f56bfc062723c751e8b465ee728b)
Start importing Packages/org.mixedrealitytoolkit.uxcore/Editor/MRTK.UXCore.Editor.asmdef using Guid(e76caf03ea6b3df499bbc873e017d102) Importer(815301076,1909f56bfc062723c751e8b465ee728b)  -> (artifact id: '7d3740b9311a5e2b4a43691c7b373d1a') in 0.000749 seconds
Number of updated asset objects reloaded before import = 0
Number of asset objects unloaded after import = 0
========================================================================
Received Import Request.
  Time since last request: 0.000060 seconds.
  path: Packages/org.mixedrealitytoolkit.standardassets/Models/MRTK_BoundingBox_TranslateHandle.fbx
  artifactKey: Guid(6241bb4be90fdb446815078d56b9111f) Importer(815301076,1909f56bfc062723c751e8b465ee728b)
Start importing Packages/org.mixedrealitytoolkit.standardassets/Models/MRTK_BoundingBox_TranslateHandle.fbx using Guid(6241bb4be90fdb446815078d56b9111f) Importer(815301076,1909f56bfc062723c751e8b465ee728b)  -> (artifact id: '4a5cd448b152655a6e7427c8069e6d13') in 0.373449 seconds
Number of updated asset objects reloaded before import = 0
Number of asset objects unloaded after import = 7
========================================================================
Received Import Request.
  Time since last request: 0.000030 seconds.
  path: Packages/org.mixedrealitytoolkit.extendedassets/Materials/MRTK_GemCoffee_mat.mat
  artifactKey: Guid(edc81f8444b03444eae776bfc3a3dd00) Importer(815301076,1909f56bfc062723c751e8b465ee728b)
Start importing Packages/org.mixedrealitytoolkit.extendedassets/Materials/MRTK_GemCoffee_mat.mat using Guid(edc81f8444b03444eae776bfc3a3dd00) Importer(815301076,1909f56bfc062723c751e8b465ee728b)  -> (artifact id: '9fdaaab4c212eab0a74d482a3075fd40') in 0.181550 seconds
Number of updated asset objects reloaded before import = 0
Number of asset objects unloaded after import = 2
========================================================================
Received Import Request.
  Time since last request: 0.000033 seconds.
  path: Packages/org.mixedrealitytoolkit.standardassets/Audio/HoloLens2/MRTK_Manipulation_End.wav
  artifactKey: Guid(9f512430eba32d845aab8de9ba5e393c) Importer(815301076,1909f56bfc062723c751e8b465ee728b)
Start importing Packages/org.mixedrealitytoolkit.standardassets/Audio/HoloLens2/MRTK_Manipulation_End.wav using Guid(9f512430eba32d845aab8de9ba5e393c) Importer(815301076,1909f56bfc062723c751e8b465ee728b)  -> (artifact id: '77488c3fb71e6961ac4b449d5ca907b9') in 0.014162 seconds
Number of updated asset objects reloaded before import = 0
Number of asset objects unloaded after import = 2
========================================================================
Received Import Request.
  Time since last request: 0.000023 seconds.
  path: Packages/org.mixedrealitytoolkit.standardassets/Materials/MRTK_Stageplate_1cm.mat
  artifactKey: Guid(fa21a874e3f75f84f8a7d806d8809ca0) Importer(815301076,1909f56bfc062723c751e8b465ee728b)
Start importing Packages/org.mixedrealitytoolkit.standardassets/Materials/MRTK_Stageplate_1cm.mat using Guid(fa21a874e3f75f84f8a7d806d8809ca0) Importer(815301076,1909f56bfc062723c751e8b465ee728b)  -> (artifact id: '0a1055ccf6113693269bfd4c707be88b') in 0.123129 seconds
Number of updated asset objects reloaded before import = 0
Number of asset objects unloaded after import = 2
========================================================================
Received Import Request.
  Time since last request: 0.000023 seconds.
  path: Packages/org.mixedrealitytoolkit.standardassets/Materials/CompressedButtonMaterial/MRTK_Backplate_08mm_Gradient.mat
  artifactKey: Guid(9bcfe6e80e7f20c4c95aa47d2107fd7f) Importer(815301076,1909f56bfc062723c751e8b465ee728b)
Start importing Packages/org.mixedrealitytoolkit.standardassets/Materials/CompressedButtonMaterial/MRTK_Backplate_08mm_Gradient.mat using Guid(9bcfe6e80e7f20c4c95aa47d2107fd7f) Importer(815301076,1909f56bfc062723c751e8b465ee728b)  -> (artifact id: '188a5cb00b647c1932ec56c08db64715') in 0.017320 seconds
Number of updated asset objects reloaded before import = 0
Number of asset objects unloaded after import = 2
========================================================================
Received Import Request.
  Time since last request: 0.000191 seconds.
  path: Packages/org.mixedrealitytoolkit.standardassets/Audio/HoloLens2/MRTK_Rotate_Stop.wav
  artifactKey: Guid(b59dfcadf9127b64aad15b10b470a7ff) Importer(815301076,1909f56bfc062723c751e8b465ee728b)
Start importing Packages/org.mixedrealitytoolkit.standardassets/Audio/HoloLens2/MRTK_Rotate_Stop.wav using Guid(b59dfcadf9127b64aad15b10b470a7ff) Importer(815301076,1909f56bfc062723c751e8b465ee728b)  -> (artifact id: '1efa3e3c82814c4f6fc5783479996b1b') in 0.011998 seconds
Number of updated asset objects reloaded before import = 0
Number of asset objects unloaded after import = 2
========================================================================
Received Import Request.
  Time since last request: 0.000020 seconds.
  path: Packages/org.mixedrealitytoolkit.standardassets/Materials/CompressedButtonMaterial/MRTK_Backplate_10mm_Gradient_Circular.mat
  artifactKey: Guid(7176a17b48880904b8a311fd53c55e35) Importer(815301076,1909f56bfc062723c751e8b465ee728b)
Start importing Packages/org.mixedrealitytoolkit.standardassets/Materials/CompressedButtonMaterial/MRTK_Backplate_10mm_Gradient_Circular.mat using Guid(7176a17b48880904b8a311fd53c55e35) Importer(815301076,1909f56bfc062723c751e8b465ee728b)  -> (artifact id: '72ff852d177503080bb3fdfef3a0aee6') in 0.016049 seconds
Number of updated asset objects reloaded before import = 0
Number of asset objects unloaded after import = 2
========================================================================
Received Import Request.
  Time since last request: 0.000019 seconds.
  path: Packages/org.mixedrealitytoolkit.standardassets/Audio/HoloLens2/MRTK_Rotate_Start.wav
  artifactKey: Guid(8cf342cfdef942745bff6d0d7b750fb9) Importer(815301076,1909f56bfc062723c751e8b465ee728b)
Start importing Packages/org.mixedrealitytoolkit.standardassets/Audio/HoloLens2/MRTK_Rotate_Start.wav using Guid(8cf342cfdef942745bff6d0d7b750fb9) Importer(815301076,1909f56bfc062723c751e8b465ee728b)  -> (artifact id: '19349335ecfa04a612f3681950a19b1d') in 0.012038 seconds
Number of updated asset objects reloaded before import = 0
Number of asset objects unloaded after import = 2
========================================================================
Received Import Request.
  Time since last request: 0.000022 seconds.
  path: Packages/org.mixedrealitytoolkit.standardassets/Audio/HoloLens2/MRTK_Slider_Pass_Notch.wav
  artifactKey: Guid(bb2e061449451aa45960db70c734b513) Importer(815301076,1909f56bfc062723c751e8b465ee728b)
Start importing Packages/org.mixedrealitytoolkit.standardassets/Audio/HoloLens2/MRTK_Slider_Pass_Notch.wav using Guid(bb2e061449451aa45960db70c734b513) Importer(815301076,1909f56bfc062723c751e8b465ee728b)  -> (artifact id: '6ff69e40b8fc07c1ae8974ea303c5c3e') in 0.011525 seconds
Number of updated asset objects reloaded before import = 0
Number of asset objects unloaded after import = 2
========================================================================
Received Import Request.
  Time since last request: 0.000031 seconds.
  path: Packages/org.mixedrealitytoolkit.standardassets/Materials/MRTK_Standard_TransparentBlue.mat
  artifactKey: Guid(fd7308cd632034c4aa20b81ded4de6e8) Importer(815301076,1909f56bfc062723c751e8b465ee728b)
Start importing Packages/org.mixedrealitytoolkit.standardassets/Materials/MRTK_Standard_TransparentBlue.mat using Guid(fd7308cd632034c4aa20b81ded4de6e8) Importer(815301076,1909f56bfc062723c751e8b465ee728b)  -> (artifact id: '0abaacd773f62403c8926f3b6cee6a80') in 0.093313 seconds
Number of updated asset objects reloaded before import = 0
Number of asset objects unloaded after import = 1
========================================================================
Received Import Request.
  Time since last request: 0.000027 seconds.
  path: Packages/org.mixedrealitytoolkit.standardassets/Materials/CompressedButtonMaterial/MRTK_SeeItSayItLabelPlate_13mm_Gradient.mat
  artifactKey: Guid(6b409428469dec84881d43604a411f06) Importer(815301076,1909f56bfc062723c751e8b465ee728b)
Start importing Packages/org.mixedrealitytoolkit.standardassets/Materials/CompressedButtonMaterial/MRTK_SeeItSayItLabelPlate_13mm_Gradient.mat using Guid(6b409428469dec84881d43604a411f06) Importer(815301076,1909f56bfc062723c751e8b465ee728b)  -> (artifact id: '8a4248007559a79d160deb1625cf7858') in 0.015443 seconds
Number of updated asset objects reloaded before import = 0
Number of asset objects unloaded after import = 2
========================================================================
Received Import Request.
  Time since last request: 0.000021 seconds.
  path: Packages/org.mixedrealitytoolkit.extendedassets/Audio/MRTK_Gem.wav
  artifactKey: Guid(9d2d43ccc2bcea04894322c54263fa4b) Importer(815301076,1909f56bfc062723c751e8b465ee728b)
Start importing Packages/org.mixedrealitytoolkit.extendedassets/Audio/MRTK_Gem.wav using Guid(9d2d43ccc2bcea04894322c54263fa4b) Importer(815301076,1909f56bfc062723c751e8b465ee728b)  -> (artifact id: 'a2803baac652ade358eea19ed4e58422') in 0.033349 seconds
Number of updated asset objects reloaded before import = 0
Number of asset objects unloaded after import = 2
========================================================================
Received Import Request.
  Time since last request: 20.363111 seconds.
  path: Packages/org.mixedrealitytoolkit.uxcomponents.noncanvas/Experimental/Theming/Profiles/MRTK_UX_ThemeProfile.asset
  artifactKey: Guid(50e9d3e2bd0b76c4bbf6aac77ceabb41) Importer(815301076,1909f56bfc062723c751e8b465ee728b)
Start importing Packages/org.mixedrealitytoolkit.uxcomponents.noncanvas/Experimental/Theming/Profiles/MRTK_UX_ThemeProfile.asset using Guid(50e9d3e2bd0b76c4bbf6aac77ceabb41) Importer(815301076,1909f56bfc062723c751e8b465ee728b)  -> (artifact id: '94f94f93bcb78403e2e16ca8dcb378ce') in 0.011384 seconds
Number of updated asset objects reloaded before import = 0
Number of asset objects unloaded after import = 20
========================================================================
Received Prepare
Refreshing native plugins compatible for Editor in 27.70 ms, found 17 plugins.
Preloading 0 native plugins for Editor in 0.00 ms.
Unloading 10 Unused Serialized files (Serialized files now loaded: 0)
Unloading 10 unused Assets / (1.2 MB). Loaded Objects now: 6084.
Memory consumption went from 104.9 MB to 103.7 MB.
Total: 9.943700 ms (FindLiveObjects: 0.625000 ms CreateObjectMapping: 0.352800 ms MarkObjects: 7.962100 ms  DeleteObjects: 1.002300 ms)

[XR] Error loading subsystem: Display (1) (header mismatch?)
[XR] [MROpenXR][Info   ][16:15:39.980115][tid:9e30] OnPluginStarted UnityVersion=2022.3.13f1c1 OpenXRPluginVersion=1.9.1 MROpenXRPluginVersion=1.10.1.0 PartA_PrivTags=33554432
[XR] [MROpenXR][Info   ][16:15:39.980115][tid:9e30] OnPluginStarted UnityVersion=2022.3.13f1c1 OpenXRPluginVersion=1.9.1 MROpenXRPluginVersion=1.10.1.0 PartA_PrivTags=33554432
Prepare: number of updated asset objects reloaded= 49
AssetImportParameters requested are different than current active one (requested -> active):
  colorSpace: 1 -> 0
  custom:container-demuxer-ogg: 62fdf1f143b41e24485cea50d1cbac27 -> 
  custom:video-codec-MediaFoundation-h265: 746d11721c4dcdbdad8f713fa42b33f4 -> 
  custom:video-decoder-ogg-theora: a1e56fd34408186e4bbccfd4996cb3dc -> 
  custom:framework-win-MediaFoundation: 216162199b28c13a410421893ffa2e32 -> 
  custom:CustomObjectIndexerAttribute: 756ad292c208cfabdd7b50bc23989ffe -> 
  custom:container-demuxer-webm: 4f35f7cbe854078d1ac9338744f61a02 -> 
  custom:container-muxer-webm: aa71ff27fc2769a1b78a27578f13a17b -> 
  custom:video-decoder-webm-vp8: 9c59270c3fd7afecdb556c50c9e8de78 -> 
  custom:SearchIndexIgnoredProperties: e643bd26f0fe6173181afceb89e7c659 -> 
  custom:AudioImporter_EditorPlatform: d09bf68614088b80899f8185d706f6e7 -> 
  custom:video-encoder-webm-vp8: eb34c28f22e8b96e1ab97ce403110664 -> 
  custom:graphics/active-color-space: 03000000000000000000000000000000 -> 02000000000000000000000000000000
  custom:audio-decoder-ogg-vorbis: bf7c407c2cedff20999df2af8eb42d56 -> 
  custom:audio-encoder-webm-vorbis: bf7c407c2cedff20999df2af8eb42d56 -> 
========================================================================
Received Prepare
Begin MonoManager ReloadAssembly
- Loaded All Assemblies, in  0.844 seconds
Refreshing native plugins compatible for Editor in 28.05 ms, found 17 plugins.
Native extension for UWP target not found
Native extension for WindowsStandalone target not found
Native extension for WebGL target not found
[Package Manager] Server::EnsureServerProcessIsRunning -- launch failed, reason: Unity was launched with the -noUpm command-line argument
[Package Manager] UpmClient::Send -- Unable to send message (not connected to UPM process).
[Package Manager] Cannot connect to Unity Package Manager local server
[Package Manager] Server::EnsureServerProcessIsRunning -- launch failed, reason: Unity was launched with the -noUpm command-line argument
[Package Manager] UpmClient::Send -- Unable to send message (not connected to UPM process).
[Package Manager] Cannot connect to Unity Package Manager local server
Mono: successfully reloaded assembly
[Package Manager] Server::EnsureServerProcessIsRunning -- launch failed, reason: Unity was launched with the -noUpm command-line argument
[Package Manager] UpmClient::Send -- Unable to send message (not connected to UPM process).
[Package Manager] Cannot connect to Unity Package Manager local server
- Finished resetting the current domain, in  1.678 seconds
Domain Reload Profiling: 2514ms
	BeginReloadAssembly (242ms)
		ExecutionOrderSort (0ms)
		DisableScriptedObjects (7ms)
		BackupInstance (0ms)
		ReleaseScriptingObjects (0ms)
		CreateAndSetChildDomain (74ms)
	RebuildCommonClasses (36ms)
	RebuildNativeTypeToScriptingClass (14ms)
	initialDomainReloadingComplete (49ms)
	LoadAllAssembliesAndSetupDomain (494ms)
		LoadAssemblies (410ms)
		RebuildTransferFunctionScriptingTraits (0ms)
		AnalyzeDomain (198ms)
			TypeCache.Refresh (146ms)
				TypeCache.ScanAssembly (126ms)
			ScanForSourceGeneratedMonoScriptInfo (37ms)
			ResolveRequiredComponents (13ms)
	FinalizeReload (1679ms)
		ReleaseScriptCaches (0ms)
		RebuildScriptCaches (0ms)
		SetupLoadedEditorAssemblies (985ms)
			LogAssemblyErrors (0ms)
			InitializePlatformSupportModulesInManaged (11ms)
			SetLoadedEditorAssemblies (8ms)
			RefreshPlugins (0ms)
			BeforeProcessingInitializeOnLoad (164ms)
			ProcessInitializeOnLoadAttributes (707ms)
			ProcessInitializeOnLoadMethodAttributes (81ms)
			AfterProcessingInitializeOnLoad (12ms)
			EditorAssembliesLoaded (1ms)
		ExecutionOrderSort2 (0ms)
		AwakeInstancesAfterBackupRestoration (14ms)
Refreshing native plugins compatible for Editor in 24.62 ms, found 17 plugins.
Preloading 0 native plugins for Editor in 0.00 ms.
Unloading 5501 Unused Serialized files (Serialized files now loaded: 0)
Unloading 78 unused Assets / (1.3 MB). Loaded Objects now: 6090.
Memory consumption went from 191.2 MB to 189.9 MB.
Total: 10.632100 ms (FindLiveObjects: 0.786500 ms CreateObjectMapping: 0.481800 ms MarkObjects: 8.095000 ms  DeleteObjects: 1.266800 ms)

Prepare: number of updated asset objects reloaded= 0
AssetImportParameters requested are different than current active one (requested -> active):
  colorSpace: 1 -> 0
  custom:container-demuxer-ogg: 62fdf1f143b41e24485cea50d1cbac27 -> 
  custom:video-codec-MediaFoundation-h265: 746d11721c4dcdbdad8f713fa42b33f4 -> 
  custom:video-decoder-ogg-theora: a1e56fd34408186e4bbccfd4996cb3dc -> 
  custom:framework-win-MediaFoundation: 216162199b28c13a410421893ffa2e32 -> 
  custom:CustomObjectIndexerAttribute: 756ad292c208cfabdd7b50bc23989ffe -> 
  custom:container-demuxer-webm: 4f35f7cbe854078d1ac9338744f61a02 -> 
  custom:container-muxer-webm: aa71ff27fc2769a1b78a27578f13a17b -> 
  custom:video-decoder-webm-vp8: 9c59270c3fd7afecdb556c50c9e8de78 -> 
  custom:SearchIndexIgnoredProperties: e643bd26f0fe6173181afceb89e7c659 -> 
  custom:AudioImporter_EditorPlatform: d09bf68614088b80899f8185d706f6e7 -> 
  custom:video-encoder-webm-vp8: eb34c28f22e8b96e1ab97ce403110664 -> 
  custom:graphics/active-color-space: 03000000000000000000000000000000 -> 02000000000000000000000000000000
  custom:audio-decoder-ogg-vorbis: bf7c407c2cedff20999df2af8eb42d56 -> 
  custom:audio-encoder-webm-vorbis: bf7c407c2cedff20999df2af8eb42d56 -> 
========================================================================
Received Import Request.
  Time since last request: 331.265460 seconds.
  path: Packages/org.mixedrealitytoolkit.standardassets/Textures/Logos/IconMRTKLogo.png
  artifactKey: Guid(9a103eedd3fec864889981cf1c223efb) Importer(815301076,1909f56bfc062723c751e8b465ee728b)
Start importing Packages/org.mixedrealitytoolkit.standardassets/Textures/Logos/IconMRTKLogo.png using Guid(9a103eedd3fec864889981cf1c223efb) Importer(815301076,1909f56bfc062723c751e8b465ee728b)  -> (artifact id: '64c108749f952cd020d62d1e862c9979') in 0.121737 seconds
Number of updated asset objects reloaded before import = 0
Number of asset objects unloaded after import = 3
========================================================================
Received Import Request.
  Time since last request: 0.000155 seconds.
  path: Packages/org.mixedrealitytoolkit.input/Assets/Prefabs/MRTK RightHand Controller.prefab
  artifactKey: Guid(82333e6e543cb7e4dbd5b1d47aff3f58) Importer(815301076,1909f56bfc062723c751e8b465ee728b)
Start importing Packages/org.mixedrealitytoolkit.input/Assets/Prefabs/MRTK RightHand Controller.prefab using Guid(82333e6e543cb7e4dbd5b1d47aff3f58) Importer(815301076,1909f56bfc062723c751e8b465ee728b)  -> (artifact id: '3818794bdf053dd7beabb55170e96406') in 0.165136 seconds
Number of updated asset objects reloaded before import = 0
Number of asset objects unloaded after import = 542
========================================================================
Received Import Request.
  Time since last request: 0.000027 seconds.
  path: Packages/org.mixedrealitytoolkit.input/Assets/Prefabs/MRTK XR Rig.prefab
  artifactKey: Guid(4d7e2f87fefe0ba468719b15288b46e7) Importer(815301076,1909f56bfc062723c751e8b465ee728b)
Start importing Packages/org.mixedrealitytoolkit.input/Assets/Prefabs/MRTK XR Rig.prefab using Guid(4d7e2f87fefe0ba468719b15288b46e7) Importer(815301076,1909f56bfc062723c751e8b465ee728b)  -> (artifact id: 'a8e0b1d982cd00841bd82229934f446c') in 0.087893 seconds
Number of updated asset objects reloaded before import = 0
Number of asset objects unloaded after import = 721
========================================================================
Received Import Request.
  Time since last request: 0.000036 seconds.
  path: Packages/org.mixedrealitytoolkit.standardassets/Materials/CompressedButtonMaterial/MRTK_Backplate_10mm_Gradient_HoloLens2.mat
  artifactKey: Guid(3c71c8468ef9b794f8d9da0de713234d) Importer(815301076,1909f56bfc062723c751e8b465ee728b)
Start importing Packages/org.mixedrealitytoolkit.standardassets/Materials/CompressedButtonMaterial/MRTK_Backplate_10mm_Gradient_HoloLens2.mat using Guid(3c71c8468ef9b794f8d9da0de713234d) Importer(815301076,1909f56bfc062723c751e8b465ee728b)  -> (artifact id: 'ebc3a3e92822209613f8d6d929a9d910') in 0.088655 seconds
Number of updated asset objects reloaded before import = 0
Number of asset objects unloaded after import = 2
========================================================================
Received Import Request.
  Time since last request: 0.000046 seconds.
  path: Packages/org.mixedrealitytoolkit.standardassets/Materials/CompressedButtonMaterial/MRTK_Backplate_04mm_Gradient.mat
  artifactKey: Guid(fcfe8cc418b3cce46b735787e6ee75b2) Importer(815301076,1909f56bfc062723c751e8b465ee728b)
Start importing Packages/org.mixedrealitytoolkit.standardassets/Materials/CompressedButtonMaterial/MRTK_Backplate_04mm_Gradient.mat using Guid(fcfe8cc418b3cce46b735787e6ee75b2) Importer(815301076,1909f56bfc062723c751e8b465ee728b)  -> (artifact id: '27512c0eabfe836e222db01a43032c09') in 0.023751 seconds
Number of updated asset objects reloaded before import = 0
Number of asset objects unloaded after import = 2
========================================================================
Received Import Request.
  Time since last request: 0.000251 seconds.
  path: Packages/org.mixedrealitytoolkit.input/Experimental/SpatialMouse/MRTK Spatial Mouse Controller.prefab
  artifactKey: Guid(dc525621b8522034e867ed2799129315) Importer(815301076,1909f56bfc062723c751e8b465ee728b)
Start importing Packages/org.mixedrealitytoolkit.input/Experimental/SpatialMouse/MRTK Spatial Mouse Controller.prefab using Guid(dc525621b8522034e867ed2799129315) Importer(815301076,1909f56bfc062723c751e8b465ee728b)  -> (artifact id: 'ea6684515d17d17e561bb42f8506a7f8') in 0.058074 seconds
Number of updated asset objects reloaded before import = 0
Number of asset objects unloaded after import = 29
========================================================================
Received Import Request.
  Time since last request: 0.000028 seconds.
  path: Packages/org.mixedrealitytoolkit.standardassets/Materials/CompressedButtonMaterial/MRTK_ButtonFrontplateHighlight_32mm_HoloLens2.mat
  artifactKey: Guid(9f0f030aa44b4c74fad6e316372a9b8a) Importer(815301076,1909f56bfc062723c751e8b465ee728b)
Start importing Packages/org.mixedrealitytoolkit.standardassets/Materials/CompressedButtonMaterial/MRTK_ButtonFrontplateHighlight_32mm_HoloLens2.mat using Guid(9f0f030aa44b4c74fad6e316372a9b8a) Importer(815301076,1909f56bfc062723c751e8b465ee728b)  -> (artifact id: '8588d2e86ecf9292a4650f3f5216d9f2') in 0.136817 seconds
Number of updated asset objects reloaded before import = 0
Number of asset objects unloaded after import = 2
========================================================================
Received Import Request.
  Time since last request: 0.000302 seconds.
  path: Packages/org.mixedrealitytoolkit.standardassets/Materials/CompressedButtonMaterial/MRTK_Backplate_12mm_Gradient_NoOutline.mat
  artifactKey: Guid(a157027d507182d4a995837592addda3) Importer(815301076,1909f56bfc062723c751e8b465ee728b)
Start importing Packages/org.mixedrealitytoolkit.standardassets/Materials/CompressedButtonMaterial/MRTK_Backplate_12mm_Gradient_NoOutline.mat using Guid(a157027d507182d4a995837592addda3) Importer(815301076,1909f56bfc062723c751e8b465ee728b)  -> (artifact id: '024f749e1c87588abd11866c339d8c61') in 0.078683 seconds
Number of updated asset objects reloaded before import = 0
Number of asset objects unloaded after import = 2
========================================================================
Received Import Request.
  Time since last request: 0.000179 seconds.
  path: Packages/org.mixedrealitytoolkit.standardassets/Materials/CompressedButtonMaterial/MRTK_Backplate_10mm_Gradient_NoOutline.mat
  artifactKey: Guid(54843790dbfd3094faecc723cef1a846) Importer(815301076,1909f56bfc062723c751e8b465ee728b)
Start importing Packages/org.mixedrealitytoolkit.standardassets/Materials/CompressedButtonMaterial/MRTK_Backplate_10mm_Gradient_NoOutline.mat using Guid(54843790dbfd3094faecc723cef1a846) Importer(815301076,1909f56bfc062723c751e8b465ee728b)  -> (artifact id: 'bc55382e6d629e63842f2cca0f744de7') in 0.017504 seconds
Number of updated asset objects reloaded before import = 0
Number of asset objects unloaded after import = 2
========================================================================
Received Import Request.
  Time since last request: 0.000213 seconds.
  path: Packages/org.mixedrealitytoolkit.standardassets/Materials/MRTK_Stageplate_1cm.mat
  artifactKey: Guid(fa21a874e3f75f84f8a7d806d8809ca0) Importer(815301076,1909f56bfc062723c751e8b465ee728b)
Start importing Packages/org.mixedrealitytoolkit.standardassets/Materials/MRTK_Stageplate_1cm.mat using Guid(fa21a874e3f75f84f8a7d806d8809ca0) Importer(815301076,1909f56bfc062723c751e8b465ee728b)  -> (artifact id: '687bfac9a36cd6e2a336984022c1c668') in 0.015638 seconds
Number of updated asset objects reloaded before import = 0
Number of asset objects unloaded after import = 2
========================================================================
Received Import Request.
  Time since last request: 0.000089 seconds.
  path: Packages/org.mixedrealitytoolkit.standardassets/Materials/CompressedButtonMaterial/MRTK_Backplate_06mm_Gradient.mat
  artifactKey: Guid(ca0ca42927acfb54cb91904cb8bbb24c) Importer(815301076,1909f56bfc062723c751e8b465ee728b)
Start importing Packages/org.mixedrealitytoolkit.standardassets/Materials/CompressedButtonMaterial/MRTK_Backplate_06mm_Gradient.mat using Guid(ca0ca42927acfb54cb91904cb8bbb24c) Importer(815301076,1909f56bfc062723c751e8b465ee728b)  -> (artifact id: '213cf622c97555db4046a54de33f1661') in 0.018046 seconds
Number of updated asset objects reloaded before import = 0
Number of asset objects unloaded after import = 2
========================================================================
Received Import Request.
  Time since last request: 0.000260 seconds.
  path: Packages/org.mixedrealitytoolkit.standardassets/Materials/Slider/Toggle_Capsule_MRTK_Blue_24x24_0380FD.mat
  artifactKey: Guid(f793ec2ac1c957a4a85751d7db24d2c6) Importer(815301076,1909f56bfc062723c751e8b465ee728b)
Start importing Packages/org.mixedrealitytoolkit.standardassets/Materials/Slider/Toggle_Capsule_MRTK_Blue_24x24_0380FD.mat using Guid(f793ec2ac1c957a4a85751d7db24d2c6) Importer(815301076,1909f56bfc062723c751e8b465ee728b)  -> (artifact id: '039fd6a56620ac91e440e75e9314489b') in 0.140304 seconds
Number of updated asset objects reloaded before import = 0
Number of asset objects unloaded after import = 1
========================================================================
Received Import Request.
  Time since last request: 0.000138 seconds.
  path: Packages/org.mixedrealitytoolkit.standardassets/Textures/Logos/MRTK_Logo_Black.png
  artifactKey: Guid(fa0038d8d2df1dd4c99f346c8ec9e746) Importer(815301076,1909f56bfc062723c751e8b465ee728b)
Start importing Packages/org.mixedrealitytoolkit.standardassets/Textures/Logos/MRTK_Logo_Black.png using Guid(fa0038d8d2df1dd4c99f346c8ec9e746) Importer(815301076,1909f56bfc062723c751e8b465ee728b)  -> (artifact id: '88415aa9b418f0f0a9a9a9507d42ed95') in 0.022596 seconds
Number of updated asset objects reloaded before import = 0
Number of asset objects unloaded after import = 3
========================================================================
Received Import Request.
  Time since last request: 0.000301 seconds.
  path: Packages/org.mixedrealitytoolkit.windowsspeech/Assets/Default Configs/MRTKWinTextToSpeechConfig.asset
  artifactKey: Guid(ec06601741075d94188888a307e8ebd7) Importer(815301076,1909f56bfc062723c751e8b465ee728b)
Start importing Packages/org.mixedrealitytoolkit.windowsspeech/Assets/Default Configs/MRTKWinTextToSpeechConfig.asset using Guid(ec06601741075d94188888a307e8ebd7) Importer(815301076,1909f56bfc062723c751e8b465ee728b)  -> (artifact id: '5d1559642bea3eb52141d1fe53ba6826') in 0.002238 seconds
Number of updated asset objects reloaded before import = 0
Number of asset objects unloaded after import = 1
Editor requested this worker to shutdown with reason: Scaling down because of idle timeout
TcpMessagingSession - receive error: operation aborted. errorcode: 995, details: The I/O operation has been aborted because of either a thread exit or an application request.
AssetImportWorker is now disconnected from the server
Process exiting
Exiting without the bug reporter. Application will terminate with return code 0