Using pre-set license
Built from '2022.3/staging' branch; Version is '2022.3.16f1 (d2c21f0ef2f1) revision 13812255'; Using compiler version '192829333'; Build Type 'Release'
OS: 'Windows 11  (10.0.22631) 64bit Professional' Language: 'en' Physical Memory: 65235 MB
BatchMode: 1, IsHumanControllingUs: 0, StartBugReporterOnCrash: 0, Is64bit: 1, IsPro: 1

COMMAND LINE ARGUMENTS:
C:\Program Files\Unity\Hub\Editor\2022.3.16f1\Editor\Unity.exe
-adb2
-batchMode
-noUpm
-name
AssetImportWorker15
-projectPath
D:/Unity_projects/AR_simple_scenario
-logFile
Logs/AssetImportWorker15.log
-srvPort
52253
Successfully changed project path to: D:/Unity_projects/AR_simple_scenario
D:/Unity_projects/AR_simple_scenario
[UnityMemory] Configuration Parameters - Can be set up in boot.config
    "memorysetup-bucket-allocator-granularity=16"
    "memorysetup-bucket-allocator-bucket-count=8"
    "memorysetup-bucket-allocator-block-size=33554432"
    "memorysetup-bucket-allocator-block-count=8"
    "memorysetup-main-allocator-block-size=16777216"
    "memorysetup-thread-allocator-block-size=16777216"
    "memorysetup-gfx-main-allocator-block-size=16777216"
    "memorysetup-gfx-thread-allocator-block-size=16777216"
    "memorysetup-cache-allocator-block-size=4194304"
    "memorysetup-typetree-allocator-block-size=2097152"
    "memorysetup-profiler-bucket-allocator-granularity=16"
    "memorysetup-profiler-bucket-allocator-bucket-count=8"
    "memorysetup-profiler-bucket-allocator-block-size=33554432"
    "memorysetup-profiler-bucket-allocator-block-count=8"
    "memorysetup-profiler-allocator-block-size=16777216"
    "memorysetup-profiler-editor-allocator-block-size=1048576"
    "memorysetup-temp-allocator-size-main=16777216"
    "memorysetup-job-temp-allocator-block-size=2097152"
    "memorysetup-job-temp-allocator-block-size-background=1048576"
    "memorysetup-job-temp-allocator-reduction-small-platforms=262144"
    "memorysetup-allocator-temp-initial-block-size-main=262144"
    "memorysetup-allocator-temp-initial-block-size-worker=262144"
    "memorysetup-temp-allocator-size-background-worker=32768"
    "memorysetup-temp-allocator-size-job-worker=262144"
    "memorysetup-temp-allocator-size-preload-manager=33554432"
    "memorysetup-temp-allocator-size-nav-mesh-worker=65536"
    "memorysetup-temp-allocator-size-audio-worker=65536"
    "memorysetup-temp-allocator-size-cloud-worker=32768"
    "memorysetup-temp-allocator-size-gi-baking-worker=262144"
    "memorysetup-temp-allocator-size-gfx=262144"
Player connection [35008] Host "[IP] 192.168.56.1 [Port] 0 [Flags] 2 [Guid] 675838513 [EditorId] 675838513 [Version] 1048832 [Id] WindowsEditor(7,Co-i_A_Lab) [Debug] 1 [PackageName] WindowsEditor [ProjectName] Editor" joined multi-casting on [225.0.0.222:54997]...

Player connection [35008] Host "[IP] 192.168.56.1 [Port] 0 [Flags] 2 [Guid] 675838513 [EditorId] 675838513 [Version] 1048832 [Id] WindowsEditor(7,Co-i_A_Lab) [Debug] 1 [PackageName] WindowsEditor [ProjectName] Editor" joined alternative multi-casting on [225.0.0.222:34997]...

[Physics::Module] Initialized MultithreadedJobDispatcher with 23 workers.
Refreshing native plugins compatible for Editor in 24.68 ms, found 11 plugins.
Preloading 0 native plugins for Editor in 0.00 ms.
Initialize engine version: 2022.3.16f1 (d2c21f0ef2f1)
[Subsystems] Discovering subsystems at path C:/Program Files/Unity/Hub/Editor/2022.3.16f1/Editor/Data/Resources/UnitySubsystems
[Subsystems] Discovering subsystems at path D:/Unity_projects/AR_simple_scenario/Assets
GfxDevice: creating device client; threaded=0; jobified=0
Direct3D:
    Version:  Direct3D 11.0 [level 11.1]
    Renderer: NVIDIA RTX A2000 8GB Laptop GPU (ID=0x25ba)
    Vendor:   NVIDIA
    VRAM:     8056 MB
    Driver:   31.0.15.3779
Initialize mono
Mono path[0] = 'C:/Program Files/Unity/Hub/Editor/2022.3.16f1/Editor/Data/Managed'
Mono path[1] = 'C:/Program Files/Unity/Hub/Editor/2022.3.16f1/Editor/Data/MonoBleedingEdge/lib/mono/unityjit-win32'
Mono config path = 'C:/Program Files/Unity/Hub/Editor/2022.3.16f1/Editor/Data/MonoBleedingEdge/etc'
Using monoOptions --debugger-agent=transport=dt_socket,embedding=1,server=y,suspend=n,address=127.0.0.1:56368
Begin MonoManager ReloadAssembly
Registering precompiled unity dll's ...
Register platform support module: C:/Program Files/Unity/Hub/Editor/2022.3.16f1/Editor/Data/PlaybackEngines/WebGLSupport/UnityEditor.WebGL.Extensions.dll
Register platform support module: C:/Program Files/Unity/Hub/Editor/2022.3.16f1/Editor/Data/PlaybackEngines/AndroidPlayer/UnityEditor.Android.Extensions.dll
Register platform support module: C:/Program Files/Unity/Hub/Editor/2022.3.16f1/Editor/Data/PlaybackEngines/iOSSupport/UnityEditor.iOS.Extensions.dll
Register platform support module: C:/Program Files/Unity/Hub/Editor/2022.3.16f1/Editor/Data/PlaybackEngines/WindowsStandaloneSupport/UnityEditor.WindowsStandalone.Extensions.dll
Register platform support module: C:/Program Files/Unity/Hub/Editor/2022.3.16f1/Editor/Data/PlaybackEngines/MetroSupport/UnityEditor.UWP.Extensions.dll
Registered in 0.039635 seconds.
- Loaded All Assemblies, in  0.556 seconds
Native extension for UWP target not found
Native extension for WindowsStandalone target not found
[usbmuxd] Start listen thread
[usbmuxd] Listen thread started
Native extension for iOS target not found
Native extension for Android target not found
Android Extension - Scanning For ADB Devices 1313 ms
Native extension for WebGL target not found
Mono: successfully reloaded assembly
- Finished resetting the current domain, in  1.622 seconds
Domain Reload Profiling: 2174ms
	BeginReloadAssembly (274ms)
		ExecutionOrderSort (0ms)
		DisableScriptedObjects (0ms)
		BackupInstance (0ms)
		ReleaseScriptingObjects (0ms)
		CreateAndSetChildDomain (1ms)
	RebuildCommonClasses (29ms)
	RebuildNativeTypeToScriptingClass (8ms)
	initialDomainReloadingComplete (97ms)
	LoadAllAssembliesAndSetupDomain (144ms)
		LoadAssemblies (266ms)
		RebuildTransferFunctionScriptingTraits (0ms)
		AnalyzeDomain (139ms)
			TypeCache.Refresh (137ms)
				TypeCache.ScanAssembly (126ms)
			ScanForSourceGeneratedMonoScriptInfo (0ms)
			ResolveRequiredComponents (0ms)
	FinalizeReload (1623ms)
		ReleaseScriptCaches (0ms)
		RebuildScriptCaches (0ms)
		SetupLoadedEditorAssemblies (1574ms)
			LogAssemblyErrors (0ms)
			InitializePlatformSupportModulesInManaged (1429ms)
			SetLoadedEditorAssemblies (3ms)
			RefreshPlugins (0ms)
			BeforeProcessingInitializeOnLoad (2ms)
			ProcessInitializeOnLoadAttributes (91ms)
			ProcessInitializeOnLoadMethodAttributes (49ms)
			AfterProcessingInitializeOnLoad (0ms)
			EditorAssembliesLoaded (0ms)
		ExecutionOrderSort2 (0ms)
		AwakeInstancesAfterBackupRestoration (0ms)
========================================================================
Worker process is ready to serve import requests
Begin MonoManager ReloadAssembly
- Loaded All Assemblies, in  0.879 seconds
Refreshing native plugins compatible for Editor in 10.78 ms, found 11 plugins.
Native extension for UWP target not found
Native extension for WindowsStandalone target not found
Native extension for iOS target not found
Native extension for Android target not found
Native extension for WebGL target not found
Package Manager log level set to [2]
[Package Manager] Server::EnsureServerProcessIsRunning -- launch failed, reason: Unity was launched with the -noUpm command-line argument
[Package Manager] UpmClient::Send -- Unable to send message (not connected to UPM process).
[Package Manager] Cannot connect to Unity Package Manager local server
[Package Manager] Server::EnsureServerProcessIsRunning -- launch failed, reason: Unity was launched with the -noUpm command-line argument
[Package Manager] UpmClient::Send -- Unable to send message (not connected to UPM process).
[Package Manager] Cannot connect to Unity Package Manager local server
Mono: successfully reloaded assembly
[Package Manager] Server::EnsureServerProcessIsRunning -- launch failed, reason: Unity was launched with the -noUpm command-line argument
[Package Manager] UpmClient::Send -- Unable to send message (not connected to UPM process).
[Package Manager] Cannot connect to Unity Package Manager local server
[Package Manager] Server::EnsureServerProcessIsRunning -- launch failed, reason: Unity was launched with the -noUpm command-line argument
[Package Manager] UpmClient::Send -- Unable to send message (not connected to UPM process).
[Package Manager] Cannot connect to Unity Package Manager local server
- Finished resetting the current domain, in  0.875 seconds
Domain Reload Profiling: 1745ms
	BeginReloadAssembly (181ms)
		ExecutionOrderSort (0ms)
		DisableScriptedObjects (4ms)
		BackupInstance (0ms)
		ReleaseScriptingObjects (0ms)
		CreateAndSetChildDomain (19ms)
	RebuildCommonClasses (33ms)
	RebuildNativeTypeToScriptingClass (8ms)
	initialDomainReloadingComplete (61ms)
	LoadAllAssembliesAndSetupDomain (587ms)
		LoadAssemblies (460ms)
		RebuildTransferFunctionScriptingTraits (0ms)
		AnalyzeDomain (247ms)
			TypeCache.Refresh (214ms)
				TypeCache.ScanAssembly (189ms)
			ScanForSourceGeneratedMonoScriptInfo (25ms)
			ResolveRequiredComponents (6ms)
	FinalizeReload (875ms)
		ReleaseScriptCaches (0ms)
		RebuildScriptCaches (0ms)
		SetupLoadedEditorAssemblies (716ms)
			LogAssemblyErrors (0ms)
			InitializePlatformSupportModulesInManaged (49ms)
			SetLoadedEditorAssemblies (3ms)
			RefreshPlugins (0ms)
			BeforeProcessingInitializeOnLoad (64ms)
			ProcessInitializeOnLoadAttributes (277ms)
			ProcessInitializeOnLoadMethodAttributes (299ms)
			AfterProcessingInitializeOnLoad (24ms)
			EditorAssembliesLoaded (0ms)
		ExecutionOrderSort2 (0ms)
		AwakeInstancesAfterBackupRestoration (7ms)
Launched and connected shader compiler UnityShaderCompiler.exe after 0.08 seconds
Refreshing native plugins compatible for Editor in 10.98 ms, found 11 plugins.
Preloading 0 native plugins for Editor in 0.00 ms.
Unloading 4908 Unused Serialized files (Serialized files now loaded: 0)
Unloading 98 unused Assets / (1.1 MB). Loaded Objects now: 5386.
Memory consumption went from 181.8 MB to 180.6 MB.
Total: 5.305700 ms (FindLiveObjects: 0.479200 ms CreateObjectMapping: 0.190400 ms MarkObjects: 3.642300 ms  DeleteObjects: 0.991900 ms)

AssetImportParameters requested are different than current active one (requested -> active):
  custom:scripting/monoscript/fileName/SimulationUIAnalyticsArgs.cs: 5620b0624a391791a7ee2329b3daa38d -> 85986d2ad850e558cfe395c243eb0e35
  custom:scripting/monoscript/fileName/AnchorsChangedEventUnitDescriptor.cs: 2bde50202b4158cf565315d2843cf187 -> b8cae49f5e707e105edf245d5d81eb59
  custom:scripting/monoscript/fileName/XRTextureDescriptor.cs: fc430d20993d6229d61e2ef2ddee686c -> f18a04143a2737ff9511cf1d2fd76919
  custom:scripting/monoscript/fileName/XREnvironmentViewManager.cs: 45c229e1bb397a3572a97e2df52754ec -> ff11af8d0dc19d306237f28cbfd4e401
  custom:scripting/monoscript/fileName/ArRecordingConfig.cs: 4d098aaca977db2833050983ceeeeb46 -> dfdb22d280f26bff6727fe6f9c34f9d1
  custom:scripting/monoscript/fileName/PlaneVoxel.cs: 392f1aa54f6e491c704d13b99aed6d12 -> fbe003685add71cac6507a11584dfd4e
  custom:scripting/monoscript/fileName/HumanSegmentationStencilMode.cs: bb7e536a1e2012ff0d17d25c37237cd3 -> 1c8a8a9ac9313e7c383a157ac3ec7d2e
  custom:scripting/monoscript/fileName/SimulationEnvironmentAssetsManager.cs: 8a844c0e9a4ad973fead93159907143f -> ded36a633eb35e65c92e51f2b937e496
  custom:scripting/monoscript/fileName/SimulationUtility.cs: eb040c3d3517ef67988ee638b3ce5af9 -> 
  custom:scripting/monoscript/fileName/ARMeshesChangedEventArgs.cs: 4e15315318f52599d2049af5c035532c -> 3ebd3df8b5f53d98b895a1b3f7edd8b8
  custom:scripting/monoscript/fileName/ArCoreImg.cs: abf76ba0a4c2debfee7d49b63b2e1dbf -> 284f8bc57305622727946cdceadb2cef
  custom:scripting/monoscript/fileName/SimulationPointCloudSubsystem.cs: 94215cd32b6aaf00ea6bd0ed1cdf0516 -> 9a08c842d2fc5f7801b4513db59a80b7
  custom:scripting/monoscript/fileName/NSSet.cs: 9c14f1d6361b143fb7c21431f35986f0 -> 098d266b3cb002bcc6684c45ea3290f5
  custom:scripting/monoscript/fileName/ARRaycastUpdatedEventArgs.cs: 2fd74716170f460f01e912dec295d3a0 -> b2116c990c25dc27d20afd00f0ea2c4b
  custom:scripting/monoscript/fileName/ARKitEnvironmentProbeSubsystem.cs: 6328c5f5e3c1a2fb8c7684b1bef0ae1a -> 8af527cb50ca3ecd28b5d03806e1fb3d
  custom:scripting/monoscript/fileName/NSData.cs: 97ca133225337712122cc2ebf9db145a -> ec6c861b296dc24c4a48dee7a7afd465
  custom:scripting/monoscript/fileName/ARKitErrorCode.cs: 43a5804c33c2a7a2bed14ffc48732cc9 -> 3d821f96562bc14cdc5a114c5d283722
  custom:scripting/monoscript/fileName/Cli.cs: 51f80635e94a2b3a99016b0abcbf6b48 -> 31ba71519e4dc5db9bc938f421b8eeea
  custom:scripting/monoscript/fileName/XRSessionSubsystemDescriptor.cs: a193b6bd9c14eb765fb850779cfbeda5 -> 64d5d1b7f3c53187fd79be1ff9568619
  custom:scripting/monoscript/fileName/GetFacesUnit.cs: 5a6bd61c1690d5e1aaea8d6df2eec7cc -> 848f986f90aba9841386dd2002c4ae88
  custom:scripting/monoscript/fileName/ARSceneValidator.cs: 8d6368802383c561fcbc27b081ae6603 -> 3263c615fa43dc39430e4d427def5b62
  custom:scripting/monoscript/fileName/ARObjectInfo.cs: 9711772a332dd84878f833b53c085d26 -> ef16ef70f79e71400f8091b686435018
  custom:scripting/monoscript/fileName/GetTrackedImagesUnitDescriptor.cs: 344e6b0a122904225e74ba99a7326460 -> b4d0ec91d6d06a0a04f32bde16255c53
  custom:scripting/monoscript/fileName/ParticipantsChangedEventUnitDescriptor.cs: 59739ddbb0eef0642fcc9cad9cc7a220 -> 05303b3b7e2ce5bb24fd904546c5d508
  custom:scripting/monoscript/fileName/ARAnalyticsEvent.cs: 8f6297df34271fdb1ce2d9607ec6261d -> 90647cc400823b41df847a6cbfc29026
  custom:scripting/monoscript/fileName/ARPlaneMeshGenerators.cs: 5f47320629b138e5c6667a6839d2c60d -> 027d8f0a576dfae34c9d8f1e0e18f101
  custom:scripting/monoscript/fileName/SimulationPackageMetadata.cs: c4ec5301dff383ba1392d19be25bdc9b -> c13e5d9c99c2aecb32496c211273e15e
  custom:scripting/monoscript/fileName/XRAnchorSubsystem.cs: 38f1d55dfd8dd3a9e8973794a5605c2a -> e6d580c6cc9c96bd08decf6eaad6249c
  custom:container-demuxer-ogg: 62fdf1f143b41e24485cea50d1cbac27 -> 
  custom:scripting/monoscript/fileName/ARKitXRHumanBodySubsystem.cs: fc5e487d9a058c454d380bffff2c6ad6 -> 4304eb2c1d5764d09093d1c97b27864e
  custom:scripting/monoscript/fileName/ARTrackableManager.cs: 8f6297df34271fdb1ce2d9607ec6261d -> 90647cc400823b41df847a6cbfc29026
  custom:scripting/monoscript/fileName/ARKitApi.cs: dac040a2898ed4294a78ef2c3fddd116 -> 59763cfe15340ad6a1424e1c61e2c638
  custom:scripting/monoscript/fileName/XRCameraParams.cs: bdf89986f0581d9f8d18b7b54f07f577 -> 81c188019f11a35d11f1a5fcb4721a41
  custom:scripting/monoscript/fileName/MeshQueue.cs: 063ca833ec1a0c968dd26dafadde84f4 -> dffa3bd43d6b4fd1fc4555e7afa42276
  custom:scripting/monoscript/fileName/ARCoreAnchorSubsystem.cs: 9beeda24c77508540a77d42c2b047d90 -> 8fd89380878aa630c35614c13d4b70e4
  custom:scripting/monoscript/fileName/NSMutableString.cs: b0f4136f5ce20e6779ab92d1ba78f31a -> 049a8b994e2ba008607d86045721198f
  custom:scripting/monoscript/fileName/ARCoreSessionSubsystem.cs: 5c05790ade7fa9f25fa29bd618a6a3f8 -> 0499cfac149f3ba6a8678a379c5077a0
  custom:scripting/monoscript/fileName/ARTrackedObject.cs: 0bca97020ff4151f6f542ae52ab16d8f -> d9cb557a4402187a1d1b4d4b5cdaa2ba
  custom:scripting/monoscript/fileName/SimulationPlaneVisualizer.cs: ee3643194e05285cfced6246988a0bff -> 586046fadd2891c819b6e9250be8229e
  custom:scripting/monoscript/fileName/ARPointCloudUpdatedEventArgs.cs: 1fc1acb4b082cca5c7d5db8beca1f727 -> 7e118a31014b4d766fad33e7843c7aaa
  custom:scripting/monoscript/fileName/HumanBodiesChangedEventUnit.cs: f766a8adbb506cd164ebd79123610e0e -> 497d76a38e81f83a64e1e0e31c614e55
  custom:scripting/monoscript/fileName/XRPointCloud.cs: 43013b63aed7810fc14a1f2a4d132786 -> 4ded1d79b257c065b8e6a180eb2a2252
  custom:scripting/monoscript/fileName/TrackedImageDiscoveryStrategy.cs: 727391b8a73006a89e8c74afa9a7dcf3 -> 0e74e3668c695fb34c6d8a3d340872cc
  custom:scripting/monoscript/fileName/ARKitSettingsProvider.cs: 6ed0c78201cbf7ddd9ac4c18c30402d3 -> 1efef0f80ba7ce5269417b9703f528ca
  custom:scripting/monoscript/fileName/XRRaycastSubsystemDescriptor.cs: 357ab9826e1299c79fe18afc96b669b2 -> 86f1fe88d8e1a41a19ba55c872bdcd4c
  custom:scripting/monoscript/fileName/ARCoreOcclusionSubsystem.cs: 7b1dc048bb8bdd656bafa606326d6e64 -> 2a111039ddadb09f587c28ae3f37fc2b
  custom:scripting/monoscript/fileName/ARTrackedObjectManagerListener.cs: 62632dc5e4f41f0a8920f9be6d1ac785 -> 75668320a9563fcd544a92f9610b1daf
  custom:scripting/monoscript/fileName/ARAnalyticsConstants.cs: 41d1d857f0e227a00e7a99f811b10fc9 -> a7a3a88cbedc1b6aef7b147a87b7bdd0
  custom:scripting/monoscript/fileName/ARKitCameraSubsystem.cs: df3bb8217bd7fd364695f04c79cbaf23 -> 104d0f557920c1e3c985c468ba85aada
  custom:scripting/monoscript/fileName/ARPlaneManager.cs: 67c75c1dc67e3f37781add2c1918dd8f -> 7fe2439e94eb408eb1b117ac13af2046
  custom:scripting/monoscript/fileName/XRHumanBodySubsystemDescriptor.cs: c45faa626d0cb4529d10aa5d4da37ee7 -> 9da380d1b56ba23ec07f1005b1d4fc16
  custom:scripting/monoscript/fileName/ARCoreXRPointCloudSubsystem.cs: 7557fe405a86a0b8292b8552ef0b4a35 -> a817e9a702204b3fa3e30b3243847693
  custom:scripting/monoscript/fileName/FindObjectsUtility.cs: 175da3cf95f499f52349415353d05903 -> c250e105b567049be2d7674c455c9970
  custom:scripting/monoscript/fileName/Gradle.cs: 0d0b6f696ee2ee2b28b2c9f4599681be -> f2ad869b521aeebb9f3c8c6665622b87
  custom:scripting/monoscript/fileName/ARKitFocusRange.cs: a436d8ca12a1d441d71eebd3969b9a71 -> 605fc2b6e2a2b0b4fbfb5793218ce663
  custom:scripting/monoscript/fileName/XRAnchor.cs: 7ca8fca45ea99653dd6db63a3e688955 -> 5dfb4f3cf8d10dc1968170631c967539
  custom:video-codec-MediaFoundation-h265: 746d11721c4dcdbdad8f713fa42b33f4 -> 
  custom:scripting/monoscript/fileName/ARSceneAnalysis.cs: 9d22ad7c28240bb9777f30d6df32b506 -> 5e73409db216d9df7d0dbe846594feaf
  custom:scripting/monoscript/fileName/ImageConversionJobs.cs: a770cd4bfdb6dc730a9d7db1aa2c46f8 -> 5daa4e6aadb43a7b9057d64b0ba5d568
  custom:scripting/monoscript/fileName/PlaneFindingParams.cs: 407c9c5feb83b80c1f466dcab2616edf -> b5d344be442e0b70e2a2fd4b43549791
  custom:scripting/monoscript/fileName/PoseExtensions.cs: 30b9aa6bcfd42721cde3d5f4e9cea1f7 -> 614f53f3378d527956cbb02e9ef4d0c6
  custom:scripting/monoscript/fileName/PackageInfo.cs: 7654265cb7cde05eddf6f4b74707ce5f -> c733b1a6c5c639a40a3bcf6b2088dd26
  custom:scripting/monoscript/fileName/MaterialInspector.cs: 2e4b384a988301eee95c3169f6df6adf -> c863f1ec0a0c3b279e6c736e0d2d6898
  custom:scripting/monoscript/fileName/XRCameraConfiguration.cs: 697e4374c5af684a534611cd4d3d02c2 -> 2a3c102a0e8e566ddb2e1ed78ab9cd6f
  custom:scripting/monoscript/fileName/FaceUpdatedEventUnitDescriptor.cs: eb908ace88c3e1131412bfa39ab3e123 -> 4b129d04151c576561307e75aaf35ed2
  custom:scripting/monoscript/fileName/XRReferenceImageLibraryEditor.cs: 66cae9aa5dd6e9901de0b1b5dfd4dee0 -> 6e16575b59fef8f50fa144316217cbc1
  custom:scripting/monoscript/fileName/SimulationSceneManager.cs: 0f11ec08e0207a54a632dbb01d279c73 -> 608910333ffcb114d1181b6665ef7f62
  custom:scripting/monoscript/fileName/XRParticipantSubsystem.cs: 5c64a7af5b7ba08a5db83a17e9ccbbb9 -> 7236b4705041579fc67600357593cc52
  custom:scripting/monoscript/fileName/AREnvironmentProbe.cs: b80a992fad8e9b3e9efc75cd33562740 -> 62e64b1314fc7874015cbcc87b27ceeb
  custom:scripting/monoscript/fileName/ARReferenceObject.cs: 62ef65789715deae291bf2f06d99fdb0 -> e7bab736f6293ae3a0c7aec585e126b7
  custom:scripting/monoscript/fileName/TrackingMode.cs: 28984c6f5265133f90ca6127ce163c48 -> 1c1d96c732a48363e369f716666d32dc
  custom:scripting/monoscript/fileName/ARKitImageDatabase.cs: 030542b002e7aa4276b47072a1b7afc0 -> de559c55768fca0707db09a20457bfce
  custom:video-decoder-ogg-theora: a1e56fd34408186e4bbccfd4996cb3dc -> 
  custom:scripting/monoscript/fileName/XRayRegion.cs: b9a016befbee22ace15879468db6dd25 -> 16680a6806fc5459b02a9657c223005b
  custom:scripting/monoscript/fileName/LitGUI.cs: 8045db44b794159c9d48155fd7de2e02 -> 48c38e16f353b70a1e615c536e691e9e
  custom:scripting/monoscript/fileName/Assert.cs: 485265e977a7383c73b5641d5fe9d9b3 -> 8e3102bfe2c61769e1c41a7a4017bb12
  custom:scripting/monoscript/fileName/SceneHook.cs: 9de4767d524b6921460c4b102d2196a8 -> 908c0f54c160a6ae56fd4ab3ab714edd
  custom:scripting/monoscript/fileName/XREnvironmentViewCamera.cs: 9566a5e6a03a272d8bde3d1bc07571b2 -> db491f1ba95b53dc8eb134ad86f12826
  custom:scripting/monoscript/fileName/IReferenceImageLibrary.cs: 4792a24cec6aa1df5f06f011d8a1553f -> dbb2a413ff5d5eb59de3b2bfc90ad5c2
  custom:scripting/monoscript/fileName/ConversionParams.cs: 43b1b8b9b4124831b94322220cf9a2d2 -> b1685f512b8b1f0d529bde81e584f665
  custom:scripting/monoscript/fileName/BuildHelper.cs: a557f40c32cb8bf9c357a91de41b4ade -> 292a077908b6140f9083de5a82361a50
  custom:scripting/monoscript/fileName/ARCameraFrameEventArgs.cs: 17bb3621be433567ed35ea7e0697e64d -> ff3b2fc17c4c7aa656a76a68f346a5de
  custom:scripting/monoscript/fileName/XRParticipant.cs: 1f5ca1688c3f01b6ea589a3f80d264c6 -> f9d8ea8dfa605d14c14afa295aefd46a
  custom:scripting/monoscript/fileName/ARKitCpuImageApi.cs: f42c5421b2117fa1c3c57ab6f95a01df -> 98dd8eeba4ac784c65face7e6a4aa8b9
  custom:scripting/monoscript/fileName/XRPointCloudData.cs: 9c5deec33361f019bf30acc763393315 -> 9846b62b24bdfe26b4a5fb2a8a59f488
  custom:scripting/monoscript/fileName/ARTrackedImage.cs: a139381a6dc13d7381be73e09050697a -> 23fdf0455a65b13b9d879942edb9f7c7
  custom:scripting/monoscript/fileName/ARKitBuildHelper.cs: 1d7025e1ab0637d6e184cae1267cbbc6 -> 872709b1a6408a2e135ec5160a88edd4
  custom:scripting/monoscript/fileName/EnvironmentChangeHook.cs: 386f419ded7843b087d00b050fe526b7 -> cdc6a9b21fd2806a7eda7e1173f0f92d
  custom:scripting/monoscript/fileName/ARKitXRPointCloudSubsystem.cs: 155a102c67f99e3255be17bcc016125e -> 1a98d6ea2178945bc88f07da5fcb6dfe
  custom:scripting/monoscript/fileName/HashCodeUtil.cs: adef90ea7bc0ac3cb4bc0b8243385a1b -> 3ac2012e517078f051611cc23e19a706
  custom:scripting/monoscript/fileName/ScopedProfiler.cs: 7bc51902764948b89a7a5c46ed764008 -> 38ec2724f11034f2c01514181b36b402
  custom:scripting/monoscript/fileName/ARPointCloudManagerListener.cs: f469e303fbead53e8f668484df1117f5 -> 83cda3c4ff93a1a0f317419456ed6f12
  custom:framework-win-MediaFoundation: 216162199b28c13a410421893ffa2e32 -> 
  custom:scripting/monoscript/fileName/ArSession.cs: 67d961897790d5d640eaa07c35aaa87c -> dc9c4d04514fe088f4acb3a600cfa61f
  custom:scripting/monoscript/fileName/XRFaceSubsystem.cs: 016414f23488e04d4ffb7d90a550fbae -> 82dc23de39a8b3830703c745ca5b799a
  custom:scripting/monoscript/fileName/XRReferenceImageLibraryBuildProcessor.cs: 9bf7c5330bf557938e5506b8b70e5424 -> b571a7d532a8407115f1b5fb081e330a
  custom:scripting/monoscript/fileName/ARTrackedObjectManager.cs: 70f507b8938a488436c6c55907f69e9a -> 4614d5e5db2b7fd8490b513e48540b37
  custom:scripting/monoscript/fileName/ARKitFocus.cs: 044b83aa554191bd6222fe357ded3a40 -> e50efe27bac31092d0fa898f410dfb25
  custom:scripting/monoscript/fileName/SimulationImageTrackingSubsystem.cs: 103b6666d76163aeda70eea53ab6b725 -> a05c3c902f2bad7fcdf3c895dbb2e3c9
  custom:scripting/monoscript/fileName/ArPlaybackStatus.cs: ace2a415d701ab2a77d8f5d6e4bf824c -> f77b11c84a00703de9d452d424518caa
  custom:scripting/monoscript/fileName/TrackedImageDiscoveryParamsPropertyDrawer.cs: dce42f34dec4a7f907ef7123b7d39a1a -> 48ba425bad2e784b374a6d77f3315844
  custom:scripting/monoscript/fileName/SimulationSubsystemAnalytics.cs: 3f8f7c7033afb25a066f06d1fccfb83a -> 35e0c14360eeae853568c42566e1aef7
  custom:scripting/monoscript/fileName/ManagedReferenceImage.cs: 79f9648a13f3091da78273b4150836ec -> 3f74dd150e48d66b5dd8288f3c3e1c34
  custom:scripting/monoscript/fileName/HighResolutionCpuImagePromise.cs: f9a899af0a472a4ba210d6fc61ed88a3 -> c2ea6fa9dbf882239733f6f3621b57f6
  custom:scripting/monoscript/fileName/TransformExtensions.cs: 599c04188c29f3a06fe4ce858b3dac3e -> 445d792a43dde51e930b7f6a9a75b03f
  custom:scripting/monoscript/fileName/ARCoreImageTrackingSubsystem.cs: 146a5c84ac46e772eeb1550622718485 -> 39d814b8b12f50336c43db8ce6f8ee94
  custom:scripting/monoscript/fileName/ARHumanBody.cs: 10db10a8c2592a063eb33b2a9390e393 -> 5e06f983da1724be789ae2a5be64f29f
  custom:scripting/monoscript/fileName/XREnvironmentProbe.cs: 3c49e8b8fe37d4edd5838377b877f976 -> 9b160615f5508a465d8797f5cc7a89e3
  custom:scripting/monoscript/fileName/ARWorldMap.cs: f8d8425e20158b36a7248dff610eda25 -> 535b31ba5b9fbc6784647193390a0bc3
  custom:scripting/monoscript/fileName/PlaneFindingParamsPropertyDrawer.cs: 0ae64be7c69acce4266d03ee5765f826 -> 7a09cc05451660b85a1d64fceda017e7
  custom:scripting/monoscript/fileName/EnvironmentProbeApi.cs: a7e7c324992544877dff30b29a90bb3f -> 765c557bbf45086a87ff78c8b7e46019
  custom:scripting/monoscript/fileName/SimulatedTrackedImage.cs: 2642c9cfa47bff182b409f4184e51a26 -> 97c712c7d6ae6a202cb96d93be573b2d
  custom:scripting/monoscript/fileName/ARKitParticipantSubsystem.cs: 5aba26ad67ec0badd09c90799e104b71 -> 5c60cbef6290b8ded8f808a96d691214
  custom:scripting/monoscript/fileName/ARSessionStateChangedEventArgs.cs: 22f95cdd440778c230912427d31027d2 -> d5807315301cf3999b49f55b78e8891e
  custom:scripting/monoscript/fileName/XRSimulationSettings.cs: 18955c7285865dfce38c3f6430e687dc -> 89f3ca7d9f933ce63503fbc2e15a1c44
  custom:scripting/monoscript/fileName/XREnvironmentToolbarOverlay.cs: f59ea9014a5e93ef3325b5435679d0eb -> faf0aefbabba71d47c9dc2f0a691ad22
  custom:scripting/monoscript/fileName/ARPointCloudMeshVisualizer.cs: a0e85d1fe9d5818d1249787aa2b04b78 -> 676f8ec3c7cfc9f218f2c418d7f8afa1
  custom:scripting/monoscript/fileName/TrackableChanges.cs: 8f6297df34271fdb1ce2d9607ec6261d -> 90647cc400823b41df847a6cbfc29026
  custom:scripting/monoscript/fileName/NSBundle.cs: fdcb06ebf833eada8c802898252c1d4d -> 33c6a2bcba03693ba508989eec17c560
  custom:scripting/monoscript/fileName/AREnvironmentProbeManagerListener.cs: 03911558deb10f5efbb7329ebd471718 -> 22a62d3378f0b10e5c41ef4c2ae66be0
  custom:scripting/monoscript/fileName/MutableRuntimeReferenceImageLibrary.cs: 9a6dc7ba8fb81ab1e167e7db1d5443a2 -> e40c29360e1054f724901cfc5b0182f4
  custom:scripting/monoscript/fileName/ARCorePackageMetadata.cs: f0173230e524616e18ec4daa64d33336 -> 1751e19b3bc5d304ce814e7f02fa6d47
  custom:scripting/monoscript/fileName/ARCorePromise.cs: 8f6297df34271fdb1ce2d9607ec6261d -> 90647cc400823b41df847a6cbfc29026
  custom:scripting/monoscript/fileName/ArCameraConfigFilter.cs: 3cf4a60ad4bd1a56410c2ea52d162255 -> b80d5ef788f451fa06963271e9d59efb
  custom:scripting/monoscript/fileName/SimulationAnchorImpl.cs: b481b8842252401c859b2d0c609d5beb -> b41b39c1f1c99233d3fe295ece1e14dc
  custom:scripting/monoscript/fileName/XRRaycastSubsystem.cs: d27d78b80a97ce7588749bb0c6e389e7 -> e460d7090f464bfc78600c55312d0f4e
  custom:scripting/monoscript/fileName/NativeView.cs: 073a7394c1598a0805afb1f1cf9504db -> d619544ee47be895255e762f2535d032
  custom:scripting/monoscript/fileName/ARSession.cs: 10fa3ac762999e6e3bbfe6e7b07eabdf -> 066385ea7c2a2c433441578beeece62b
  custom:scripting/monoscript/fileName/EnvironmentDepthMode.cs: caa82f1323d2677687d46a03925aa9c9 -> 5d22a30fa449bc7abf6e828d0dc2cbc5
  custom:scripting/monoscript/fileName/SimulatedMeshClassification.cs: ee165e277fc53af3a87c331e0d103d8e -> baff69c11d59574c186d707ddee640a4
  custom:scripting/monoscript/fileName/ARCoreLoader.cs: b1c040184419e5dd5b31aab471eeb5c8 -> 2c650baba67f1e04bc070894acda684f
  custom:scripting/monoscript/fileName/PreprocessBuildEventArgs.cs: 2ea68aaf7d7d42298fe6fc4ed2c52794 -> 4b543558c03873777fc6c881dc0373db
  custom:scripting/monoscript/fileName/ARCoreXRDepthSubsystem.deprecated.cs: 212e8fc1880aee354f07bb12d6f92c69 -> 9f24fee25a0b08179d7d1cb09e2e51f5
  custom:scripting/monoscript/fileName/NSKeyedUnarchiver.cs: e403e23b47390de2b3bbb56ae156d646 -> d25f60b98ba9ad9e5c8d4737c2e9d9be
  custom:scripting/monoscript/fileName/XRSessionUpdateParams.cs: c6c6b457014c2beaaa6f8625da76a856 -> 1d26d8d97c544554b3b0a208616430eb
  custom:scripting/monoscript/fileName/SimulationAnchorSubsystem.cs: a9f85d522a89069d7fb2f40d1a27be85 -> 65f4f3928aaef20a2e5a6cd3f4117d55
  custom:scripting/monoscript/fileName/GetPlanesUnit.cs: 4b50d9df88f3251a3cce27f5b35e32ac -> f955218f6fdf35c9ddd014072ffee0cd
  custom:scripting/monoscript/fileName/ARLightEstimationData.cs: 449313e89588192495ec9bd64b0dd1af -> eec35268a8e6b29dd949c108c1ce1be0
  custom:scripting/monoscript/fileName/TrackablesChangedEventUnitDescriptor.cs: 8f6297df34271fdb1ce2d9607ec6261d -> 90647cc400823b41df847a6cbfc29026
  custom:scripting/monoscript/fileName/ARCoreEnvironmentProbeSubsystem.cs: 700bee9ef67706f66e54faebf61c2f65 -> 1b868584605b2895b3934baf5f9f6033
  custom:scripting/monoscript/fileName/XRPlaneSubsystemDescriptor.cs: 725d8b8c0444715f210021cf892d7f2f -> 6d369c6a5360033667ba36954e4ad9ae
  custom:scripting/monoscript/fileName/SerializableDictionary.cs: c3ffd9f04730b0453c42b2f446427770 -> 7d654a2b5b3a10da3e7d8472196e96d1
  custom:scripting/monoscript/fileName/GetTrackedImagesUnit.cs: 3ef86b0eabe948ace8499ccf41f5883f -> ca00d980382236a1c49396150fb846fd
  custom:scripting/monoscript/fileName/Plane.cs: 02a961162eabaaf93cbe641a511e53ae -> 0cc01f9aed13d0d55e699d5e703758d6
  custom:scripting/monoscript/fileName/GetFacesUnitDescriptor.cs: 7b91e6b3e53faa43e3c688087b03742b -> 66152e1b4b2149bf77dd54e2727e0f57
  custom:scripting/monoscript/fileName/ARAnchorManager.cs: 034554be1076163f5e2dfb740c13545f -> fe4ceb11879ce62e08589d1b533c5b5c
  custom:scripting/monoscript/fileName/ARKitReferenceObjectEntryEditor.cs: e0462d9f607b777f2336939337dde95b -> 2506e6d8cc515aef38f510b618954ae5
  custom:scripting/monoscript/fileName/BuildHook.cs: 94e7d04c215edefa5e12efa8494aa90e -> dc6b03344f2ff5bfd6c0d133918bd427
  custom:scripting/monoscript/fileName/ARCameraBackground.cs: 840346242f4738864c81f5d865c78e1b -> f64f8d4bbfcde8a820f2c0f2f1e8712b
  custom:scripting/monoscript/fileName/EnvironmentProbeParams.cs: 9f136206f9fd9faa7f3a08aed4b65589 -> eef367a1ec9351ec3919e99cf784ebde
  custom:CustomObjectIndexerAttribute: 43b350a4d6e6d1791af0b5038c4bea17 -> 
  custom:scripting/monoscript/fileName/ARKitLoaderConstants.cs: 5decc43b9fddcc7e9eb20d35ab5c89b6 -> fce2d3bcbeaadbe15e271ca20deef3d5
  custom:scripting/monoscript/fileName/BaseShaderGUI.cs: 8c17af0b2cecea4dfd5c82b7fb2b0b72 -> 228a0dfb5f3420edba1553e876f179a4
  custom:scripting/monoscript/fileName/XREnvironmentProbeSubsystem.cs: b239776b7521a7641ec89a389cadc358 -> 165b595088e3034859317ea514f0ecba
  custom:scripting/monoscript/fileName/NSError.cs: af1494d999ea759e751847eeaad95bc2 -> cc8d1c8642eb0c09bbe5ce0dec94bd25
  custom:scripting/monoscript/fileName/XRayRuntimeUtils.cs: 7ad298f285f707946e127ee1b24d7cdc -> 44e4615e97afc1b383195393c066655f
  custom:scripting/monoscript/fileName/ARCoreBuildProcessor.cs: f0991807b04889b8f3f7cb5ce39e81d3 -> d9eab941277ca6504aeebd69836dd8b0
  custom:scripting/monoscript/fileName/ARFaceUpdatedEventArgs.cs: 186903b120b378fb840a889d24750220 -> e41d4743ada2e04251b37910f7d2f2d2
  custom:scripting/monoscript/fileName/HumanBodiesChangedEventUnitDescriptor.cs: 377509b3d9f5612fd68090011d2c8da2 -> b5e302759bcea21ddd87db371463fe19
  custom:scripting/monoscript/fileName/LayerPlaneData.cs: 3daf55c2705e0024c928d7d2f2382970 -> 3b34ba30bbbcdc5e2bd1374915262551
  custom:scripting/monoscript/fileName/AREnvironmentProbesChangedEvent.cs: 26ce39062387e79ae6340bbf44a88c72 -> d3ede3876cb31e16bd82d66b0a678abd
  custom:scripting/monoscript/fileName/ARCoreBeforeGetCameraConfigurationEventArgs.cs: 4800aba885559625072e22ba9aa12f19 -> 8e2a6fe308d51ad1f6b16c500dc5dfb3
  custom:scripting/monoscript/fileName/ARKitXRDepthSubsystem.deprecated.cs: 009c72ecb667cb2a9d377e160e1df561 -> 1ef03a3ed5f405020f2a89bf6934da71
  custom:scripting/monoscript/fileName/PlaneRaycaster.cs: ec749b02151f24f07b15e87a803cf3ee -> bc1c0c51e0c950a5f33b4ba3cafbd828
  custom:scripting/monoscript/fileName/ARRenderingUtils.cs: 7eed198d8b2a440f1287b0a979896b34 -> de3d1c4f5022a2a032d4af40245ee17b
  custom:scripting/monoscript/fileName/XRPointCloudSubsystem.cs: f7c42041fdb17b66d159d19cf647bd4b -> ba57c6d6b9622a57ff0a583a5e62107c
  custom:scripting/monoscript/fileName/XRCpuImage.cs: 43b1b8b9b4124831b94322220cf9a2d2 -> b1685f512b8b1f0d529bde81e584f665
  custom:scripting/monoscript/fileName/ARCorePlaneSubsystem.cs: 63e8cba4b09c0ff863376453345fae2e -> d2278eda10dae0fc36c44eee439649a4
  custom:container-demuxer-webm: 4f35f7cbe854078d1ac9338744f61a02 -> 
  custom:scripting/monoscript/fileName/XRSimulationPreferences.cs: 8f0a7b3bf12320410a8f6ecc9282c08b -> 163a72d10bf443c8a25ad6ce61f120ca
  custom:scripting/monoscript/fileName/SimulationEnvironmentProbeSubsystem.cs: 01d3f11bbf9f69c926b8539ae5ed1ffa -> f0fdf6272a075f3c00293c4ed970a3f3
  custom:scripting/monoscript/fileName/PointCloudsChangedEventUnitDescriptor.cs: 5e82f4c53c0d1948fb51fb480d66be59 -> 6b017d643e5a661e76d192143f949fe1
  custom:scripting/monoscript/fileName/SimulationEditorUtilities.cs: 8ef89972f1944c3cba7a34e72c669831 -> ce09e2bddc1549314e728c9b115b7318
  custom:scripting/monoscript/fileName/ARCoreSettingsProvider.cs: 3dc0a438b87b9e2f63d1020b3f64357a -> 79c816e2cf7b68babc51565d8a334acf
  custom:scripting/monoscript/fileName/SimulationSettingsBuildProcessor.cs: 3f07fd23d5195d75a4125ea272ecebdc -> eaf6a3b07a7f39c91d67118bba05fb63
  custom:scripting/monoscript/fileName/SimulatedEnvironmentProbe.cs: e8c41de3875a68c9a8408d3b93b929b2 -> 6d41f5d169eadd5718d40f9f60081e8d
  custom:scripting/monoscript/fileName/XRHumanBodyPose2DJoint.cs: 715502b0f2fe53efa371913b1fd5edaa -> 5df6623ce65124b6f97e3415d1e948f5
  custom:scripting/monoscript/fileName/ARRaycast.cs: 7890cd98803666038e52525cef16d92a -> d45a1e226bba459a296e65db48f2ba26
  custom:scripting/monoscript/fileName/NSMutableData.cs: 192d56c1e53a2f49b2f3d84c80d6cc8a -> c7e9987227cce7611d6a05fe68c2cb77
  custom:scripting/monoscript/fileName/ARCoreRaycastSubsystem.cs: 91e27f305d78800de86f284a2c90c23b -> 4746ee3ed0cece0abfde776c634af447
  custom:scripting/monoscript/fileName/XRReferenceObjectLibrary.cs: 761feb026b3092956683882ede5e5136 -> a6d4711b597b8d7631b2491c068545fc
  custom:scripting/monoscript/fileName/XRCameraFrame.cs: a070d025bdd5112c5487b0f1d445ee99 -> 614097eeeddccb2a8d2ec08df6229787
  custom:scripting/monoscript/fileName/XRSubsystem.deprecated.cs: 8f6297df34271fdb1ce2d9607ec6261d -> 90647cc400823b41df847a6cbfc29026
  custom:scripting/monoscript/fileName/GetTrackedObjectsUnitDescriptor.cs: 142804739a461dc2b905408596f50ec3 -> e47ec88ab84d479d9d62380a9412e17d
  custom:scripting/monoscript/fileName/ARCoreFaceSubsystem.cs: e06db3bfb6fbf7f9925e0f31906c9324 -> c496ea8c93654d4c22c4220a77e9a21d
  custom:scripting/monoscript/fileName/XRPointCloudSubsystemDescriptor.cs: 80883db1252b763deea3a749533ca640 -> 53013091235b3c389e0b9c28c710d863
  custom:scripting/monoscript/fileName/ARKitRaycastSubsystem.cs: 9cfd46af2e06c4ae992cf4c42539043a -> 623d9e732098000fc343642286dd9266
  custom:scripting/monoscript/fileName/GetAnchorsUnitDescriptor.cs: dd9ebb3812bf2a716918924d8ef4483c -> 001c40cdb8cb0a2543bfcb027390f9ae
  custom:scripting/monoscript/fileName/ARInputManager.cs: c82c8a4fd89ce97761a900d411d6cd83 -> 7c167298b0f4b26996935925a6c68943
  custom:scripting/monoscript/fileName/ArCameraConfig.cs: 37b14d3f45fc80dc8d55842817b4a3e3 -> 4a875ddea718888a33e0d31342770b8d
  custom:scripting/monoscript/fileName/SampleEnvironmentsHelper.cs: 33bea5a2356035a1dbb3b958a83cc683 -> 8edfa6ad0ab18dc00b9d3c48a433d6cf
  custom:scripting/monoscript/fileName/Feature.cs: c4c4d33abd0cfc61e30f85d736a2c155 -> f0de26a98608a1261eb44482290b7ce2
  custom:scripting/monoscript/fileName/ARKitImageTrackingProvider.cs: a84403e54153c25c29ee2f934329d918 -> 70266a96d5ef2d399df3471877895e03
  custom:scripting/monoscript/fileName/XRReferenceObjectLibraryExtensions.cs: 240dc756ea815efcae8a120ca0e1c070 -> e17e8f6564ebea904d343b7605bf8c24
  custom:scripting/monoscript/fileName/ARPlaneBoundaryChangedEventArgs.cs: 9f773217bebf3699fc4d7bf6cda558e3 -> 990a44dcfa59c17f168c34ee328a4a0f
  custom:scripting/monoscript/fileName/GetAnchorsUnit.cs: fca129e6bf6c74f479c29e8f6afa6992 -> e2bea922fb82b6e6f24e9b349ef6b7db
  custom:scripting/monoscript/fileName/ARKitProjectValidationRules.cs: d86b2c1beb48cd25d96fdb0eafba55c3 -> 092b6d2b9bcaa79400bc377e7f6aa83c
  custom:scripting/monoscript/fileName/ARKitExposureRange.cs: 52c4c9c365f9458adcd78fdda2fd6274 -> c1f31a49db9c26bd91165a1eb2673976
  custom:scripting/monoscript/fileName/XRDepthSubsystemDescriptor.deprecated.cs: 479ef59b29339d1436a42a0ffbf52271 -> 829ab52ba28494a6166026aa3f9ad1ad
  custom:scripting/monoscript/fileName/ARTrackedImageManager.cs: ea1a592c749e24154251760a419a85a2 -> db7920a7a6bf54e5575251cf39f2eb12
  custom:scripting/monoscript/fileName/Java.cs: 90e2ffc7ca54d1fff5ff7c374afa94a5 -> 23333680cb2e70ba8bbce74628d877c3
  custom:scripting/monoscript/fileName/PlaneVoxelGrid.cs: d70d67f793d07625a80f0b59940b3217 -> d8126fac8fe8ca402dcda945d4eb9929
  custom:scripting/monoscript/fileName/CameraFPSModeHandler.cs: ace790a7cdd43d01784536d34e3d25ba -> a4eacc0cbe55fd4a0fdf4ab95f2adf64
  custom:scripting/monoscript/fileName/ARMeshManager.cs: f146e291d61725f9d0a5623010af7701 -> 61866862bf0d3c0a1236f513d1884580
  custom:scripting/monoscript/fileName/ISimulationSessionResetHandler.cs: 49e46c332fbc30ee9e7db5b0a6b64cc7 -> a0a1af2eec61de2104d6f1482fae6eb7
  custom:scripting/monoscript/fileName/GuidUtil.cs: 2697335ffa9289245875c1336b270825 -> f92f0341d94f269381d41631abcea62f
  custom:scripting/monoscript/fileName/SessionStateChangedEventUnitDescriptor.cs: 24650a21a609443f81b9bab181691f14 -> c6dd0fca3285e3f16b652ed24b18825f
  custom:scripting/monoscript/fileName/ARKitExposure.cs: ea636282f82a27a8b0c25abb09ca4ff5 -> 909299797d8c934da06a24e54a0fd31b
  custom:scripting/monoscript/fileName/GetPointCloudsUnitDescriptor.cs: 8ff31792b945d2c6b2050b902f276ac7 -> a7c9d13eddff92d1362a907b8813e8b8
  custom:scripting/monoscript/fileName/ARKitLockedCamera.cs: 3803f901a2cf552426fcc5308d7282b3 -> f7a573d9a8bf893afef96708e9a0de75
  custom:scripting/monoscript/fileName/NativeChanges.cs: 92848683d916dbec62c7ba8aa948403c -> bb6bfd8c11abd0434837439c8e9e8520
  custom:scripting/monoscript/fileName/GuidExtensions.cs: c5a500875b5265ee9219c64710d49d0c -> eba4d5f4f9e9e7d74fdb0e8dca26aeaa
  custom:scripting/monoscript/fileName/ARCoreLoaderConstants.cs: 7fd925cc14461da2a3a452619518e802 -> 1ca2b374b9eebdabc880c6eec02abfbe
  custom:scripting/monoscript/fileName/LightEstimation.cs: d7921d9dc710fcc299ebd78f34734ff6 -> 6cfa7177083321dcce146e0df74ab6e8
  custom:scripting/monoscript/fileName/ARKitWhiteBalanceRange.cs: 897c20caaca4ebfa33e9741b7a09b9e3 -> 4e0500ed849d219c4bbca4aafab67d48
  custom:scripting/monoscript/fileName/SimulationRaycastSubsystem.cs: 40f42a5777dc058a38c64753fd77f969 -> d783be9bb0a793f8259281df46c67b74
  custom:scripting/monoscript/fileName/GetTrackablesUnitDescriptor.cs: 8f6297df34271fdb1ce2d9607ec6261d -> 90647cc400823b41df847a6cbfc29026
  custom:scripting/monoscript/fileName/SubsystemLifecycleManager.cs: d81fe1a86eaaaaa888ee50e17a01544a -> 8f6297df34271fdb1ce2d9607ec6261d
  custom:scripting/monoscript/fileName/SimulationEnvironmentProbeDiscoverer.cs: 7e48f1bbd8c5a704ad644aeb6f562e15 -> 67c4355a7161830d11a901cca43edcf6
  custom:scripting/monoscript/fileName/ARObject.cs: a1a968d7b428af9f9d9567057ae648d9 -> 2b0391e8a0699f597c6ab9944bace292
  custom:scripting/monoscript/fileName/RcoApi.cs: 54c41f6818e2c5fe8651c2c8a637625d -> 493da608ddf5924884153c701a7eb8a4
  custom:scripting/monoscript/fileName/ARWorldMapRequestStatus.cs: a661a16c403b0a0f6c1b29ef8bada493 -> 792f740e97daac3c301b3674d914cfd1
  custom:scripting/monoscript/fileName/ARKitReferenceObjectEntry.cs: 87fe82fd9f4554298df8838fe77b794b -> 50b4bbb259fa265e7cc07c069c67b13b
  custom:scripting/monoscript/fileName/ARPointCloudParticleVisualizer.cs: 03dbb15cd89f4db88aaeb6ebd2e6850e -> 0824b74f267c7aab83bab381f63e9144
  custom:scripting/monoscript/fileName/SimulationEnvironmentScanner.cs: c6222b0291093eb12ab5a61665e48b20 -> 79c5cc498175c3fc40bd4103458db5ca
  custom:scripting/monoscript/fileName/DebugSlider.cs: d61d5eb355436d4359700769a15be6be -> debdbbb62eea499f90508fe0da990aab
  custom:scripting/monoscript/fileName/ARKitSessionSubsystem.cs: 68ea6a4f24a5333ce9cdcb559ebea54f -> c4ffd360918f486d1102082396f319cf
  custom:scripting/monoscript/fileName/SimulationCamera.cs: 19e8b6a7788becb15e8fcfc8a82da4de -> 65fd8eb9eb306e40c88f046573d4ef0b
  custom:scripting/monoscript/fileName/ARCoreLoaderSettings.cs: f364ae5674e827170bbaf5785d72d74a -> 98d75423d90e6a85b8a5d383cd4fad48
  custom:scripting/monoscript/fileName/Transformation.cs: 7b34e65ea4d1ec84c177bc7d119a241c -> 0dbf90ddaadf0405507add4b334fb3ba
  custom:scripting/monoscript/fileName/XRSimulationRuntimeSettings.cs: a638014ca31cb5122a15246752865e97 -> b523ae7ca0d58745909a89f216098218
  custom:scripting/monoscript/fileName/AddReferenceImageJobState.cs: d7b0e45817d9c3cc70831198780df31c -> e425b44d19a70e5b72f3014fb7a18a36
  custom:scripting/monoscript/fileName/XRSessionSubsystem.cs: d4bb4723e23e2e718e97303acddc3d36 -> 6cd554ebac214f08d6efedce5d4c66e4
  custom:scripting/monoscript/fileName/TrackablesChangedEventUnit.cs: 8f6297df34271fdb1ce2d9607ec6261d -> 90647cc400823b41df847a6cbfc29026
  custom:scripting/monoscript/fileName/XRReferenceImageLibraryExtensions.cs: f7071b1d4d3c88563cdcda49293be517 -> c77dcfd796f513ff3b704e2f66ba68e6
  custom:scripting/monoscript/fileName/PointCloudRaycaster.cs: cc2e630da5d7fb1ff1737d0fe1542229 -> c00055be304e8f4d2f825bde66a708d7
  custom:scripting/monoscript/fileName/ARTextureInfo.cs: 69602f397f1c9f3875c3fc9ec39233fa -> 68ff4ab2b8bbbea47156b3756f3353aa
  custom:scripting/monoscript/fileName/CameraFrameReceivedEventUnit.cs: a62e36564a8afbb1780084dc69afa588 -> 62560a96d43681ac6efe15f24ed746b3
  custom:scripting/monoscript/fileName/PlanesChangedEventUnitDescriptor.cs: d5f34606c47e375115be94459a74770c -> 51fa8fb46152b8aecd819f1ec9ea67e2
  custom:scripting/monoscript/fileName/NSMutableSet.cs: 93513f4860975b8bf3c9d4e07f8b2f2d -> 7f19e37a332cdb2db357441a81e88908
  custom:scripting/monoscript/fileName/MutableRuntimeReferenceImageLibraryExtensions.cs: 521f688976afc1afecbd8b61d3f8e3e1 -> e75ae5ec6d2e5371216d1f73953792e9
  custom:scripting/monoscript/fileName/SimulationEnvironment.cs: bf499ba0175730e4c0f7afa40c82d3fe -> 0c7c82e33d0c557d6e04cc7ccf80d8f8
  custom:scripting/monoscript/fileName/SimulationEnvironmentEditor.cs: 6764d11aa5984565982f76d862b1a08a -> 62587ce180ef5d9c5e672daee630f10d
  custom:scripting/monoscript/fileName/SessionStateSwitchUnit.cs: dca92e373f7328fdc8897fe3286c4b99 -> ecb6f559a326a309ffca720175ba1f8a
  custom:scripting/monoscript/fileName/ArPrestoApi.cs: 5b7d5feb028280d2cf6f95a65d5e2c82 -> 102320236e333507f3c23510cf5fedf0
  custom:scripting/monoscript/fileName/ARKitFaceSubsystem.cs: 44ca9adf609e54b4d9dab0e51d43fc18 -> 8e1d6d99e8569e2f3b96d331d4479042
  custom:container-muxer-webm: aa71ff27fc2769a1b78a27578f13a17b -> 
  custom:scripting/monoscript/fileName/BaseSimulationSceneManager.cs: 22ca8552d9973bf25574e39e5a1b30c3 -> 5aaea97b570093548e37377abf59b2ff
  custom:scripting/monoscript/fileName/XRReferenceImage.cs: 21bb53b8646f76009e5b57a73d5ad94b -> cc885b928e2d4aabc53e72ad3a4754a6
  custom:scripting/monoscript/fileName/AROcclusionManager.cs: 3731e9eb4f46b6fb416bf59723fff942 -> 218bc72f075c7d56e2c8406f9fbba123
  custom:scripting/monoscript/fileName/TrackedObjectsChangedEventUnit.cs: 2024c4e20aaaa7f2e7f34b0b086acbad -> 1d25ee53024bf6d02160d406e2ef2317
  custom:scripting/monoscript/fileName/ARTrackedImagesChangedEventArgs.cs: d020fdf0dc0158105ba4a858b9b71c2a -> c5a27adfe435f7a84ad0382afa1b0c92
  custom:scripting/monoscript/fileName/ARFaceMeshVisualizer.cs: 6f0729884b27d2f74f3ba7977e58fc01 -> 02b460d5f2b6368936c9ead58fb93e58
  custom:scripting/monoscript/fileName/SimulationPreferencesProvider.cs: 1a69675629f9f71d62043322a70970d7 -> 504a9658ebb3ee5a0632676edf72cdd5
  custom:scripting/monoscript/fileName/ARSessionEditor.cs: 63a43dbae05d75d2aad398193b081443 -> 314d9be71d10657eb27ef5e11794e341
  custom:scripting/monoscript/fileName/ArString.cs: 0440be9af4f62044482737c81380531e -> a85954ac20e0c75f9dbcbebac19f7fbf
  custom:scripting/monoscript/fileName/ToolButton.cs: 1cfca66553df8de76719ea96d6c11434 -> b8a91f56c6bb4a2b822a2d6e0236fbc8
  custom:scripting/monoscript/fileName/ARBackgroundRendererFeature.cs: d4a77e86d9cc2540b232482baa5bbd79 -> ddad93c2a06722e80045a8aa2be1f276
  custom:video-decoder-webm-vp8: 9c59270c3fd7afecdb556c50c9e8de78 -> 
  custom:scripting/monoscript/fileName/NoniOSBuildProcessor.cs: 0ebf7191ce159bd5c48d591b9ec9f4e2 -> 8a77f4649f6e33ca5b76785cb4db8d2e
  custom:scripting/monoscript/fileName/NativeObject.cs: f365e12f43251bb079a5d52b8e065a8d -> 1c83a6ff9bdb6f537b0ca273504b9cb1
  custom:scripting/monoscript/fileName/XRCameraIntrinsics.cs: baeed4de06c73be7452100a415118e34 -> 4b8e8fc2ec43b565add9620b9dbc1b68
  custom:scripting/monoscript/fileName/ARFaceManager.cs: d5f1e24479069ffa783a919f6c743564 -> 59c7f357f7d7aee545637ae657771228
  custom:scripting/monoscript/fileName/SubsystemsUtility.cs: 56fc9a00099f68d6ceccacb4d7797157 -> eda2773f62ffc4a48072ebe2abc37af2
  custom:scripting/monoscript/fileName/NSUUID.cs: 4c7237be450a502d6b5fc662c046c5c7 -> a2a48608e44bc8cbb62b1a99cdddf252
  custom:scripting/monoscript/fileName/SimulationBuildProcessor.cs: b94739f35688846fcdb76fef13b6dc47 -> 5f63df23470d0fad085e45d8de89224e
  custom:scripting/monoscript/fileName/ARPointCloud.cs: 05b9df44def53ab5c205c7839ca81d11 -> 3a30bd19cd8da38a0c24bc814d03907d
  custom:scripting/monoscript/fileName/SimulationMesh.cs: 9efe0c80de1a8a967d8382bfe632ef10 -> 349fc85964073e7c08688619bf40ba9d
  custom:scripting/monoscript/fileName/SessionStateSwitchUnitDescriptor.cs: 63594b3dd420c3b17a249492cd6d4325 -> 8ceb0eecb7a46032c884ec2c513efc75
  custom:scripting/monoscript/fileName/XRFaceMesh.cs: c01a960c1d981ae1bcde6c29003fa84e -> 6ba33157396dd845406ce61fb9eaab9c
  custom:scripting/monoscript/fileName/HelpUrls.cs: bcee81a641a128105962e959423929a2 -> f284e650ec70450e74fa8208bab72bf9
  custom:scripting/monoscript/fileName/ARKitMeshSubsystemExtensions.cs: d35e6f4fc1833eb0ddad9aac17d74e0a -> 3e25dd45e046da470c67f5ff164033d8
  custom:scripting/monoscript/fileName/ARPointCloudChangedEventArgs.cs: 3a70d8437face4358a061db940c11ef3 -> 611e28116723d2b69fa0a4321f7a65a6
  custom:scripting/monoscript/fileName/ARUpdateOrder.cs: c61468035dbdc14c81c1f2a6ed1f1d03 -> f8276e5ac1883c66bdcd288ad0c70cd6
  custom:scripting/monoscript/fileName/ARPlanesChangedEventArgs.cs: d48f47a2daac33bb39bc07fa4e978208 -> 2703dda10bb789ef43917252d5fd9e90
  custom:scripting/monoscript/fileName/XRCameraSubsystemDescriptor.cs: 80d58e6c66720f855990e6326714a4fd -> c403ec65be36fe8c5146f01b8bbfe049
  custom:scripting/monoscript/fileName/XRDepthSubsystem.deprecated.cs: bbf92d13308583da643a4c157cd1e294 -> 48339247b1b387bf4f59b28195f8d8b0
  custom:scripting/monoscript/fileName/ARCoreBeforeSetConfigurationEventArgs.cs: fab8828edfafe570a2faca41e0439317 -> 234cd91ed3cdf60645705e8837e7e78d
  custom:scripting/monoscript/fileName/ARCoreCameraSubsystem.cs: 576a9686419040559bc9acf8ffc439f8 -> 2cce9a0f290d5c7a0cb70e2a3b0af3ab
  custom:scripting/monoscript/fileName/XRParticipantSubsystemDescriptor.cs: 8d6a766975fef0d6466faf1c118a5318 -> 5ae63592fd14fae9d57c8dde63f9df30
  custom:scripting/monoscript/fileName/ARResource.cs: 3964c30f8a95f16e84297b3b697e1ac9 -> 253021c341563245137d0d1807d7d3a7
  custom:scripting/monoscript/fileName/ARResourceGroup.cs: 5f329910e2b581e1c4348766002bbafa -> e87d95c296ad5814eea9f15988d0d4ec
  custom:scripting/monoscript/fileName/Json.cs: c63af0bb667a2e9f5e1ef07167d2bb72 -> 1754629c8da2614ba9a140f443c1fee3
  custom:scripting/monoscript/fileName/NSString.cs: b4311f31d63c572586e7349a230095c0 -> 4b17525e31f4d1759345de2778542bbc
  custom:SearchIndexIgnoredProperties: e643bd26f0fe6173181afceb89e7c659 -> 
  custom:scripting/monoscript/fileName/XRReferenceObject.cs: 1b62354b01000aa8787d75e345d8268d -> fc34f4a4234e9a29316a073fbd02a03c
  custom:scripting/monoscript/fileName/AddReferenceImageJobStatus.cs: 1094a0e19932b81850226d7a34a3ea93 -> 9e049cc004b5da9ae447d349ebffa743
  custom:scripting/monoscript/fileName/CoreLocationErrorCode.cs: 43a5804c33c2a7a2bed14ffc48732cc9 -> 3d821f96562bc14cdc5a114c5d283722
  custom:scripting/monoscript/fileName/XRHumanBody.cs: 2f6ad74d07dc062c00156f093afb2d11 -> c7b22a9980909db4e8a66ae6bce43105
  custom:scripting/monoscript/fileName/ARCameraBackgroundEditor.cs: 8891c6bbf2e59b34be52a72586c437da -> dccbc64997c65927efca78decd59298e
  custom:scripting/monoscript/fileName/XRSimulationPreferencesEditor.cs: cc4451dd2de070f2526a74143c705373 -> 62de291d7bb16241ebe535c6bc859eae
  custom:AudioImporter_EditorPlatform: d09bf68614088b80899f8185d706f6e7 -> 
  custom:scripting/monoscript/fileName/XRReferenceObjectEntry.cs: 4f307c2d2f3e1565553a861eccbe1668 -> b47986b67a84647c38d0f296f4734aea
  custom:scripting/monoscript/fileName/ARKitLoader.cs: f4ada7b6eb2806c7003b98222f0df8c3 -> 9566bc0749d86b04eda11fadbc1c73e4
  custom:scripting/monoscript/fileName/InputLayoutLoader.cs: 2790ab2b9e85df4faaf2a3111622efa8 -> 7bd4a41fe0978a7843fe795393af7800
  custom:scripting/monoscript/fileName/SerializableGuidUtility.cs: 19c49e8d7012800773814fd6cca32742 -> f62b29bdf5cc1e0fde5dc6b8932184a2
  custom:scripting/monoscript/fileName/HandheldARInputDevice.cs: d0db71b60ee9773e344c65161d52b84d -> cf623326f856d46f890798f090da8267
  custom:scripting/monoscript/fileName/PlaneDiscoveryVoxelGrid.cs: ebf4ca405149dcb0f19ca286e46618b2 -> 1f783cfbbe64ae912f5eb045d33c9a08
  custom:scripting/monoscript/fileName/SimulationPlaneSubsystem.cs: e252fa1a81eb1fafb3935f0fd48863d2 -> 096fb4ec11cbc51749dd1d5c1fda06f1
  custom:scripting/monoscript/fileName/SimulationPlatformInterface.cs: b2f0093ed562d162113c3e3046bb3322 -> 467dfea23532d15e62cadc6d9ad4d822
  custom:scripting/monoscript/fileName/XRTrackedImage.cs: 5fe7de7e80cc143a0e1887369f0150b1 -> 022160c0d74b5ffbb1dbf97d0d2b98d5
  custom:scripting/monoscript/fileName/SimulationApi.cs: b581244d0bc01e49714dc5dc87b273a1 -> 21adf40359762246bb94df8af6044299
  custom:scripting/monoscript/fileName/SimulatedAnchor.cs: deb4b1b4ea0b5b45717b46128bf3c80b -> d7c4706fe01c5129f77dcfe30fb49a27
  custom:scripting/monoscript/fileName/ARBuildProcessor.cs: 8c6315e6ebe63bae1332d0acd0e1d546 -> a7261c23ed233ada246edfc8263e1e8d
  custom:scripting/monoscript/fileName/ARAnchorsChangedEventArgs.cs: 6a408abe9f1d78074059260b92d7a11c -> 840ec36d48c9fa0d79deea008dda34f8
  custom:scripting/monoscript/fileName/XRManagerUtility.cs: 83e3a21563c72b0d210253d2cd43beb7 -> 15745958511f307ac1f13ec36cf5cd91
  custom:scripting/monoscript/fileName/BakedLitGUI.cs: bd57f6c7219e0600896c58169615ac05 -> 177e461adddd174db9ebae5deafad20c
  custom:scripting/monoscript/fileName/SimulationRenderSettings.cs: 47206e8a08ff4423c81605cb70319fe9 -> ec0a4a3635bb6813cc10f0127b35c0a4
  custom:scripting/monoscript/fileName/FacesChangedEventUnitDescriptor.cs: 8f3929dfc9a4f5e1708650ce7bcf5e63 -> 16b35ff1ccfe4284f92ffef282b3d104
  custom:scripting/monoscript/fileName/TrackedImageDiscoveryParams.cs: ad551ee5c1caed5c021bbbaea5b0e07f -> 411fd1d32a742c815a7815691e28be2d
  custom:scripting/monoscript/fileName/AREditorAnalytics.cs: e49560c9c87ad607f236c54c688d9a92 -> a84946e23b56957b6c288d582ff45b2b
  custom:scripting/monoscript/fileName/ARCoreImageDatabase.cs: 889d3cee062389b0efc493e1d1aa8fd8 -> 7f7d7783973546d2000bf9aa32566b8f
  custom:scripting/monoscript/fileName/RuntimeReferenceImageLibrary.cs: de73328c0b548fd929c00f5fc8699ab1 -> 13ba3d3ddb5cda4f79e3dfa78272c794
  custom:scripting/monoscript/fileName/TrackedObjectsChangedEventUnitDescriptor.cs: 0163c317f98d1ad964c01f6a3b1d5261 -> c691683656d6e5affd4e4fff260113bf
  custom:scripting/monoscript/fileName/GetPlanesUnitDescriptor.cs: 95ccc4184b8587f7b020869d18978c79 -> 1782091b33c5cc2c806aa555a6f0dc6d
  custom:scripting/monoscript/fileName/XRRaycastHit.cs: 515acf2c1a5e8469b0596b4a1e01ead9 -> a88ce8347620d4c3d80414850d7d5d63
  custom:scripting/monoscript/fileName/ValidationUtility.cs: 8f6297df34271fdb1ce2d9607ec6261d -> 90647cc400823b41df847a6cbfc29026
  custom:scripting/monoscript/fileName/ARKitXROcclusionSubsystem.cs: 45ec96625ee0df6f6dbc885ef594facb -> 8e15bbfc2ac6e0b7dc96156a2a0c7b0f
  custom:scripting/monoscript/fileName/GetTrackablesUnit.cs: 8f6297df34271fdb1ce2d9607ec6261d -> 90647cc400823b41df847a6cbfc29026
  custom:scripting/monoscript/fileName/GetHumanBodiesUnitDescriptor.cs: a59e5cdb6a378f01fc2a9d2cfdc9720b -> bb98f10bcc48bd86c75deb3ffd682fe9
  custom:scripting/monoscript/fileName/EnvironmentScanParamsPropertyDrawer.cs: 6f3e4e1c0707af5650fd308f1c93071a -> 2121c27e40d5b2dc07799915bed0f88c
  custom:scripting/monoscript/fileName/SerializedARCollaborationData.cs: 44748a799a7aa154646c9faf03899c6c -> 88772a290c97e67dfe62fea20b494cf7
  custom:scripting/monoscript/fileName/SerializableGuid.cs: c92f832df7ff15c5d7d1b309ca51f5de -> c6fbd1c3c6155e6d798cedd295f449f8
  custom:scripting/monoscript/fileName/ARHumanBodyManager.cs: ef59e6c15f5d988755939a5705339309 -> a01c9599ce19017697d8b67aec462eed
  custom:scripting/monoscript/fileName/Promise.cs: a53f96815da50de15010b1c479bc70cf -> 0cdf409b5aa8d4c25876d72b5c6a3b60
  custom:scripting/monoscript/fileName/StringExtensions.cs: d37fcc45b35c2d005f3fedb42454a3ab -> f0c3722c98a799c9147a1cde39228468
  custom:scripting/monoscript/fileName/ARCameraManagerListener.cs: c35926dd764c90985b69627fe416fc6c -> 80b0e9f4317f6f9dd917ac0c5d6017e8
  custom:scripting/monoscript/fileName/NSEnumerator.cs: 58699e714e074b879dd0a65bf03e419d -> 7ae7a9acfc175f9850f97ed013532b28
  custom:scripting/monoscript/fileName/ARPlaneManagerListener.cs: d2635e92531ce4c21d04d57d2c465ec6 -> 98b315d4c1558a51e9dee7f4d471e92b
  custom:scripting/monoscript/fileName/TrackableManagerListener.cs: 8f6297df34271fdb1ce2d9607ec6261d -> 90647cc400823b41df847a6cbfc29026
  custom:scripting/monoscript/fileName/EnvironmentProbeParamsPropertyDrawer.cs: ce81307bc53ee3f255de563fe4160e33 -> b69aeb97d8f1fbce0ee82b217fcad039
  custom:scripting/monoscript/fileName/AROcclusionManagerEditor.cs: 446185402b663449b58c093291f2cc7d -> 213a50163ed797ad8e03c9e6f8b67ca1
  custom:scripting/monoscript/fileName/ARDebugMenu.cs: d7c1b764a9e4bd5db46c8203fdd4766a -> 20d752a03d81283598cc0d170d0f55e8
  custom:scripting/monoscript/fileName/GetEnvironmentProbesUnitDescriptor.cs: 34e957d6c8a9c23525f9ba42b5ac4515 -> 2d1247e4dadaca39713cfd4e62931661
  custom:scripting/monoscript/fileName/XROcclusionSubsystemDescriptor.cs: 43bd254944ee14fb9491aa82a16c630b -> 34debb040dd414fbd96d2015f81a50d1
  custom:scripting/monoscript/fileName/SimulationSessionSubsystem.cs: 1d91595649f5958547a75cc139744726 -> 02ddfd7d0bea7527649028640cc2256e
  custom:scripting/monoscript/fileName/SimulationXRCpuImageApi.cs: 76d95876e15bbbb411ccea951be8dbe3 -> 700dd7549aaae7becea49bd75bc9d8af
  custom:scripting/monoscript/fileName/AsyncConversion.cs: 43b1b8b9b4124831b94322220cf9a2d2 -> b1685f512b8b1f0d529bde81e584f665
  custom:scripting/monoscript/fileName/AnchorsChangedEventUnit.cs: 837a61ffa30b2d7aaa6ff1fe49693fc8 -> 842f1b72d91bd0ca5651211fbd4fcecd
  custom:scripting/monoscript/fileName/TrackableCollection.cs: a53f96815da50de15010b1c479bc70cf -> 0cdf409b5aa8d4c25876d72b5c6a3b60
  custom:scripting/monoscript/fileName/OSVersion.cs: 0e8bea21d8708c67da457f60a7fc36aa -> c26d29e3c9f69d5e80a30113ba0840c1
  custom:scripting/monoscript/fileName/HumanSegmentationDepthMode.cs: ace19f23aa76093002a3b8c4f924c63e -> 2cc38a5a6eb12727d1d2b5db6b035e77
  custom:scripting/monoscript/fileName/SimulationConstants.cs: 51022469d4daf9dda93957dcf3173dbb -> 1776b27a51e3ba9f5f60578111b7d666
  custom:scripting/monoscript/fileName/SimulationRaycasterRegistry.cs: 11533cbb79dd39b6e3bd5d5978e2438f -> 7317575bc32b9bcf7ce7e088dcf3eaa8
  custom:scripting/monoscript/fileName/EnvironmentProbesChangedEventUnit.cs: 719401a265adbf9c20c45b9067ba8fb4 -> 8488b9cae0e06c9a0a3769f58278a43b
  custom:scripting/monoscript/fileName/XRTrackedObject.cs: 885dfa6f639060e3275d11d29bdae7b2 -> eb9fb4fbc5d221a0cca8dbc198dec067
  custom:scripting/monoscript/fileName/ConfigurationChooser.cs: e5a72a5355c326e7054fe67a04bbe185 -> 2f19d59ada0b060f58a4b2e653057b25
  custom:scripting/monoscript/fileName/XRHumanBodySubsystem.cs: f69b195ed29e7ad5debe94aba17fcb4f -> 563341d34ded47eaecff3df7d3860238
  custom:scripting/monoscript/fileName/SimulationMeshSubsystem.cs: 06b350ef3b7df714d1925148de3cbf82 -> 0920f0ed5273d61df2ed94d4145e240a
  custom:scripting/monoscript/fileName/ARKitReferenceObjectLibraryBuildProcessor.cs: 7dc0c66f6c552ebd02efd6d6c6245388 -> 93b66a33e41305487df4f01f3976004f
  custom:scripting/monoscript/fileName/ARRaycastHit.cs: 85dcf912a4795bbaf8e456e16f59cef6 -> e2cf7b50af20820c044440bbe671fea9
  custom:scripting/monoscript/fileName/XRSimulationRuntimeSettingsEditor.cs: 0636a1c1c06f05999db973fa09da37b2 -> cff042d7631a9b07b2704eed98810591
  custom:scripting/monoscript/fileName/XRRaycast.cs: 48e6e0b2ef5747d8e41f29ac93751598 -> 6fff0a2e2c71494691793c44b24b33ef
  custom:scripting/monoscript/fileName/ARFacesChangedEventArgs.cs: 0ffc316c42f07e30697480d72b8c4421 -> 9f732c717790e59a35e5b58d0e7e4c9e
  custom:scripting/monoscript/fileName/XRObjectTrackingSubsystemDescriptor.cs: 592c190ed73ff3027fc430c909414307 -> 48d0e4da2ac909b4cde8bd990db1197e
  custom:scripting/monoscript/fileName/PlaneAlignment.cs: df88d8cfc6ed5e638b02cc7b1dfc5231 -> 01040ef3c3f48ab7290e1503ca6e9c28
  custom:scripting/monoscript/fileName/ARParticipantManagerListener.cs: 83b5c3e1bc84b97bd861e8b4efc977bf -> 079ff648019df37a1987f3188fa8305c
  custom:scripting/monoscript/fileName/ARTrackedObjectsChangedEventArgs.cs: 868c0814b7e11738ac0da949d99c41eb -> 5cef0e252032aa6127132df4f9a08259
  custom:scripting/monoscript/fileName/ARKitSessionDelegate.cs: e8a321db00b622a5eb6eea7bd8713b1a -> 92167da65f4a7b70b8ec22bb76b6f97d
  custom:scripting/monoscript/fileName/Plist.cs: 0efcf8a6b4514202f69aa12049135f38 -> e32bdb6a2be6b1613d7ae3f68cfd293e
  custom:scripting/monoscript/fileName/CameraFacingDirection.cs: f7b191603d60638d73d177a62c9535d6 -> 5c2cd7c674162ba6c1c854e68d5485b6
  custom:scripting/monoscript/fileName/TrackedImagesChangedEventUnitDescriptor.cs: b458be251a92f595b90384b8c1a32650 -> d74673da7a28526e165cc130f44cf3d4
  custom:scripting/monoscript/fileName/PlanesChangedEventUnit.cs: 37241fa65b6d69567e668b5c22c3a552 -> 69c0474f75a178d701cf75f614f4f69b
  custom:scripting/monoscript/fileName/XROcclusionSubsystem.cs: e7aaad50dd2eb6b566381e7cbf5acd4d -> 9309b78b853379b8deca5715c60abec1
  custom:scripting/monoscript/fileName/CameraTextureProvider.cs: 29e260565a55933050d29096de890e05 -> 58bf73b4d3fb147428b8d757c114b80a
  custom:scripting/monoscript/fileName/TrackingSubsystem.cs: 8f6297df34271fdb1ce2d9607ec6261d -> 90647cc400823b41df847a6cbfc29026
  custom:scripting/monoscript/fileName/DefaultConfigurationChooser.cs: b167998aa1bf894793508de3ecb30bbb -> f24e13f28988d14c36b0b00ad4f54d72
  custom:scripting/monoscript/fileName/XRAnchorSubsystemDescriptor.cs: b2af06f588e5327f4e48d8f36f244409 -> ccd4c47b552e574ccc238106e47b9207
  custom:scripting/monoscript/fileName/GetTrackedObjectsUnit.cs: da09bff625b2644734bf46f6729e0506 -> 4280249f6ca927a8c2ad6b94958faa2e
  custom:scripting/monoscript/fileName/ARCoreSettings.cs: f5faf1b33bcc21ef7fb8f607a68fe363 -> 40690c9c4969c061c980f80d35c3e6fb
  custom:scripting/monoscript/fileName/XRPlaneSubsystem.cs: 66f2b1a61ab0e4d99007cb1c4918f41b -> 093859ac2b6b7fc3b70fc625941bed11
  custom:scripting/monoscript/fileName/ArRecordingStatus.cs: 032c6fd681ce7a5b7fb0f3b76719b5c1 -> 1e851bf64f38781ab761ff7585b2fc01
  custom:scripting/monoscript/fileName/ACTool.cs: 5b3246cfc290b6a9f4b661193b5f95c7 -> 308bd8dc79489039ac10efca37701614
  custom:scripting/monoscript/fileName/ARKitXRPlaneSubsystem.cs: 900e5e79dda6717dc2029477b63090e8 -> f141f15b3f7016df0749d59bbaa0b821
  custom:scripting/monoscript/fileName/ConfigurationDescriptor.cs: b0ff89da49aeb89599ea722c27d3bc0b -> 9c9f98951b79f802ba978138df30fd98
  custom:scripting/monoscript/fileName/ARUsageAnalyticsArgs.cs: 84c2b0dd819e28813395731c3016222d -> 1a78eea3dbc84e2ccc5fa8e34d4b16b1
  custom:scripting/monoscript/fileName/PointCloudsChangedEventUnit.cs: 9066292d7a13cec55b95088f911f9619 -> cc2d176c6c989edaec665ec9d3f7e7f8
  custom:video-encoder-webm-vp8: eb34c28f22e8b96e1ab97ce403110664 -> 
  custom:scripting/monoscript/fileName/FaceUpdatedEventUnit.cs: e0610eb22523180a89c6db6f851a6e4c -> b9182ca96238b80df366b8fd7ed1071a
  custom:scripting/monoscript/fileName/XROriginCreateUtil.cs: b27623aad43e68d1782b867a94057e64 -> 77d1615465fcdd2d108636763b670982
  custom:scripting/monoscript/fileName/ARPoseDriver.cs: 85839b05bd456a75b69e2b90b04fc14d -> 545cfd81de869381012a18de5d48c0e5
  custom:scripting/monoscript/fileName/PlaneDetectionModeMaskAttribute.cs: 82cff11ed061014b32e2c79e783c93f5 -> 0bbecbc18207926b4ca1cfcddf7e4583
  custom:scripting/monoscript/fileName/ARCoreProjectValidationRules.cs: 66b39e72893698ba31d96f44445dc568 -> eeb621f554a206cb3c7975cb72a27397
  custom:scripting/monoscript/fileName/NSURL.cs: 7b3844902940dfd2199ebdf9fd149467 -> 6eee528143aa2d877ecdbfb27588d8ef
  custom:scripting/monoscript/fileName/GetParticipantsUnit.cs: 8c7c0515122c34d623d55e39dcbcd673 -> 1e8bf3cfdd712f1475b847bc732cf465
  custom:scripting/monoscript/fileName/EnvironmentProbesChangedEventUnitDescriptor.cs: b0bf85190e4bd783573b893a0ffe6b92 -> 1343300f682ca6bd05cf80bb33f619ba
  custom:scripting/monoscript/fileName/XRFaceSubsystemDescriptor.cs: 1eed207cc03215a5427af38c900593cc -> 710b97fcd67f6eeba4a70e6fe9fd6873
  custom:scripting/monoscript/fileName/XRHumanBodyJoint.cs: 5eb0870d17b37cebc2058e522a351232 -> 6c68fbf420e392e691815f7824b65dec
  custom:scripting/monoscript/fileName/ARParticipantManager.cs: 6bfd5629a101753696dedca74531e8cf -> f4ef5f485065ed5a1f9fc8a8ac0a77f4
  custom:scripting/monoscript/fileName/SimulationEnvironmentLayerNameCheck.cs: a9b311c6909d5e17466ae7a390a55279 -> 7b89f96d2b3b248e712f706d4fb18388
  custom:scripting/monoscript/fileName/ARFaceListener.cs: a889903032a92a73b65fb2ef93e1931f -> 97b8675b2524adc6fbd2c91f18f87e69
  custom:audio-decoder-ogg-vorbis: bf7c407c2cedff20999df2af8eb42d56 -> 
  custom:scripting/monoscript/fileName/ARKitLoaderSettings.cs: 72209ffaf913b4925149d741dd085ccc -> d83572ff51089ed09dfd27bdeb2d492e
  custom:scripting/monoscript/fileName/ARTrackedImageManagerListener.cs: 159ba223a3c7020c92aae93ec2752e0f -> 1d4ffeb9725d65a2fd148bfdbfe6dd77
  custom:scripting/monoscript/fileName/ARCollaborationData.cs: 31701ab0d2fb01830864232d1c5dfc75 -> b720af7da1c38b4a15a7edcd5d57aad5
  custom:scripting/monoscript/fileName/ARKitReferenceImageLibraryBuildProcessor.cs: c39385c0db5c16c423a14d5f44b786db -> 6206184ff51fdbb59444c7686bf1d502
  custom:scripting/monoscript/fileName/ARPlaneMeshVisualizer.cs: a7f8fd825c4284edc856399759e294b7 -> cec119a9873bc636b670ed4e3511b40d
  custom:scripting/monoscript/fileName/MemoryLayout.cs: d64e89d6aa28850062c607190c7de949 -> 208b49c4a6462b579f74c37c3850b6b8
  custom:scripting/monoscript/fileName/DefaultARKitSessionDelegate.cs: 1f97108e842dd40a4da2711808ddf7c6 -> b256ddd30ccb65d7345ca2780668fa00
  custom:scripting/monoscript/fileName/ARCameraBackgroundRenderingUtils.cs: ca561b5ddf2421071ddabb655c1f413d -> 34ef7588647d3dd73434ccb9b87a1f19
  custom:scripting/monoscript/fileName/ARKitAnchorSubsystem.cs: 43385bb2b6d2ad8c62985d75b861f60a -> acf2c2f617175e55839b7d99f11160fa
  custom:scripting/monoscript/fileName/SessionStateChangedEventUnit.cs: a32fdef75ed22f0bc60c19fb1bfe4b6b -> 203e8bd9889847cd98c0ee5883890b76
  custom:scripting/monoscript/fileName/AROcclusionFrameEventArgs.cs: d15afd66832b53340c4d7e95de99139e -> e033af903cb0acd46ff4849f39e42826
  custom:scripting/monoscript/fileName/XRCameraFrameExifData.cs: 60bfaf04387a6974faf2677ae37949be -> 296066383e8bd26fe716e5135e1f94ba
  custom:scripting/monoscript/fileName/ARCameraManager.cs: 250c5b2509c7c5827706740888c54f61 -> 2c59209fbd293d5b87f49f80cd406ed5
  custom:scripting/monoscript/fileName/TrackableId.cs: a7502eda1cb19796668c1a5ff12fedbc -> e3b94fc1f69378334cebd8235dfb0db3
  custom:scripting/monoscript/fileName/EnvironmentScanParams.cs: b337ef29732d6ce4367b370d9f2b0249 -> 3807e1832246946c609b8dac37a129a5
  custom:scripting/monoscript/fileName/SessionAvailability.cs: 85cb36bedbb58361f82bfb3cc5767d0e -> aba22cb76004750d18e78922fdc67970
  custom:scripting/monoscript/fileName/Configuration.cs: 70ca0ddf7e45df3d76161a400debebe5 -> e1f88d5c26e809ccbf42081e8154788a
  custom:scripting/monoscript/fileName/LoaderUtility.cs: 4287fda26799553296f5a258d8f8b9e2 -> 76be9f8ad104289b5d0e00a2d37b66ff
  custom:scripting/monoscript/fileName/SceneUtils.cs: 3eb8b258ecee6903145d44c8e8f04c4a -> e4139b47c22b93ba62168857ee624426
  custom:scripting/monoscript/fileName/ARKitBlendShapeCoefficient.cs: 111311d1e30ba2ef4a5f40fd052ec27a -> 2662429e57f8b429b2d2195362d507ba
  custom:scripting/monoscript/fileName/SimulationCameraSubsystem.cs: ed773e7d80c93b824cd4b3a480cdc67c -> 711a3572aaeec67b947eb488e6f8deb9
  custom:scripting/monoscript/fileName/SimulationRuntimeImageLibrary.cs: 480fdd6eadb26d7bf151c5301acbec8d -> 7f44de255eed0801113cc3032556671b
  custom:scripting/monoscript/fileName/ARWorldMapRequest.cs: 7cb813e51d8f19a965b11753ec791011 -> fec2d159e737171beafd9e9ef3a149f0
  custom:scripting/monoscript/fileName/ARKitSettings.cs: 90d1c724e4e69882d455e98a152a490a -> 2e6831a5464c7730d88b18adacbff2e7
  custom:scripting/monoscript/fileName/SerializableGuidUtil.cs: 0278c8e1a11fd598de036fa27710f341 -> 301b8bc5f1c67ccc31545d311cc07034
  custom:scripting/monoscript/fileName/CpuImageFormat.cs: fb62f91fefe52ee8bc186b553dad161f -> f9e3d836e01441e4d5032a41cc87117d
  custom:scripting/monoscript/fileName/PlayModeHook.cs: d6ebc90c27482bb2a220f4a44d8bcad6 -> 45f6e3650bb12b29d48e638494c824b1
  custom:scripting/monoscript/fileName/CameraTextureFrameEventArgs.cs: bfe552b1d1f416e9940a19d4d9a81457 -> 9e9c5049bacf17431910a1cc514cf23b
  custom:scripting/monoscript/fileName/CreateUtils.cs: d2ea95e04ec21db80d22afa3d2191cf3 -> b981668764c459e615a9324c0616f22f
  custom:scripting/monoscript/fileName/XRReferenceImageLibrary.cs: 0b6c9fa1e73f2852442079604408bab6 -> c31b82edc9c57630b8224fbfaf6e4f46
  custom:scripting/monoscript/fileName/AREditorAnalyticsEvent.cs: 8f6297df34271fdb1ce2d9607ec6261d -> 90647cc400823b41df847a6cbfc29026
  custom:scripting/monoscript/fileName/ARAnchorManagerListener.cs: d22cd5625a9ce76be6696c141c544bc4 -> 98ed6a23892816346851b2846ea5255f
  custom:scripting/monoscript/fileName/ARObjectImporter.cs: 15062576d80c11b958043329cea87144 -> 12ea4b768b87597d1049ad6a6e22535f
  custom:scripting/monoscript/fileName/CameraFrameReceivedEventUnitDescriptor.cs: 4907158fc10eeb0382ef697dc023a10c -> 78c93c920b87955ccc84ecb5df0d0d48
  custom:scripting/monoscript/fileName/XRImageTrackingSubsystem.cs: 87450969c3fc9b9f6c59bc7d5e7f23a2 -> 7829a4ccccda0643ef676711c10f6be7
  custom:scripting/monoscript/fileName/ARAnchor.cs: 10dc7c49a6df4ba95ad4f91d64cc60e5 -> c3f780b2cf86850afd21e0595aeb6153
  custom:scripting/monoscript/fileName/IRaycaster.cs: 56c9b3957b8cb014578658e36f6df7e2 -> 5544c70d7608100035623d6616577bce
  custom:scripting/monoscript/fileName/ARReferenceImage.cs: e0c2c3949c8d81bfe5bd75bd7dab32d5 -> d2b289b553abce0b157f78ade4b7160a
  custom:scripting/monoscript/fileName/FacesChangedEventUnit.cs: 8eb4a651626c4a73af6f558f51764455 -> 0c38f5239a957c3dd316726de5cf090d
  custom:scripting/monoscript/fileName/SimulationTrackedImageDiscoverer.cs: bb5059b8f59f4481884f66368f39d920 -> 322c3d9c38620584714a2dca426dfe11
  custom:scripting/monoscript/fileName/ArConfig.cs: 9214aabfee0bfbda8525dccc3e5d56e9 -> 3fcec3d7584809d01b43e09f93c614f3
  custom:scripting/monoscript/fileName/XRObjectTrackingSubsystem.cs: 9f49a9bb21b2ff38966ab5db17ba3979 -> 0e083c5ecef7ada9d8399cfff9ca4119
  custom:scripting/monoscript/fileName/PlaneDetectionModeAttributeDrawer.cs: a492fa1f9808bc16aca97421dd6adf7d -> e04c0c448b856ab94f60c56be7751fc6
  custom:scripting/monoscript/fileName/EditorSimulationSceneManager.cs: 3f5262c3c04a2a715ab61809afc82f9f -> bc844af3595566df156e7b0f9a388e3f
  custom:scripting/monoscript/fileName/GetPointCloudsUnit.cs: ce6413cf736d22a24900bbe014050e3c -> 87bea73b9d28ebfd6738b5513787e243
  custom:scripting/monoscript/fileName/XRCameraSubsystem.cs: cb95d4eb707502a2411819409d27c3c3 -> 64b91600ca012c04444b44a811377b19
  custom:scripting/monoscript/fileName/NativeCopyUtility.cs: a5c5b4ed258c4d1584ac0966dfba6ec5 -> 56827e9f3645a7dc548850dac2be1d04
  custom:scripting/monoscript/fileName/ARSessionOrigin.cs: 3a96fdd7acea7f9ce9d25edeb43506cd -> 4f429473de483e9c426288e110976703
  custom:scripting/monoscript/fileName/XRReferenceObjectLibraryEditor.cs: fe4efbc4499b154e169dd174593585bf -> 04aef79447a61f5b4ed9abf8aafb4c20
  custom:scripting/monoscript/fileName/ARPlane.cs: 7a4ed0d9b1251b83d517632e628c91bc -> b53859bb2a6098ae6bf42116c3675d9b
  custom:scripting/monoscript/fileName/SimulationXRayManager.cs: 97c45a7e76f6b8b61c06710b426d797e -> 6f4d5afe290867abd4ece4c454d593a3
  custom:scripting/monoscript/fileName/ARRaycastManager.cs: 975acee1b9755bee68bc0ddf77cfb19e -> fca1facaff445909873206e9b5d2f2d0
  custom:scripting/monoscript/fileName/ARCoreFaceRegionData.cs: 4133acd5877a5cc16e895939fea2539e -> c3e1f4c128987c270a2af588eecf348c
  custom:scripting/monoscript/fileName/ARKitXRObjectTrackingSubsystem.cs: e42b227ac793c63b70b34714a4d2557d -> afa118c408f289b1194863e0620d7c89
  custom:scripting/monoscript/fileName/NSObject.cs: a42374e7c8b3a61ee2cbb18ece0b4965 -> 47a68035f42526503e5cfe852ae2787e
  custom:scripting/monoscript/fileName/GetRaycastsUnit.cs: e6b09aad7404d31bc9ef994e3905b182 -> 9e328bd62bdf24a049b4e5fc62bb8d4f
  custom:scripting/monoscript/fileName/XRSimulationSettingsEditor.cs: 4290b021f4fb080215cb676ffd676b61 -> c07202acde2aca175b9a6571f2e716f7
  custom:scripting/monoscript/fileName/AsyncConversionStatus.cs: d5dc832e9d56a8df2313cd78aac26e95 -> fc109f05ccdd7ee38c25be79c450abcf
  custom:scripting/monoscript/fileName/ARKitPackageMetadata.cs: ab44de81312e141586daf1051c0c7bac -> a48c5ac3d437f3a26f1015c7663ff8d3
  custom:scripting/monoscript/fileName/ManagedImageReference.cs: dc25faca9b63b753184ba5718d1ccafb -> 172aecc70030141966d1673636bf2adb
  custom:scripting/monoscript/fileName/ARHumanBodiesChangedEventArgs.cs: 6336d1574359043c615c726f0bdaf4cd -> b16d1eaadd15193ab95b7e7e840c8c69
  custom:scripting/monoscript/fileName/BoundedPlane.cs: 010a4481814534175ab5eca197b799b8 -> d01a39a8f14ce6d9a10a8e338f8b7835
  custom:scripting/monoscript/fileName/XREnvironmentViewUtilities.cs: 5d958c99c4b0f732d02f4992668ff558 -> 331fc0a8ab2668403705b58d7fab9f3e
  custom:audio-encoder-webm-vorbis: bf7c407c2cedff20999df2af8eb42d56 -> 
  custom:scripting/monoscript/fileName/Constants.cs: da259161e0df6d3e9f832f24effab774 -> 75be6823bea7bba4b20fd83fa3214be7
  custom:scripting/monoscript/fileName/ITrackable.cs: 607f1bb31ad4047d47835e248a1c4633 -> 6abfbc2d1fcb9b9add0e1f882a81c1c7
  custom:scripting/monoscript/fileName/TrackedImagesChangedEventUnit.cs: 594dcd12538a7eb7b53edb35aedecdf3 -> 2780447b4dc40d05bc1855eb90e9263f
  custom:scripting/monoscript/fileName/XcodeAssetCatalog.cs: 3faf788f0935854cd964812234d5cc32 -> 8c659c67703d125b0b61ba1cf9ce18bc
  custom:scripting/monoscript/fileName/ARCoreApi.cs: 062cbfce966d12bf0645de352d89d8dc -> b7be0b56411f0cdcb6a1075249abb802
  custom:scripting/monoscript/fileName/ARCorePermissionManager.cs: 61c34736ab5e0806600970ea6e3d0cec -> 532f7d03090ae14ae9bbbd403c359df8
  custom:scripting/monoscript/fileName/ARCoreImageLibraryBuildProcessor.cs: e14a46701fdc32fc438147a120adadd1 -> 3f33f565654fcd80e4aa61a92c2169a1
  custom:scripting/monoscript/fileName/SimulationImageInfo.cs: 46db4ffb8f32977ae8b3575a646619b8 -> 0ccf8345ef98951f3cffa3f08beb870c
  custom:scripting/monoscript/fileName/ARFaceManagerListener.cs: 1cba43fc25068cf0e76adbb63be1d9bc -> 9447eba9842f296456013220c84874c3
  custom:scripting/monoscript/fileName/ARCollaborationDataBuilder.cs: 4792c90e4738be9895bcf48c20ef13e7 -> 20629fed665cfc3003083add96036680
  custom:scripting/monoscript/fileName/DiscoveredPlane.cs: 0b2b6e7aa2f908b8922aa4969c9fb42b -> 1839e2b8d7642e6a56b670bbadf7d6b0
  custom:scripting/monoscript/fileName/PoseUtils.cs: 2f0f292929c64abdc6dbfda0deb871a4 -> 349f061c3ea63270a80519473ada5150
  custom:scripting/monoscript/fileName/GetParticipantsUnitDescriptor.cs: ecca0f2754b87552a24b8a464acb370c -> 6f93687e0466597b8a59c9007b9cb4c3
  custom:scripting/monoscript/fileName/SimulationLoader.cs: ae6d8ff1286e48b6c7bcf9a3b2d323e1 -> f321d85f2e4780c8119d2e21fc538467
  custom:scripting/monoscript/fileName/ARCoreCpuImageApi.cs: 0af1ea7ba6bb1708ffeea44b6ff20561 -> 7e0d7ea0378a04357bca45463bebfe57
  custom:scripting/monoscript/fileName/ARParticipant.cs: c28828534593bb51b7091d9023708308 -> f683d8d8dec771a8931ad627bdcebdc2
  custom:scripting/monoscript/fileName/ARPointCloudManager.cs: 75b5cc01c6ca44c570ecab54a47005e7 -> 388b87647138632d19ebe1dd47756056
  custom:scripting/monoscript/fileName/Class.cs: e9bb54b19c82b2883fe347f7245a7e9a -> 3c64dd8d831d661c84a0cc416ae1ccd4
  custom:scripting/monoscript/fileName/CameraBackgroundRenderingMode.cs: ad86b155ac21d8af5d7d738423115c01 -> 1aca6d697a44c28d351d68d5cc88333d
  custom:scripting/monoscript/fileName/XREnvironmentProbeSubsystemDescriptor.cs: c4efca20a69d085647abe7df8d699c3d -> 6d0989995bfd13831fe7436c1857de37
  custom:scripting/monoscript/fileName/XRImageTrackingSubsystemDescriptor.cs: 1eb750f40d0f0cdbd1a4febf5f5c4e76 -> 3c407f896fdba2de2933595e2d01116c
  custom:scripting/monoscript/fileName/ARParticipantsChangedEventArgs.cs: 870f35637a18c1152309004219f29ce2 -> dd53b670cb1cac889ef41a7a4c8c5f55
  custom:scripting/monoscript/fileName/GetHumanBodiesUnit.cs: 568f3931a8ada6f2ef9c7cd3e726241d -> e01db5d1eaee1a711363e99dc9fa8b98
  custom:scripting/monoscript/fileName/GetRaycastsUnitDescriptor.cs: 20306b9106ad51504afc0c186a30b7d2 -> 48d42032212b8e9f1b36b7bbf990be04
  custom:scripting/monoscript/fileName/XRFace.cs: 51b2d601c4493fc17f5f94fc01fd24d4 -> fc74c5c9c10c84e43dc79a564c0e3066
  custom:scripting/monoscript/fileName/SimulationSessionAnalyticsArgs.cs: 871508fe1088cca3c046e8c549dd1f20 -> 078abe4bfc81a75769093b632264aa4c
  custom:scripting/monoscript/fileName/ARKitWhiteBalanceGains.cs: 030c7af29441f708b298b6c48d24a59c -> 6bb317a65418adeb068551a0f3277609
  custom:scripting/monoscript/fileName/GetEnvironmentProbesUnit.cs: 4cf8ac26e22f38ab5fc1d23c0964635a -> b554af83d231ce0a470c8a2366fcd6f2
  custom:scripting/monoscript/fileName/SimulationAnchorParams.cs: 80ff7caaf795510ebb820b4d56af665a -> 4137fe2694314c902f5d66f8f50c305e
  custom:scripting/monoscript/fileName/ARKitBuildProcessor.cs: bf4e8bfb7aae1b5034c43925af71bb3d -> fb4696d7a9eb7f16f564442398f5e730
  custom:scripting/monoscript/fileName/AREnvironmentProbeManager.cs: 78a4aeba2352783d13e0ccf588fd67cc -> 71a4dc22fd53f24ee05667ed7d6a2446
  custom:scripting/monoscript/fileName/ARFace.cs: 5d4622b1e36020d427841d4032ab8103 -> 59f2f841b672e84c40b075fb8a7d2199
  custom:scripting/monoscript/fileName/Api.cs: 43b1b8b9b4124831b94322220cf9a2d2 -> b1685f512b8b1f0d529bde81e584f665
  custom:scripting/monoscript/fileName/SimulatedBoundedPlane.cs: 73ec7f962e096614708360cb97922b9e -> 4823976364680bc283a7d3c12d207e64
  custom:scripting/monoscript/fileName/ParticipantsChangedEventUnit.cs: 8b4f93fff96afa8c42e1bbc2e65ba952 -> 7d16cb9a10648cf0862f684fc26fe981
  custom:scripting/monoscript/fileName/ARHumanBodyManagerListener.cs: 8c051334b3e86474e66f02b086e48ede -> ea7b8cc3ef8a2a7d86cdde359939efc1
Editor requested this worker to shutdown with reason: Scaling down because of idle timeout
TcpMessagingSession - receive error: operation aborted. errorcode: 995, details: The I/O operation has been aborted because of either a thread exit or an application request.
AssetImportWorker is now disconnected from the server
Process exiting
Exiting without the bug reporter. Application will terminate with return code 0